[ 2017-11-20T09:57:24+08:00 ] 112.97.55.9 /shop3.6/
INFO: [ app_init ] --START--
INFO: Run Behavior\BuildLiteBehavior [ RunTime:0.000050s ]
INFO: [ app_init ] --END-- [ RunTime:0.001207s ]
INFO: [ app_begin ] --START--
INFO: Run Behavior\ReadHtmlCacheBehavior [ RunTime:0.001751s ]
INFO: [ app_begin ] --END-- [ RunTime:0.002019s ]
SQL: SHOW COLUMNS FROM `shop_goods` [ RunTime:0.0041s ]
SQL: SELECT `goodsId`,`goods_name`,`goods_sn`,`shop_price`,`goods_status`,`goods_unit`,`goods_classify`,`img_path`,`thumb_path`,`create_time` FROM `shop_goods` LIMIT 10   [ RunTime:0.0007s ]
NOTIC: [4096] Object of class Home\Controller\IndexController could not be converted to string C:\wampc\www\shop3.6\Application\Home\Controller\IndexController.class.php 第 9 行.
SQL: SELECT `goodsId`,`goods_name`,`goods_sn`,`shop_price`,`goods_status`,`goods_unit`,`goods_classify`,`img_path`,`thumb_path`,`create_time` FROM `shop_goods` WHERE `goods_classify` = '生鲜' LIMIT 10   [ RunTime:0.0006s ]
NOTIC: [4096] Object of class Home\Controller\IndexController could not be converted to string C:\wampc\www\shop3.6\Application\Home\Controller\IndexController.class.php 第 10 行.
INFO: [ view_parse ] --START--
INFO: [ template_filter ] --START--
INFO: Run Behavior\ContentReplaceBehavior [ RunTime:0.000295s ]
INFO: [ template_filter ] --END-- [ RunTime:0.000548s ]
NOTIC: [8] Undefined variable: Goods C:\wampc\www\shop3.6\Application\Runtime\Cache\Home\4ff1c5b8284f90a50fd957ef30c3e1de.php 第 130 行.
INFO: Run Behavior\ParseTemplateBehavior [ RunTime:0.037693s ]
INFO: [ view_parse ] --END-- [ RunTime:0.037943s ]
INFO: [ view_filter ] --START--
INFO: Run Behavior\WriteHtmlCacheBehavior [ RunTime:0.001112s ]
INFO: [ view_filter ] --END-- [ RunTime:0.001303s ]
INFO: [ app_end ] --START--
INFO: Run Behavior\ShowPageTraceBehavior [ RunTime:0.001198s ]
INFO: [ app_end ] --END-- [ RunTime:0.001398s ]

[ 2017-11-20T09:57:34+08:00 ] 223.167.152.125 /shop3.6/
INFO: [ app_init ] --START--
INFO: Run Behavior\BuildLiteBehavior [ RunTime:0.000048s ]
INFO: [ app_init ] --END-- [ RunTime:0.000691s ]
INFO: [ app_begin ] --START--
INFO: Run Behavior\ReadHtmlCacheBehavior [ RunTime:0.000841s ]
INFO: [ app_begin ] --END-- [ RunTime:0.001086s ]
SQL: SHOW COLUMNS FROM `shop_goods` [ RunTime:0.0040s ]
SQL: SELECT `goodsId`,`goods_name`,`goods_sn`,`shop_price`,`goods_status`,`goods_unit`,`goods_classify`,`img_path`,`thumb_path`,`create_time` FROM `shop_goods` LIMIT 10   [ RunTime:0.0006s ]
NOTIC: [4096] Object of class Home\Controller\IndexController could not be converted to string C:\wampc\www\shop3.6\Application\Home\Controller\IndexController.class.php 第 9 行.
SQL: SELECT `goodsId`,`goods_name`,`goods_sn`,`shop_price`,`goods_status`,`goods_unit`,`goods_classify`,`img_path`,`thumb_path`,`create_time` FROM `shop_goods` WHERE `goods_classify` = '生鲜' LIMIT 10   [ RunTime:0.0005s ]
NOTIC: [4096] Object of class Home\Controller\IndexController could not be converted to string C:\wampc\www\shop3.6\Application\Home\Controller\IndexController.class.php 第 10 行.
INFO: [ view_parse ] --START--
INFO: [ template_filter ] --START--
INFO: Run Behavior\ContentReplaceBehavior [ RunTime:0.000293s ]
INFO: [ template_filter ] --END-- [ RunTime:0.000545s ]
NOTIC: [8] Undefined variable: Goods C:\wampc\www\shop3.6\Application\Runtime\Cache\Home\4ff1c5b8284f90a50fd957ef30c3e1de.php 第 130 行.
INFO: Run Behavior\ParseTemplateBehavior [ RunTime:0.036289s ]
INFO: [ view_parse ] --END-- [ RunTime:0.036560s ]
INFO: [ view_filter ] --START--
INFO: Run Behavior\WriteHtmlCacheBehavior [ RunTime:0.000681s ]
INFO: [ view_filter ] --END-- [ RunTime:0.000890s ]
INFO: [ app_end ] --START--
INFO: Run Behavior\ShowPageTraceBehavior [ RunTime:0.000767s ]
INFO: [ app_end ] --END-- [ RunTime:0.000968s ]

[ 2017-11-20T09:57:39+08:00 ] 112.97.55.9 /shop3.6/Goods/getGoodsDetails.html?id=10
INFO: [ app_init ] --START--
INFO: Run Behavior\BuildLiteBehavior [ RunTime:0.000049s ]
INFO: [ app_init ] --END-- [ RunTime:0.000703s ]
INFO: [ app_begin ] --START--
INFO: Run Behavior\ReadHtmlCacheBehavior [ RunTime:0.001030s ]
INFO: [ app_begin ] --END-- [ RunTime:0.001347s ]

[ 2017-11-20T09:57:39+08:00 ] 112.97.55.9 /shop3.6/Index/login.html
INFO: [ app_init ] --START--
INFO: Run Behavior\BuildLiteBehavior [ RunTime:0.000048s ]
INFO: [ app_init ] --END-- [ RunTime:0.000643s ]
INFO: [ app_begin ] --START--
INFO: Run Behavior\ReadHtmlCacheBehavior [ RunTime:0.000774s ]
INFO: [ app_begin ] --END-- [ RunTime:0.001008s ]
INFO: [ view_parse ] --START--
INFO: [ template_filter ] --START--
INFO: Run Behavior\ContentReplaceBehavior [ RunTime:0.000588s ]
INFO: [ template_filter ] --END-- [ RunTime:0.000835s ]
INFO: Run Behavior\ParseTemplateBehavior [ RunTime:0.013712s ]
INFO: [ view_parse ] --END-- [ RunTime:0.013945s ]
INFO: [ view_filter ] --START--
INFO: Run Behavior\WriteHtmlCacheBehavior [ RunTime:0.000566s ]
INFO: [ view_filter ] --END-- [ RunTime:0.000790s ]
INFO: [ app_end ] --START--
INFO: Run Behavior\ShowPageTraceBehavior [ RunTime:0.000828s ]
INFO: [ app_end ] --END-- [ RunTime:0.001078s ]

[ 2017-11-20T09:57:50+08:00 ] 112.65.193.15 /shop3.6/Index/login.html
INFO: [ app_init ] --START--
INFO: Run Behavior\BuildLiteBehavior [ RunTime:0.000045s ]
INFO: [ app_init ] --END-- [ RunTime:0.000594s ]
INFO: [ app_begin ] --START--
INFO: Run Behavior\ReadHtmlCacheBehavior [ RunTime:0.001077s ]
INFO: [ app_begin ] --END-- [ RunTime:0.001305s ]
INFO: [ view_parse ] --START--
INFO: [ template_filter ] --START--
INFO: Run Behavior\ContentReplaceBehavior [ RunTime:0.000185s ]
INFO: [ template_filter ] --END-- [ RunTime:0.000388s ]
INFO: Run Behavior\ParseTemplateBehavior [ RunTime:0.008106s ]
INFO: [ view_parse ] --END-- [ RunTime:0.008330s ]
INFO: [ view_filter ] --START--
INFO: Run Behavior\WriteHtmlCacheBehavior [ RunTime:0.000454s ]
INFO: [ view_filter ] --END-- [ RunTime:0.000657s ]
INFO: [ app_end ] --START--
INFO: Run Behavior\ShowPageTraceBehavior [ RunTime:0.000686s ]
INFO: [ app_end ] --END-- [ RunTime:0.000890s ]

[ 2017-11-20T09:58:15+08:00 ] 112.97.55.9 /shop3.6/Home/Login/checkUser
INFO: [ app_init ] --START--
INFO: Run Behavior\BuildLiteBehavior [ RunTime:0.000041s ]
INFO: [ app_init ] --END-- [ RunTime:0.000590s ]
INFO: [ app_begin ] --START--
INFO: Run Behavior\ReadHtmlCacheBehavior [ RunTime:0.000689s ]
INFO: [ app_begin ] --END-- [ RunTime:0.000889s ]
SQL: SHOW COLUMNS FROM `shop_user` [ RunTime:0.0080s ]
NOTIC: [8] Undefined index: validate C:\wampc\www\shop3.6\ThinkPHP\Library\Think\Model.class.php 第 1185 行.
NOTIC: [8] Undefined index: auto C:\wampc\www\shop3.6\ThinkPHP\Library\Think\Model.class.php 第 1128 行.
SQL: SELECT `id`,`accounts`,`state` FROM `shop_user` WHERE `accounts` = 'zxzx' AND `password` = '601f1889667efaebb33b8c12572835da3f027f78' LIMIT 1   [ RunTime:0.0053s ]
SQL: UPDATE `shop_user` SET `last_login_time`='2017-11-20 09:58:15',`last_login_ip`='112.97.55.9',`login_count`=login_count+1 WHERE `id` = 13 [ RunTime:0.0166s ]
INFO: [ app_end ] --START--
INFO: Run Behavior\ShowPageTraceBehavior [ RunTime:0.000931s ]
INFO: [ app_end ] --END-- [ RunTime:0.001159s ]

[ 2017-11-20T09:58:15+08:00 ] 112.97.55.9 /shop3.6/Index/index.html
INFO: [ app_init ] --START--
INFO: Run Behavior\BuildLiteBehavior [ RunTime:0.000047s ]
INFO: [ app_init ] --END-- [ RunTime:0.000580s ]
INFO: [ app_begin ] --START--
INFO: Run Behavior\ReadHtmlCacheBehavior [ RunTime:0.000706s ]
INFO: [ app_begin ] --END-- [ RunTime:0.000927s ]
SQL: SHOW COLUMNS FROM `shop_goods` [ RunTime:0.0039s ]
SQL: SELECT `goodsId`,`goods_name`,`goods_sn`,`shop_price`,`goods_status`,`goods_unit`,`goods_classify`,`img_path`,`thumb_path`,`create_time` FROM `shop_goods` LIMIT 10   [ RunTime:0.0004s ]
NOTIC: [4096] Object of class Home\Controller\IndexController could not be converted to string C:\wampc\www\shop3.6\Application\Home\Controller\IndexController.class.php 第 9 行.
SQL: SELECT `goodsId`,`goods_name`,`goods_sn`,`shop_price`,`goods_status`,`goods_unit`,`goods_classify`,`img_path`,`thumb_path`,`create_time` FROM `shop_goods` WHERE `goods_classify` = '生鲜' LIMIT 10   [ RunTime:0.0003s ]
NOTIC: [4096] Object of class Home\Controller\IndexController could not be converted to string C:\wampc\www\shop3.6\Application\Home\Controller\IndexController.class.php 第 10 行.
INFO: [ view_parse ] --START--
INFO: [ template_filter ] --START--
INFO: Run Behavior\ContentReplaceBehavior [ RunTime:0.000262s ]
INFO: [ template_filter ] --END-- [ RunTime:0.000489s ]
NOTIC: [8] Undefined variable: Goods C:\wampc\www\shop3.6\Application\Runtime\Cache\Home\4ff1c5b8284f90a50fd957ef30c3e1de.php 第 130 行.
INFO: Run Behavior\ParseTemplateBehavior [ RunTime:0.049540s ]
INFO: [ view_parse ] --END-- [ RunTime:0.049761s ]
INFO: [ view_filter ] --START--
INFO: Run Behavior\WriteHtmlCacheBehavior [ RunTime:0.000608s ]
INFO: [ view_filter ] --END-- [ RunTime:0.000820s ]
INFO: [ app_end ] --START--
INFO: Run Behavior\ShowPageTraceBehavior [ RunTime:0.000710s ]
INFO: [ app_end ] --END-- [ RunTime:0.000908s ]

[ 2017-11-20T09:58:23+08:00 ] 112.97.55.9 /shop3.6/Goods/getGoodsDetails.html?id=9
INFO: [ app_init ] --START--
INFO: Run Behavior\BuildLiteBehavior [ RunTime:0.000047s ]
INFO: [ app_init ] --END-- [ RunTime:0.000587s ]
INFO: [ app_begin ] --START--
INFO: Run Behavior\ReadHtmlCacheBehavior [ RunTime:0.000732s ]
INFO: [ app_begin ] --END-- [ RunTime:0.000959s ]
SQL: SHOW COLUMNS FROM `shop_goods` [ RunTime:0.0024s ]
SQL: SELECT shop_goods.goodsId,shop_goods.goods_name,shop_goods.img_path,shop_goods.thumb_path,shop_goods.goods_sn,shop_goods.carriage,shop_goods.shop_price,shop_goods.goods_stock,shop_goods.goods_unit,shop_goods.goods_info,shop_goods.goods_classify,shop_goods.goods_status,shop_goods.goods_recommend,shop_goods.goods_competitive,shop_goods.new_product,shop_goods.hot_cakes,shop_goods_extend.goods_describe FROM `shop_goods` LEFT JOIN shop_goods_extend ON shop_goods.goodsId=shop_goods_extend.goodsId  WHERE shop_goods.goodsId = '9' LIMIT 1   [ RunTime:0.0059s ]
NOTIC: [4096] Object of class Home\Controller\GoodsController could not be converted to string C:\wampc\www\shop3.6\Application\Home\Controller\GoodsController.class.php 第 25 行.
INFO: [ view_parse ] --START--
INFO: [ template_filter ] --START--
INFO: Run Behavior\ContentReplaceBehavior [ RunTime:0.000253s ]
INFO: [ template_filter ] --END-- [ RunTime:0.000481s ]
INFO: Run Behavior\ParseTemplateBehavior [ RunTime:0.016064s ]
INFO: [ view_parse ] --END-- [ RunTime:0.016352s ]
INFO: [ view_filter ] --START--
INFO: Run Behavior\WriteHtmlCacheBehavior [ RunTime:0.000686s ]
INFO: [ view_filter ] --END-- [ RunTime:0.000900s ]
INFO: [ app_end ] --START--
INFO: Run Behavior\ShowPageTraceBehavior [ RunTime:0.000813s ]
INFO: [ app_end ] --END-- [ RunTime:0.001023s ]

[ 2017-11-20T09:58:47+08:00 ] 112.97.55.9 /shop3.6/Home/Order/check_order_info?id=9&number=1
INFO: [ app_init ] --START--
INFO: Run Behavior\BuildLiteBehavior [ RunTime:0.000044s ]
INFO: [ app_init ] --END-- [ RunTime:0.000636s ]
INFO: [ app_begin ] --START--
INFO: Run Behavior\ReadHtmlCacheBehavior [ RunTime:0.000702s ]
INFO: [ app_begin ] --END-- [ RunTime:0.000907s ]
SQL: SHOW COLUMNS FROM `shop_goods` [ RunTime:0.0021s ]
SQL: SELECT `goodsId`,`goods_name`,`thumb_path`,`carriage`,`shop_price`,`goods_stock`,`goods_unit`,`goods_info`,`goods_classify` FROM `shop_goods` WHERE `goodsId` = 9 LIMIT 1   [ RunTime:0.0003s ]
NOTIC: [4096] Object of class Home\Controller\OrderController could not be converted to string C:\wampc\www\shop3.6\Application\Home\Controller\OrderController.class.php 第 26 行.
INFO: [ view_parse ] --START--
INFO: [ template_filter ] --START--
INFO: Run Behavior\ContentReplaceBehavior [ RunTime:0.000667s ]
INFO: [ template_filter ] --END-- [ RunTime:0.000887s ]
INFO: Run Behavior\ParseTemplateBehavior [ RunTime:0.016614s ]
INFO: [ view_parse ] --END-- [ RunTime:0.016823s ]
INFO: [ view_filter ] --START--
INFO: Run Behavior\WriteHtmlCacheBehavior [ RunTime:0.000499s ]
INFO: [ view_filter ] --END-- [ RunTime:0.000795s ]
INFO: [ app_end ] --START--
INFO: Run Behavior\ShowPageTraceBehavior [ RunTime:0.000664s ]
INFO: [ app_end ] --END-- [ RunTime:0.000867s ]

[ 2017-11-20T09:58:48+08:00 ] 112.97.55.9 /shop3.6/Home/Address/getList
INFO: [ app_init ] --START--
INFO: Run Behavior\BuildLiteBehavior [ RunTime:0.000048s ]
INFO: [ app_init ] --END-- [ RunTime:0.000608s ]
INFO: [ app_begin ] --START--
INFO: Run Behavior\ReadHtmlCacheBehavior [ RunTime:0.000731s ]
INFO: [ app_begin ] --END-- [ RunTime:0.000921s ]
SQL: SHOW COLUMNS FROM `shop_address` [ RunTime:0.0027s ]
SQL: SELECT `id`,`uid`,`name`,`phone`,`address`,`tab`,`create_time` FROM `shop_address` WHERE `uid` = 13 ORDER BY `create_time` DESC LIMIT 0,5   [ RunTime:0.0070s ]
SQL: SELECT COUNT(*) AS tp_count FROM `shop_address` WHERE `uid` = 13 LIMIT 1   [ RunTime:0.0030s ]

[ 2017-11-20T09:58:56+08:00 ] 223.167.152.124 /shop3.6/Home/Order/check_order_info?id=9&number=1
INFO: [ app_init ] --START--
INFO: Run Behavior\BuildLiteBehavior [ RunTime:0.000043s ]
INFO: [ app_init ] --END-- [ RunTime:0.000585s ]
INFO: [ app_begin ] --START--
INFO: Run Behavior\ReadHtmlCacheBehavior [ RunTime:0.000706s ]
INFO: [ app_begin ] --END-- [ RunTime:0.000921s ]

[ 2017-11-20T09:58:57+08:00 ] 223.167.152.124 /shop3.6/Index/login.html
INFO: [ app_init ] --START--
INFO: Run Behavior\BuildLiteBehavior [ RunTime:0.000049s ]
INFO: [ app_init ] --END-- [ RunTime:0.000569s ]
INFO: [ app_begin ] --START--
INFO: Run Behavior\ReadHtmlCacheBehavior [ RunTime:0.000680s ]
INFO: [ app_begin ] --END-- [ RunTime:0.000902s ]
INFO: [ view_parse ] --START--
INFO: [ template_filter ] --START--
INFO: Run Behavior\ContentReplaceBehavior [ RunTime:0.000170s ]
INFO: [ template_filter ] --END-- [ RunTime:0.000371s ]
INFO: Run Behavior\ParseTemplateBehavior [ RunTime:0.009487s ]
INFO: [ view_parse ] --END-- [ RunTime:0.009689s ]
INFO: [ view_filter ] --START--
INFO: Run Behavior\WriteHtmlCacheBehavior [ RunTime:0.000463s ]
INFO: [ view_filter ] --END-- [ RunTime:0.000676s ]
INFO: [ app_end ] --START--
INFO: Run Behavior\ShowPageTraceBehavior [ RunTime:0.000686s ]
INFO: [ app_end ] --END-- [ RunTime:0.000899s ]

[ 2017-11-20T09:59:06+08:00 ] 112.97.55.9 /shop3.6/Home/Order/register
INFO: [ app_init ] --START--
INFO: Run Behavior\BuildLiteBehavior [ RunTime:0.000068s ]
INFO: [ app_init ] --END-- [ RunTime:0.000825s ]
INFO: [ app_begin ] --START--
INFO: Run Behavior\ReadHtmlCacheBehavior [ RunTime:0.000913s ]
INFO: [ app_begin ] --END-- [ RunTime:0.001127s ]
NOTIC: [8] Undefined index: LOCAL_ADDR C:\wampc\www\shop3.6\Application\Home\Common\function.php 第 18 行.
NOTIC: [8] Undefined index: LOCAL_PORT C:\wampc\www\shop3.6\Application\Home\Common\function.php 第 19 行.
SQL: SHOW COLUMNS FROM `shop_order` [ RunTime:0.0043s ]
NOTIC: [8] Undefined index: validate C:\wampc\www\shop3.6\ThinkPHP\Library\Think\Model.class.php 第 1185 行.
NOTIC: [8] Undefined index: auto C:\wampc\www\shop3.6\ThinkPHP\Library\Think\Model.class.php 第 1128 行.
SQL: INSERT INTO `shop_order` (`goods_id`,`address_id`,`orderSn`,`user_id`,`order_name`,`payment_type`,`unit_price`,`number`,`total_price`,`remark`,`create_time`) VALUES ('9','2','EAD88AA0525','13','zxzx的车厘子订单','货到付款','39.00','1','44','','2017-11-20 09:59:06') [ RunTime:0.0143s ]
INFO: [ app_end ] --START--
INFO: Run Behavior\ShowPageTraceBehavior [ RunTime:0.000794s ]
INFO: [ app_end ] --END-- [ RunTime:0.000998s ]

[ 2017-11-20T10:01:35+08:00 ] 112.97.55.9 /shop3.6/Home/Address/getList
INFO: [ app_init ] --START--
INFO: Run Behavior\BuildLiteBehavior [ RunTime:0.000043s ]
INFO: [ app_init ] --END-- [ RunTime:0.000565s ]
INFO: [ app_begin ] --START--
INFO: Run Behavior\ReadHtmlCacheBehavior [ RunTime:0.000680s ]
INFO: [ app_begin ] --END-- [ RunTime:0.000861s ]
SQL: SHOW COLUMNS FROM `shop_address` [ RunTime:0.0031s ]
SQL: SELECT `id`,`uid`,`name`,`phone`,`address`,`tab`,`create_time` FROM `shop_address` WHERE `uid` = 13 ORDER BY `create_time` DESC LIMIT 0,5   [ RunTime:0.0004s ]
SQL: SELECT COUNT(*) AS tp_count FROM `shop_address` WHERE `uid` = 13 LIMIT 1   [ RunTime:0.0002s ]

[ 2017-11-20T10:02:06+08:00 ] 112.97.55.9 /shop3.6/Goods/getGoodsDetails.html?id=9
INFO: [ app_init ] --START--
INFO: Run Behavior\BuildLiteBehavior [ RunTime:0.000043s ]
INFO: [ app_init ] --END-- [ RunTime:0.000544s ]
INFO: [ app_begin ] --START--
INFO: Run Behavior\ReadHtmlCacheBehavior [ RunTime:0.000807s ]
INFO: [ app_begin ] --END-- [ RunTime:0.001064s ]
SQL: SHOW COLUMNS FROM `shop_goods` [ RunTime:0.0021s ]
SQL: SELECT shop_goods.goodsId,shop_goods.goods_name,shop_goods.img_path,shop_goods.thumb_path,shop_goods.goods_sn,shop_goods.carriage,shop_goods.shop_price,shop_goods.goods_stock,shop_goods.goods_unit,shop_goods.goods_info,shop_goods.goods_classify,shop_goods.goods_status,shop_goods.goods_recommend,shop_goods.goods_competitive,shop_goods.new_product,shop_goods.hot_cakes,shop_goods_extend.goods_describe FROM `shop_goods` LEFT JOIN shop_goods_extend ON shop_goods.goodsId=shop_goods_extend.goodsId  WHERE shop_goods.goodsId = '9' LIMIT 1   [ RunTime:0.0012s ]
NOTIC: [4096] Object of class Home\Controller\GoodsController could not be converted to string C:\wampc\www\shop3.6\Application\Home\Controller\GoodsController.class.php 第 25 行.
INFO: [ view_parse ] --START--
INFO: [ template_filter ] --START--
INFO: Run Behavior\ContentReplaceBehavior [ RunTime:0.000235s ]
INFO: [ template_filter ] --END-- [ RunTime:0.000437s ]
INFO: Run Behavior\ParseTemplateBehavior [ RunTime:0.016283s ]
INFO: [ view_parse ] --END-- [ RunTime:0.016514s ]
INFO: [ view_filter ] --START--
INFO: Run Behavior\WriteHtmlCacheBehavior [ RunTime:0.000473s ]
INFO: [ view_filter ] --END-- [ RunTime:0.000677s ]
INFO: [ app_end ] --START--
INFO: Run Behavior\ShowPageTraceBehavior [ RunTime:0.000668s ]
INFO: [ app_end ] --END-- [ RunTime:0.000865s ]

[ 2017-11-20T10:02:16+08:00 ] 112.97.55.9 /shop3.6/Home/Order/check_order_info?id=9&number=1
INFO: [ app_init ] --START--
INFO: Run Behavior\BuildLiteBehavior [ RunTime:0.000042s ]
INFO: [ app_init ] --END-- [ RunTime:0.000546s ]
INFO: [ app_begin ] --START--
INFO: Run Behavior\ReadHtmlCacheBehavior [ RunTime:0.000673s ]
INFO: [ app_begin ] --END-- [ RunTime:0.000875s ]
SQL: SHOW COLUMNS FROM `shop_goods` [ RunTime:0.0018s ]
SQL: SELECT `goodsId`,`goods_name`,`thumb_path`,`carriage`,`shop_price`,`goods_stock`,`goods_unit`,`goods_info`,`goods_classify` FROM `shop_goods` WHERE `goodsId` = 9 LIMIT 1   [ RunTime:0.0003s ]
NOTIC: [4096] Object of class Home\Controller\OrderController could not be converted to string C:\wampc\www\shop3.6\Application\Home\Controller\OrderController.class.php 第 26 行.
INFO: [ view_parse ] --START--
INFO: [ template_filter ] --START--
INFO: Run Behavior\ContentReplaceBehavior [ RunTime:0.000377s ]
INFO: [ template_filter ] --END-- [ RunTime:0.000586s ]
INFO: Run Behavior\ParseTemplateBehavior [ RunTime:0.016226s ]
INFO: [ view_parse ] --END-- [ RunTime:0.016464s ]
INFO: [ view_filter ] --START--
INFO: Run Behavior\WriteHtmlCacheBehavior [ RunTime:0.000451s ]
INFO: [ view_filter ] --END-- [ RunTime:0.000640s ]
INFO: [ app_end ] --START--
INFO: Run Behavior\ShowPageTraceBehavior [ RunTime:0.000633s ]
INFO: [ app_end ] --END-- [ RunTime:0.000841s ]

[ 2017-11-20T10:02:17+08:00 ] 112.97.55.9 /shop3.6/Home/Address/getList
INFO: [ app_init ] --START--
INFO: Run Behavior\BuildLiteBehavior [ RunTime:0.000049s ]
INFO: [ app_init ] --END-- [ RunTime:0.000586s ]
INFO: [ app_begin ] --START--
INFO: Run Behavior\ReadHtmlCacheBehavior [ RunTime:0.000689s ]
INFO: [ app_begin ] --END-- [ RunTime:0.000885s ]
SQL: SHOW COLUMNS FROM `shop_address` [ RunTime:0.0037s ]
SQL: SELECT `id`,`uid`,`name`,`phone`,`address`,`tab`,`create_time` FROM `shop_address` WHERE `uid` = 13 ORDER BY `create_time` DESC LIMIT 0,5   [ RunTime:0.0006s ]
SQL: SELECT COUNT(*) AS tp_count FROM `shop_address` WHERE `uid` = 13 LIMIT 1   [ RunTime:0.0004s ]

[ 2017-11-20T10:02:41+08:00 ] 112.97.55.9 /shop3.6/Home/Order/register
INFO: [ app_init ] --START--
INFO: Run Behavior\BuildLiteBehavior [ RunTime:0.000043s ]
INFO: [ app_init ] --END-- [ RunTime:0.000618s ]
INFO: [ app_begin ] --START--
INFO: Run Behavior\ReadHtmlCacheBehavior [ RunTime:0.000627s ]
INFO: [ app_begin ] --END-- [ RunTime:0.000808s ]
NOTIC: [8] Undefined index: LOCAL_ADDR C:\wampc\www\shop3.6\Application\Home\Common\function.php 第 18 行.
NOTIC: [8] Undefined index: LOCAL_PORT C:\wampc\www\shop3.6\Application\Home\Common\function.php 第 19 行.
SQL: SHOW COLUMNS FROM `shop_order` [ RunTime:0.0020s ]
NOTIC: [8] Undefined index: validate C:\wampc\www\shop3.6\ThinkPHP\Library\Think\Model.class.php 第 1185 行.
NOTIC: [8] Undefined index: auto C:\wampc\www\shop3.6\ThinkPHP\Library\Think\Model.class.php 第 1128 行.
SQL: INSERT INTO `shop_order` (`goods_id`,`address_id`,`orderSn`,`user_id`,`order_name`,`payment_type`,`unit_price`,`number`,`total_price`,`remark`,`create_time`) VALUES ('9','5','0F03BD4EB37','13','zxzx的车厘子订单','货到付款','39.00','2','78.00','','2017-11-20 10:02:41') [ RunTime:0.0114s ]
INFO: [ app_end ] --START--
INFO: Run Behavior\ShowPageTraceBehavior [ RunTime:0.000674s ]
INFO: [ app_end ] --END-- [ RunTime:0.000862s ]

[ 2017-11-20T10:03:06+08:00 ] 112.97.55.9 /shop3.6/Home/Address/getList
INFO: [ app_init ] --START--
INFO: Run Behavior\BuildLiteBehavior [ RunTime:0.000042s ]
INFO: [ app_init ] --END-- [ RunTime:0.000554s ]
INFO: [ app_begin ] --START--
INFO: Run Behavior\ReadHtmlCacheBehavior [ RunTime:0.000628s ]
INFO: [ app_begin ] --END-- [ RunTime:0.000866s ]
SQL: SHOW COLUMNS FROM `shop_address` [ RunTime:0.0024s ]
SQL: SELECT `id`,`uid`,`name`,`phone`,`address`,`tab`,`create_time` FROM `shop_address` WHERE `uid` = 13 ORDER BY `create_time` DESC LIMIT 0,5   [ RunTime:0.0004s ]
SQL: SELECT COUNT(*) AS tp_count FROM `shop_address` WHERE `uid` = 13 LIMIT 1   [ RunTime:0.0003s ]

[ 2017-11-20T12:38:01+08:00 ] 112.90.82.196 /shop3.6/Index/login.html
INFO: [ app_init ] --START--
INFO: Run Behavior\BuildLiteBehavior [ RunTime:0.000047s ]
INFO: [ app_init ] --END-- [ RunTime:0.001032s ]
INFO: [ app_begin ] --START--
INFO: Run Behavior\ReadHtmlCacheBehavior [ RunTime:0.000950s ]
INFO: [ app_begin ] --END-- [ RunTime:0.001154s ]
INFO: [ view_parse ] --START--
INFO: [ template_filter ] --START--
INFO: Run Behavior\ContentReplaceBehavior [ RunTime:0.000181s ]
INFO: [ template_filter ] --END-- [ RunTime:0.000403s ]
INFO: Run Behavior\ParseTemplateBehavior [ RunTime:0.009905s ]
INFO: [ view_parse ] --END-- [ RunTime:0.010109s ]
INFO: [ view_filter ] --START--
INFO: Run Behavior\WriteHtmlCacheBehavior [ RunTime:0.000957s ]
INFO: [ view_filter ] --END-- [ RunTime:0.001146s ]
INFO: [ app_end ] --START--
INFO: Run Behavior\ShowPageTraceBehavior [ RunTime:0.001248s ]
INFO: [ app_end ] --END-- [ RunTime:0.001469s ]

[ 2017-11-20T13:07:23+08:00 ] 113.92.94.212 /shop3.6/
INFO: [ app_init ] --START--
INFO: Run Behavior\BuildLiteBehavior [ RunTime:0.000048s ]
INFO: [ app_init ] --END-- [ RunTime:0.000626s ]
INFO: [ app_begin ] --START--
INFO: Run Behavior\ReadHtmlCacheBehavior [ RunTime:0.000794s ]
INFO: [ app_begin ] --END-- [ RunTime:0.001033s ]
SQL: SHOW COLUMNS FROM `shop_goods` [ RunTime:0.0027s ]
SQL: SELECT `goodsId`,`goods_name`,`goods_sn`,`shop_price`,`goods_status`,`goods_unit`,`goods_classify`,`img_path`,`thumb_path`,`create_time` FROM `shop_goods` LIMIT 10   [ RunTime:0.0007s ]
NOTIC: [4096] Object of class Home\Controller\IndexController could not be converted to string C:\wampc\www\shop3.6\Application\Home\Controller\IndexController.class.php 第 9 行.
SQL: SELECT `goodsId`,`goods_name`,`goods_sn`,`shop_price`,`goods_status`,`goods_unit`,`goods_classify`,`img_path`,`thumb_path`,`create_time` FROM `shop_goods` WHERE `goods_classify` = '生鲜' LIMIT 10   [ RunTime:0.0006s ]
NOTIC: [4096] Object of class Home\Controller\IndexController could not be converted to string C:\wampc\www\shop3.6\Application\Home\Controller\IndexController.class.php 第 10 行.
INFO: [ view_parse ] --START--
INFO: [ template_filter ] --START--
INFO: Run Behavior\ContentReplaceBehavior [ RunTime:0.000320s ]
INFO: [ template_filter ] --END-- [ RunTime:0.000570s ]
NOTIC: [8] Undefined variable: Goods C:\wampc\www\shop3.6\Application\Runtime\Cache\Home\4ff1c5b8284f90a50fd957ef30c3e1de.php 第 130 行.
INFO: Run Behavior\ParseTemplateBehavior [ RunTime:0.041356s ]
INFO: [ view_parse ] --END-- [ RunTime:0.041654s ]
INFO: [ view_filter ] --START--
INFO: Run Behavior\WriteHtmlCacheBehavior [ RunTime:0.000683s ]
INFO: [ view_filter ] --END-- [ RunTime:0.000883s ]
INFO: [ app_end ] --START--
INFO: Run Behavior\ShowPageTraceBehavior [ RunTime:0.000866s ]
INFO: [ app_end ] --END-- [ RunTime:0.001096s ]

[ 2017-11-20T13:08:39+08:00 ] 183.57.53.197 /shop3.6/Index/index.html
INFO: [ app_init ] --START--
INFO: Run Behavior\BuildLiteBehavior [ RunTime:0.000047s ]
INFO: [ app_init ] --END-- [ RunTime:0.000615s ]
INFO: [ app_begin ] --START--
INFO: Run Behavior\ReadHtmlCacheBehavior [ RunTime:0.001055s ]
INFO: [ app_begin ] --END-- [ RunTime:0.001467s ]
SQL: SHOW COLUMNS FROM `shop_goods` [ RunTime:0.0028s ]
SQL: SELECT `goodsId`,`goods_name`,`goods_sn`,`shop_price`,`goods_status`,`goods_unit`,`goods_classify`,`img_path`,`thumb_path`,`create_time` FROM `shop_goods` LIMIT 10   [ RunTime:0.0005s ]
NOTIC: [4096] Object of class Home\Controller\IndexController could not be converted to string C:\wampc\www\shop3.6\Application\Home\Controller\IndexController.class.php 第 9 行.
SQL: SELECT `goodsId`,`goods_name`,`goods_sn`,`shop_price`,`goods_status`,`goods_unit`,`goods_classify`,`img_path`,`thumb_path`,`create_time` FROM `shop_goods` WHERE `goods_classify` = '生鲜' LIMIT 10   [ RunTime:0.0005s ]
NOTIC: [4096] Object of class Home\Controller\IndexController could not be converted to string C:\wampc\www\shop3.6\Application\Home\Controller\IndexController.class.php 第 10 行.
INFO: [ view_parse ] --START--
INFO: [ template_filter ] --START--
INFO: Run Behavior\ContentReplaceBehavior [ RunTime:0.000303s ]
INFO: [ template_filter ] --END-- [ RunTime:0.000581s ]
NOTIC: [8] Undefined variable: Goods C:\wampc\www\shop3.6\Application\Runtime\Cache\Home\4ff1c5b8284f90a50fd957ef30c3e1de.php 第 130 行.
INFO: Run Behavior\ParseTemplateBehavior [ RunTime:0.039355s ]
INFO: [ view_parse ] --END-- [ RunTime:0.039616s ]
INFO: [ view_filter ] --START--
INFO: Run Behavior\WriteHtmlCacheBehavior [ RunTime:0.000726s ]
INFO: [ view_filter ] --END-- [ RunTime:0.000925s ]
INFO: [ app_end ] --START--
INFO: Run Behavior\ShowPageTraceBehavior [ RunTime:0.000798s ]
INFO: [ app_end ] --END-- [ RunTime:0.001040s ]

