[ 2017-11-19T10:19:33+08:00 ] ::1 /shop3.6/
INFO: [ app_init ] --START--
INFO: Run Behavior\BuildLiteBehavior [ RunTime:0.000000s ]
INFO: [ app_init ] --END-- [ RunTime:0.330078s ]
INFO: [ app_begin ] --START--
INFO: Run Behavior\ReadHtmlCacheBehavior [ RunTime:0.002930s ]
INFO: [ app_begin ] --END-- [ RunTime:0.002930s ]
SQL: SHOW COLUMNS FROM `shop_goods` [ RunTime:0.5342s ]
SQL: SELECT `goodsId`,`goods_name`,`goods_sn`,`shop_price`,`goods_status`,`goods_unit`,`goods_classify`,`img_path`,`thumb_path`,`create_time` FROM `shop_goods` LIMIT 10   [ RunTime:0.0107s ]
NOTIC: [4096] Object of class Home\Controller\IndexController could not be converted to string D:\WampServer\wamp\www\shop3.6\Application\Home\Controller\IndexController.class.php 第 9 行.
SQL: SELECT `goodsId`,`goods_name`,`goods_sn`,`shop_price`,`goods_status`,`goods_unit`,`goods_classify`,`img_path`,`thumb_path`,`create_time` FROM `shop_goods` WHERE `goods_classify` = '生鲜' LIMIT 10   [ RunTime:0.1563s ]
NOTIC: [4096] Object of class Home\Controller\IndexController could not be converted to string D:\WampServer\wamp\www\shop3.6\Application\Home\Controller\IndexController.class.php 第 10 行.
INFO: [ view_parse ] --START--
INFO: [ template_filter ] --START--
INFO: Run Behavior\ContentReplaceBehavior [ RunTime:0.105469s ]
INFO: [ template_filter ] --END-- [ RunTime:0.107422s ]
NOTIC: [8] Undefined variable: Goods D:\WampServer\wamp\www\shop3.6\Application\Runtime\Cache\Home\4ff1c5b8284f90a50fd957ef30c3e1de.php 第 130 行.
INFO: Run Behavior\ParseTemplateBehavior [ RunTime:0.303711s ]
INFO: [ view_parse ] --END-- [ RunTime:0.304688s ]
INFO: [ view_filter ] --START--
INFO: Run Behavior\WriteHtmlCacheBehavior [ RunTime:0.009766s ]
INFO: [ view_filter ] --END-- [ RunTime:0.009766s ]
INFO: [ app_end ] --START--
INFO: Run Behavior\ShowPageTraceBehavior [ RunTime:0.003906s ]
INFO: [ app_end ] --END-- [ RunTime:0.004882s ]

[ 2017-11-19T10:20:23+08:00 ] ::1 /shop3.6/Goods/getGoodsDetails.html?id=10
INFO: [ app_init ] --START--
INFO: Run Behavior\BuildLiteBehavior [ RunTime:0.000000s ]
INFO: [ app_init ] --END-- [ RunTime:0.000977s ]
INFO: [ app_begin ] --START--
INFO: Run Behavior\ReadHtmlCacheBehavior [ RunTime:0.000977s ]
INFO: [ app_begin ] --END-- [ RunTime:0.001953s ]

[ 2017-11-19T10:20:23+08:00 ] ::1 /shop3.6/Index/login.html
INFO: [ app_init ] --START--
INFO: Run Behavior\BuildLiteBehavior [ RunTime:0.000000s ]
INFO: [ app_init ] --END-- [ RunTime:0.000000s ]
INFO: [ app_begin ] --START--
INFO: Run Behavior\ReadHtmlCacheBehavior [ RunTime:0.000977s ]
INFO: [ app_begin ] --END-- [ RunTime:0.000977s ]
INFO: [ view_parse ] --START--
INFO: [ template_filter ] --START--
INFO: Run Behavior\ContentReplaceBehavior [ RunTime:0.011718s ]
INFO: [ template_filter ] --END-- [ RunTime:0.011718s ]
INFO: Run Behavior\ParseTemplateBehavior [ RunTime:0.024414s ]
INFO: [ view_parse ] --END-- [ RunTime:0.024414s ]
INFO: [ view_filter ] --START--
INFO: Run Behavior\WriteHtmlCacheBehavior [ RunTime:0.000977s ]
INFO: [ view_filter ] --END-- [ RunTime:0.000977s ]
INFO: [ app_end ] --START--
INFO: Run Behavior\ShowPageTraceBehavior [ RunTime:0.000977s ]
INFO: [ app_end ] --END-- [ RunTime:0.001953s ]

[ 2017-11-19T10:20:28+08:00 ] ::1 /shop3.6/Home/Login/checkUser
INFO: [ app_init ] --START--
INFO: Run Behavior\BuildLiteBehavior [ RunTime:0.000000s ]
INFO: [ app_init ] --END-- [ RunTime:0.000976s ]
INFO: [ app_begin ] --START--
INFO: Run Behavior\ReadHtmlCacheBehavior [ RunTime:0.001953s ]
INFO: [ app_begin ] --END-- [ RunTime:0.001953s ]
SQL: SHOW COLUMNS FROM `shop_user` [ RunTime:0.0225s ]
NOTIC: [8] Undefined index: validate D:\WampServer\wamp\www\shop3.6\ThinkPHP\Library\Think\Model.class.php 第 1185 行.
NOTIC: [8] Undefined index: auto D:\WampServer\wamp\www\shop3.6\ThinkPHP\Library\Think\Model.class.php 第 1128 行.
SQL: SELECT `id`,`accounts`,`state` FROM `shop_user` WHERE `accounts` = 'zxzx' AND `password` = '601f1889667efaebb33b8c12572835da3f027f78' LIMIT 1   [ RunTime:0.0059s ]
SQL: UPDATE `shop_user` SET `last_login_time`='2017-11-19 10:20:28',`last_login_ip`='0.0.0.0',`login_count`=login_count+1 WHERE `id` = 13 [ RunTime:0.0488s ]
INFO: [ app_end ] --START--
INFO: Run Behavior\ShowPageTraceBehavior [ RunTime:0.000977s ]
INFO: [ app_end ] --END-- [ RunTime:0.000977s ]

[ 2017-11-19T10:20:28+08:00 ] ::1 /shop3.6/Index/index.html
INFO: [ app_init ] --START--
INFO: Run Behavior\BuildLiteBehavior [ RunTime:0.000000s ]
INFO: [ app_init ] --END-- [ RunTime:0.001954s ]
INFO: [ app_begin ] --START--
INFO: Run Behavior\ReadHtmlCacheBehavior [ RunTime:0.000976s ]
INFO: [ app_begin ] --END-- [ RunTime:0.001953s ]
SQL: SHOW COLUMNS FROM `shop_goods` [ RunTime:0.0059s ]
SQL: SELECT `goodsId`,`goods_name`,`goods_sn`,`shop_price`,`goods_status`,`goods_unit`,`goods_classify`,`img_path`,`thumb_path`,`create_time` FROM `shop_goods` LIMIT 10   [ RunTime:0.0010s ]
NOTIC: [4096] Object of class Home\Controller\IndexController could not be converted to string D:\WampServer\wamp\www\shop3.6\Application\Home\Controller\IndexController.class.php 第 9 行.
SQL: SELECT `goodsId`,`goods_name`,`goods_sn`,`shop_price`,`goods_status`,`goods_unit`,`goods_classify`,`img_path`,`thumb_path`,`create_time` FROM `shop_goods` WHERE `goods_classify` = '生鲜' LIMIT 10   [ RunTime:0.0010s ]
NOTIC: [4096] Object of class Home\Controller\IndexController could not be converted to string D:\WampServer\wamp\www\shop3.6\Application\Home\Controller\IndexController.class.php 第 10 行.
INFO: [ view_parse ] --START--
INFO: [ template_filter ] --START--
INFO: Run Behavior\ContentReplaceBehavior [ RunTime:0.000976s ]
INFO: [ template_filter ] --END-- [ RunTime:0.000976s ]
NOTIC: [8] Undefined variable: Goods D:\WampServer\wamp\www\shop3.6\Application\Runtime\Cache\Home\4ff1c5b8284f90a50fd957ef30c3e1de.php 第 130 行.
INFO: Run Behavior\ParseTemplateBehavior [ RunTime:0.051758s ]
INFO: [ view_parse ] --END-- [ RunTime:0.051758s ]
INFO: [ view_filter ] --START--
INFO: Run Behavior\WriteHtmlCacheBehavior [ RunTime:0.000976s ]
INFO: [ view_filter ] --END-- [ RunTime:0.001953s ]
INFO: [ app_end ] --START--
INFO: Run Behavior\ShowPageTraceBehavior [ RunTime:0.000977s ]
INFO: [ app_end ] --END-- [ RunTime:0.001953s ]

[ 2017-11-19T10:20:40+08:00 ] ::1 /shop3.6/Goods/getGoodsDetails.html?id=9
INFO: [ app_init ] --START--
INFO: Run Behavior\BuildLiteBehavior [ RunTime:0.000000s ]
INFO: [ app_init ] --END-- [ RunTime:0.000977s ]
INFO: [ app_begin ] --START--
INFO: Run Behavior\ReadHtmlCacheBehavior [ RunTime:0.000977s ]
INFO: [ app_begin ] --END-- [ RunTime:0.001953s ]
SQL: SHOW COLUMNS FROM `shop_goods` [ RunTime:0.0068s ]
SQL: SELECT shop_goods.goodsId,shop_goods.goods_name,shop_goods.img_path,shop_goods.thumb_path,shop_goods.goods_sn,shop_goods.carriage,shop_goods.shop_price,shop_goods.goods_stock,shop_goods.goods_unit,shop_goods.goods_info,shop_goods.goods_classify,shop_goods.goods_status,shop_goods.goods_recommend,shop_goods.goods_competitive,shop_goods.new_product,shop_goods.hot_cakes,shop_goods_extend.goods_describe FROM `shop_goods` LEFT JOIN shop_goods_extend ON shop_goods.goodsId=shop_goods_extend.goodsId  WHERE shop_goods.goodsId = '9' LIMIT 1   [ RunTime:0.0010s ]
NOTIC: [4096] Object of class Home\Controller\GoodsController could not be converted to string D:\WampServer\wamp\www\shop3.6\Application\Home\Controller\GoodsController.class.php 第 25 行.
INFO: [ view_parse ] --START--
INFO: [ template_filter ] --START--
INFO: Run Behavior\ContentReplaceBehavior [ RunTime:0.000977s ]
INFO: [ template_filter ] --END-- [ RunTime:0.000977s ]
INFO: Run Behavior\ParseTemplateBehavior [ RunTime:0.021484s ]
INFO: [ view_parse ] --END-- [ RunTime:0.021484s ]
INFO: [ view_filter ] --START--
INFO: Run Behavior\WriteHtmlCacheBehavior [ RunTime:0.000977s ]
INFO: [ view_filter ] --END-- [ RunTime:0.000977s ]
INFO: [ app_end ] --START--
INFO: Run Behavior\ShowPageTraceBehavior [ RunTime:0.000976s ]
INFO: [ app_end ] --END-- [ RunTime:0.001953s ]

[ 2017-11-19T10:20:43+08:00 ] ::1 /shop3.6/Goods/getGoodsDetails.html?id=10
INFO: [ app_init ] --START--
INFO: Run Behavior\BuildLiteBehavior [ RunTime:0.000000s ]
INFO: [ app_init ] --END-- [ RunTime:0.000977s ]
INFO: [ app_begin ] --START--
INFO: Run Behavior\ReadHtmlCacheBehavior [ RunTime:0.000977s ]
INFO: [ app_begin ] --END-- [ RunTime:0.000977s ]
SQL: SHOW COLUMNS FROM `shop_goods` [ RunTime:0.0049s ]
SQL: SELECT shop_goods.goodsId,shop_goods.goods_name,shop_goods.img_path,shop_goods.thumb_path,shop_goods.goods_sn,shop_goods.carriage,shop_goods.shop_price,shop_goods.goods_stock,shop_goods.goods_unit,shop_goods.goods_info,shop_goods.goods_classify,shop_goods.goods_status,shop_goods.goods_recommend,shop_goods.goods_competitive,shop_goods.new_product,shop_goods.hot_cakes,shop_goods_extend.goods_describe FROM `shop_goods` LEFT JOIN shop_goods_extend ON shop_goods.goodsId=shop_goods_extend.goodsId  WHERE shop_goods.goodsId = '10' LIMIT 1   [ RunTime:0.0000s ]
NOTIC: [4096] Object of class Home\Controller\GoodsController could not be converted to string D:\WampServer\wamp\www\shop3.6\Application\Home\Controller\GoodsController.class.php 第 25 行.
INFO: [ view_parse ] --START--
INFO: [ template_filter ] --START--
INFO: Run Behavior\ContentReplaceBehavior [ RunTime:0.000000s ]
INFO: [ template_filter ] --END-- [ RunTime:0.000000s ]
INFO: Run Behavior\ParseTemplateBehavior [ RunTime:0.020508s ]
INFO: [ view_parse ] --END-- [ RunTime:0.021484s ]
INFO: [ view_filter ] --START--
INFO: Run Behavior\WriteHtmlCacheBehavior [ RunTime:0.000977s ]
INFO: [ view_filter ] --END-- [ RunTime:0.000977s ]
INFO: [ app_end ] --START--
INFO: Run Behavior\ShowPageTraceBehavior [ RunTime:0.000000s ]
INFO: [ app_end ] --END-- [ RunTime:0.001953s ]

[ 2017-11-19T10:20:57+08:00 ] ::1 /shop3.6/Home/Order/check_order_info?id=10&number=1
INFO: [ app_init ] --START--
INFO: Run Behavior\BuildLiteBehavior [ RunTime:0.000000s ]
INFO: [ app_init ] --END-- [ RunTime:0.000977s ]
INFO: [ app_begin ] --START--
INFO: Run Behavior\ReadHtmlCacheBehavior [ RunTime:0.000976s ]
INFO: [ app_begin ] --END-- [ RunTime:0.000976s ]
SQL: SHOW COLUMNS FROM `shop_goods` [ RunTime:0.0049s ]
SQL: SELECT `goodsId`,`goods_name`,`thumb_path`,`carriage`,`shop_price`,`goods_stock`,`goods_unit`,`goods_info`,`goods_classify` FROM `shop_goods` WHERE `goodsId` = 10 LIMIT 1   [ RunTime:0.0000s ]
NOTIC: [4096] Object of class Home\Controller\OrderController could not be converted to string D:\WampServer\wamp\www\shop3.6\Application\Home\Controller\OrderController.class.php 第 26 行.
INFO: [ view_parse ] --START--
INFO: [ template_filter ] --START--
INFO: Run Behavior\ContentReplaceBehavior [ RunTime:0.000000s ]
INFO: [ template_filter ] --END-- [ RunTime:0.000000s ]
INFO: Run Behavior\ParseTemplateBehavior [ RunTime:0.022461s ]
INFO: [ view_parse ] --END-- [ RunTime:0.022461s ]
INFO: [ view_filter ] --START--
INFO: Run Behavior\WriteHtmlCacheBehavior [ RunTime:0.000976s ]
INFO: [ view_filter ] --END-- [ RunTime:0.000976s ]
INFO: [ app_end ] --START--
INFO: Run Behavior\ShowPageTraceBehavior [ RunTime:0.000976s ]
INFO: [ app_end ] --END-- [ RunTime:0.001953s ]

[ 2017-11-19T10:20:58+08:00 ] ::1 /shop3.6/Home/Address/getList
INFO: [ app_init ] --START--
INFO: Run Behavior\BuildLiteBehavior [ RunTime:0.000000s ]
INFO: [ app_init ] --END-- [ RunTime:0.000977s ]
INFO: [ app_begin ] --START--
INFO: Run Behavior\ReadHtmlCacheBehavior [ RunTime:0.000977s ]
INFO: [ app_begin ] --END-- [ RunTime:0.000977s ]
SQL: SHOW COLUMNS FROM `shop_address` [ RunTime:0.0283s ]
SQL: SELECT `id`,`uid`,`name`,`phone`,`address`,`tab`,`create_time` FROM `shop_address` WHERE `uid` = 13 ORDER BY `create_time` DESC LIMIT 0,5   [ RunTime:0.0010s ]
SQL: SELECT COUNT(*) AS tp_count FROM `shop_address` WHERE `uid` = 13 LIMIT 1   [ RunTime:0.0146s ]

[ 2017-11-19T10:21:14+08:00 ] ::1 /shop3.6/Home/Order/register
INFO: [ app_init ] --START--
INFO: Run Behavior\BuildLiteBehavior [ RunTime:0.000000s ]
INFO: [ app_init ] --END-- [ RunTime:0.000977s ]
INFO: [ app_begin ] --START--
INFO: Run Behavior\ReadHtmlCacheBehavior [ RunTime:0.000977s ]
INFO: [ app_begin ] --END-- [ RunTime:0.000977s ]
SQL: SHOW COLUMNS FROM `shop_order` [ RunTime:0.0049s ]
NOTIC: [8] Undefined index: LOCAL_ADDR D:\WampServer\wamp\www\shop3.6\Application\Home\Common\function.php 第 18 行.
NOTIC: [8] Undefined index: LOCAL_PORT D:\WampServer\wamp\www\shop3.6\Application\Home\Common\function.php 第 19 行.
NOTIC: [8] Undefined index: validate D:\WampServer\wamp\www\shop3.6\ThinkPHP\Library\Think\Model.class.php 第 1185 行.
NOTIC: [8] Undefined index: auto D:\WampServer\wamp\www\shop3.6\ThinkPHP\Library\Think\Model.class.php 第 1128 行.
SQL: INSERT INTO `shop_order` (`goods_id`,`address_id`,`orderSn`,`user_id`,`order_name`,`payment_type`,`unit_price`,`number`,`total_price`,`remark`,`create_time`) VALUES ('10','3','C07FE4986F2','13','zxzx的哈密瓜订单','货到付款','20.00','1','30','','2017-11-19 10:21:13') [ RunTime:0.0283s ]
INFO: [ app_end ] --START--
INFO: Run Behavior\ShowPageTraceBehavior [ RunTime:0.001953s ]
INFO: [ app_end ] --END-- [ RunTime:0.001953s ]

[ 2017-11-19T10:22:02+08:00 ] ::1 /shop3.6/Home/Address/getList
INFO: [ app_init ] --START--
INFO: Run Behavior\BuildLiteBehavior [ RunTime:0.000000s ]
INFO: [ app_init ] --END-- [ RunTime:0.000977s ]
INFO: [ app_begin ] --START--
INFO: Run Behavior\ReadHtmlCacheBehavior [ RunTime:0.000977s ]
INFO: [ app_begin ] --END-- [ RunTime:0.000977s ]
SQL: SHOW COLUMNS FROM `shop_address` [ RunTime:0.0059s ]
SQL: SELECT `id`,`uid`,`name`,`phone`,`address`,`tab`,`create_time` FROM `shop_address` WHERE `uid` = 13 ORDER BY `create_time` DESC LIMIT 0,5   [ RunTime:0.0010s ]
SQL: SELECT COUNT(*) AS tp_count FROM `shop_address` WHERE `uid` = 13 LIMIT 1   [ RunTime:0.0010s ]

[ 2017-11-19T10:38:28+08:00 ] ::1 /shop3.6/Alipay/notify_url.php
INFO: [ app_init ] --START--
INFO: Run Behavior\BuildLiteBehavior [ RunTime:0.000000s ]
INFO: [ app_init ] --END-- [ RunTime:0.000977s ]
INFO: [ app_begin ] --START--
INFO: Run Behavior\ReadHtmlCacheBehavior [ RunTime:0.000977s ]
INFO: [ app_begin ] --END-- [ RunTime:0.001953s ]
ERR: 无法加载控制器:Alipay

[ 2017-11-19T10:40:29+08:00 ] ::1 /shop3.6/Alipay/notify_url.php
INFO: [ app_init ] --START--
INFO: Run Behavior\BuildLiteBehavior [ RunTime:0.000000s ]
INFO: [ app_init ] --END-- [ RunTime:0.000976s ]
INFO: [ app_begin ] --START--
INFO: Run Behavior\ReadHtmlCacheBehavior [ RunTime:0.000976s ]
INFO: [ app_begin ] --END-- [ RunTime:0.000976s ]
ERR: 非法操作:notify_url.php

[ 2017-11-19T10:41:17+08:00 ] ::1 /shop3.6/Alipay/notify_url.php
INFO: [ app_init ] --START--
INFO: Run Behavior\BuildLiteBehavior [ RunTime:0.000000s ]
INFO: [ app_init ] --END-- [ RunTime:0.000976s ]
INFO: [ app_begin ] --START--
INFO: Run Behavior\ReadHtmlCacheBehavior [ RunTime:0.000976s ]
INFO: [ app_begin ] --END-- [ RunTime:0.000976s ]
ERR: 非法操作:notify_url.php

[ 2017-11-19T10:42:05+08:00 ] ::1 /shop3.6/Alipay/notify_url.php
INFO: [ app_init ] --START--
INFO: Run Behavior\BuildLiteBehavior [ RunTime:0.000000s ]
INFO: [ app_init ] --END-- [ RunTime:0.000977s ]
INFO: [ app_begin ] --START--
INFO: Run Behavior\ReadHtmlCacheBehavior [ RunTime:0.001953s ]
INFO: [ app_begin ] --END-- [ RunTime:0.001953s ]
ERR: 非法操作:notify_url.php

[ 2017-11-19T10:42:25+08:00 ] ::1 /shop3.6/Alipay/notify_rul
INFO: [ app_init ] --START--
INFO: Run Behavior\BuildLiteBehavior [ RunTime:0.000976s ]
INFO: [ app_init ] --END-- [ RunTime:0.000976s ]
INFO: [ app_begin ] --START--
INFO: Run Behavior\ReadHtmlCacheBehavior [ RunTime:0.000977s ]
INFO: [ app_begin ] --END-- [ RunTime:0.001953s ]
ERR: 非法操作:notify_rul

[ 2017-11-19T10:46:49+08:00 ] ::1 /shop3.6/Alipay/notify_rul
INFO: [ app_init ] --START--
INFO: Run Behavior\BuildLiteBehavior [ RunTime:0.000000s ]
INFO: [ app_init ] --END-- [ RunTime:0.000976s ]
INFO: [ app_begin ] --START--
INFO: Run Behavior\ReadHtmlCacheBehavior [ RunTime:0.000976s ]
INFO: [ app_begin ] --END-- [ RunTime:0.001953s ]
ERR: 非法操作:notify_rul

[ 2017-11-19T10:46:53+08:00 ] ::1 /shop3.6/Alipay
INFO: [ app_init ] --START--
INFO: Run Behavior\BuildLiteBehavior [ RunTime:0.000000s ]
INFO: [ app_init ] --END-- [ RunTime:0.000977s ]
INFO: [ app_begin ] --START--
INFO: Run Behavior\ReadHtmlCacheBehavior [ RunTime:0.000977s ]
INFO: [ app_begin ] --END-- [ RunTime:0.000977s ]
ERR: 非法操作:index

[ 2017-11-19T10:46:59+08:00 ] ::1 /shop3.6/Alipay/notify
INFO: [ app_init ] --START--
INFO: Run Behavior\BuildLiteBehavior [ RunTime:0.000000s ]
INFO: [ app_init ] --END-- [ RunTime:0.000977s ]
INFO: [ app_begin ] --START--
INFO: Run Behavior\ReadHtmlCacheBehavior [ RunTime:0.000977s ]
INFO: [ app_begin ] --END-- [ RunTime:0.000977s ]
ERR: 非法操作:notify

[ 2017-11-19T10:47:07+08:00 ] ::1 /shop3.6/Alipay/notify_url
INFO: [ app_init ] --START--
INFO: Run Behavior\BuildLiteBehavior [ RunTime:0.000000s ]
INFO: [ app_init ] --END-- [ RunTime:0.000976s ]
INFO: [ app_begin ] --START--
INFO: Run Behavior\ReadHtmlCacheBehavior [ RunTime:0.000977s ]
INFO: [ app_begin ] --END-- [ RunTime:0.001953s ]

[ 2017-11-19T10:50:52+08:00 ] ::1 /shop3.6/Alipay/notify_url
INFO: [ app_init ] --START--
INFO: Run Behavior\BuildLiteBehavior [ RunTime:0.000977s ]
INFO: [ app_init ] --END-- [ RunTime:0.001953s ]
INFO: [ app_begin ] --START--
INFO: Run Behavior\ReadHtmlCacheBehavior [ RunTime:0.000976s ]
INFO: [ app_begin ] --END-- [ RunTime:0.001953s ]
NOTIC: [8] Undefined index: sign D:\WampServer\wamp\www\shop3.6\ThinkPHP\Library\Think\AopClient.class.php 第 648 行.
INFO: [ app_end ] --START--
INFO: Run Behavior\ShowPageTraceBehavior [ RunTime:0.000976s ]
INFO: [ app_end ] --END-- [ RunTime:0.000976s ]

[ 2017-11-19T11:23:47+08:00 ] 113.88.66.253 /shop3.6/
INFO: [ app_init ] --START--
INFO: Run Behavior\BuildLiteBehavior [ RunTime:0.000051s ]
INFO: [ app_init ] --END-- [ RunTime:0.000943s ]
INFO: [ app_begin ] --START--
INFO: Run Behavior\ReadHtmlCacheBehavior [ RunTime:0.000840s ]
INFO: [ app_begin ] --END-- [ RunTime:0.001047s ]
SQL: SHOW COLUMNS FROM `shop_goods` [ RunTime:0.0028s ]
SQL: SELECT `goodsId`,`goods_name`,`goods_sn`,`shop_price`,`goods_status`,`goods_unit`,`goods_classify`,`img_path`,`thumb_path`,`create_time` FROM `shop_goods` LIMIT 10   [ RunTime:0.0004s ]
NOTIC: [4096] Object of class Home\Controller\IndexController could not be converted to string C:\wampc\www\shop3.6\Application\Home\Controller\IndexController.class.php 第 9 行.
SQL: SELECT `goodsId`,`goods_name`,`goods_sn`,`shop_price`,`goods_status`,`goods_unit`,`goods_classify`,`img_path`,`thumb_path`,`create_time` FROM `shop_goods` WHERE `goods_classify` = '生鲜' LIMIT 10   [ RunTime:0.0003s ]
NOTIC: [4096] Object of class Home\Controller\IndexController could not be converted to string C:\wampc\www\shop3.6\Application\Home\Controller\IndexController.class.php 第 10 行.
INFO: [ view_parse ] --START--
INFO: [ template_filter ] --START--
INFO: Run Behavior\ContentReplaceBehavior [ RunTime:0.000256s ]
INFO: [ template_filter ] --END-- [ RunTime:0.000479s ]
NOTIC: [8] Undefined variable: Goods C:\wampc\www\shop3.6\Application\Runtime\Cache\Home\4ff1c5b8284f90a50fd957ef30c3e1de.php 第 130 行.
INFO: Run Behavior\ParseTemplateBehavior [ RunTime:0.047904s ]
INFO: [ view_parse ] --END-- [ RunTime:0.048228s ]
INFO: [ view_filter ] --START--
INFO: Run Behavior\WriteHtmlCacheBehavior [ RunTime:0.001037s ]
INFO: [ view_filter ] --END-- [ RunTime:0.001297s ]
INFO: [ app_end ] --START--
INFO: Run Behavior\ShowPageTraceBehavior [ RunTime:0.001301s ]
INFO: [ app_end ] --END-- [ RunTime:0.001560s ]

[ 2017-11-19T11:23:58+08:00 ] 113.88.66.253 /shop3.6/Goods/getGoodsDetails.html?id=10
INFO: [ app_init ] --START--
INFO: Run Behavior\BuildLiteBehavior [ RunTime:0.000063s ]
INFO: [ app_init ] --END-- [ RunTime:0.000711s ]
INFO: [ app_begin ] --START--
INFO: Run Behavior\ReadHtmlCacheBehavior [ RunTime:0.000773s ]
INFO: [ app_begin ] --END-- [ RunTime:0.001024s ]

[ 2017-11-19T11:23:59+08:00 ] 113.88.66.253 /shop3.6/Index/login.html
INFO: [ app_init ] --START--
INFO: Run Behavior\BuildLiteBehavior [ RunTime:0.000054s ]
INFO: [ app_init ] --END-- [ RunTime:0.000740s ]
INFO: [ app_begin ] --START--
INFO: Run Behavior\ReadHtmlCacheBehavior [ RunTime:0.000843s ]
INFO: [ app_begin ] --END-- [ RunTime:0.001100s ]
INFO: [ view_parse ] --START--
INFO: [ template_filter ] --START--
INFO: Run Behavior\ContentReplaceBehavior [ RunTime:0.000206s ]
INFO: [ template_filter ] --END-- [ RunTime:0.000450s ]
INFO: Run Behavior\ParseTemplateBehavior [ RunTime:0.012724s ]
INFO: [ view_parse ] --END-- [ RunTime:0.012975s ]
INFO: [ view_filter ] --START--
INFO: Run Behavior\WriteHtmlCacheBehavior [ RunTime:0.000551s ]
INFO: [ view_filter ] --END-- [ RunTime:0.000762s ]
INFO: [ app_end ] --START--
INFO: Run Behavior\ShowPageTraceBehavior [ RunTime:0.000749s ]
INFO: [ app_end ] --END-- [ RunTime:0.000978s ]

[ 2017-11-19T11:24:14+08:00 ] 113.88.66.253 /shop3.6/Home/Login/checkUser
INFO: [ app_init ] --START--
INFO: Run Behavior\BuildLiteBehavior [ RunTime:0.000047s ]
INFO: [ app_init ] --END-- [ RunTime:0.000653s ]
INFO: [ app_begin ] --START--
INFO: Run Behavior\ReadHtmlCacheBehavior [ RunTime:0.000922s ]
INFO: [ app_begin ] --END-- [ RunTime:0.001237s ]
SQL: SHOW COLUMNS FROM `shop_user` [ RunTime:0.0022s ]
NOTIC: [8] Undefined index: validate C:\wampc\www\shop3.6\ThinkPHP\Library\Think\Model.class.php 第 1185 行.
NOTIC: [8] Undefined index: auto C:\wampc\www\shop3.6\ThinkPHP\Library\Think\Model.class.php 第 1128 行.
SQL: SELECT `id`,`accounts`,`state` FROM `shop_user` WHERE `accounts` = 'zxzx' AND `password` = '601f1889667efaebb33b8c12572835da3f027f78' LIMIT 1   [ RunTime:0.0005s ]
SQL: UPDATE `shop_user` SET `last_login_time`='2017-11-19 11:24:14',`last_login_ip`='113.88.66.253',`login_count`=login_count+1 WHERE `id` = 13 [ RunTime:0.0057s ]
INFO: [ app_end ] --START--
INFO: Run Behavior\ShowPageTraceBehavior [ RunTime:0.001033s ]
INFO: [ app_end ] --END-- [ RunTime:0.001250s ]

[ 2017-11-19T11:24:14+08:00 ] 113.88.66.253 /shop3.6/Index/index.html
INFO: [ app_init ] --START--
INFO: Run Behavior\BuildLiteBehavior [ RunTime:0.000047s ]
INFO: [ app_init ] --END-- [ RunTime:0.000639s ]
INFO: [ app_begin ] --START--
INFO: Run Behavior\ReadHtmlCacheBehavior [ RunTime:0.000810s ]
INFO: [ app_begin ] --END-- [ RunTime:0.001042s ]
SQL: SHOW COLUMNS FROM `shop_goods` [ RunTime:0.0023s ]
SQL: SELECT `goodsId`,`goods_name`,`goods_sn`,`shop_price`,`goods_status`,`goods_unit`,`goods_classify`,`img_path`,`thumb_path`,`create_time` FROM `shop_goods` LIMIT 10   [ RunTime:0.0006s ]
NOTIC: [4096] Object of class Home\Controller\IndexController could not be converted to string C:\wampc\www\shop3.6\Application\Home\Controller\IndexController.class.php 第 9 行.
SQL: SELECT `goodsId`,`goods_name`,`goods_sn`,`shop_price`,`goods_status`,`goods_unit`,`goods_classify`,`img_path`,`thumb_path`,`create_time` FROM `shop_goods` WHERE `goods_classify` = '生鲜' LIMIT 10   [ RunTime:0.0005s ]
NOTIC: [4096] Object of class Home\Controller\IndexController could not be converted to string C:\wampc\www\shop3.6\Application\Home\Controller\IndexController.class.php 第 10 行.
INFO: [ view_parse ] --START--
INFO: [ template_filter ] --START--
INFO: Run Behavior\ContentReplaceBehavior [ RunTime:0.000267s ]
INFO: [ template_filter ] --END-- [ RunTime:0.000533s ]
NOTIC: [8] Undefined variable: Goods C:\wampc\www\shop3.6\Application\Runtime\Cache\Home\4ff1c5b8284f90a50fd957ef30c3e1de.php 第 130 行.
INFO: Run Behavior\ParseTemplateBehavior [ RunTime:0.043054s ]
INFO: [ view_parse ] --END-- [ RunTime:0.043302s ]
INFO: [ view_filter ] --START--
INFO: Run Behavior\WriteHtmlCacheBehavior [ RunTime:0.000699s ]
INFO: [ view_filter ] --END-- [ RunTime:0.000921s ]
INFO: [ app_end ] --START--
INFO: Run Behavior\ShowPageTraceBehavior [ RunTime:0.000878s ]
INFO: [ app_end ] --END-- [ RunTime:0.001086s ]

[ 2017-11-19T11:24:20+08:00 ] 113.88.66.253 /shop3.6/Goods/getGoodsDetails.html?id=10
INFO: [ app_init ] --START--
INFO: Run Behavior\BuildLiteBehavior [ RunTime:0.000051s ]
INFO: [ app_init ] --END-- [ RunTime:0.000636s ]
INFO: [ app_begin ] --START--
INFO: Run Behavior\ReadHtmlCacheBehavior [ RunTime:0.000827s ]
INFO: [ app_begin ] --END-- [ RunTime:0.001064s ]
SQL: SHOW COLUMNS FROM `shop_goods` [ RunTime:0.0030s ]
SQL: SELECT shop_goods.goodsId,shop_goods.goods_name,shop_goods.img_path,shop_goods.thumb_path,shop_goods.goods_sn,shop_goods.carriage,shop_goods.shop_price,shop_goods.goods_stock,shop_goods.goods_unit,shop_goods.goods_info,shop_goods.goods_classify,shop_goods.goods_status,shop_goods.goods_recommend,shop_goods.goods_competitive,shop_goods.new_product,shop_goods.hot_cakes,shop_goods_extend.goods_describe FROM `shop_goods` LEFT JOIN shop_goods_extend ON shop_goods.goodsId=shop_goods_extend.goodsId  WHERE shop_goods.goodsId = '10' LIMIT 1   [ RunTime:0.0028s ]
NOTIC: [4096] Object of class Home\Controller\GoodsController could not be converted to string C:\wampc\www\shop3.6\Application\Home\Controller\GoodsController.class.php 第 25 行.
INFO: [ view_parse ] --START--
INFO: [ template_filter ] --START--
INFO: Run Behavior\ContentReplaceBehavior [ RunTime:0.000287s ]
INFO: [ template_filter ] --END-- [ RunTime:0.000514s ]
INFO: Run Behavior\ParseTemplateBehavior [ RunTime:0.016341s ]
INFO: [ view_parse ] --END-- [ RunTime:0.016671s ]
INFO: [ view_filter ] --START--
INFO: Run Behavior\WriteHtmlCacheBehavior [ RunTime:0.000670s ]
INFO: [ view_filter ] --END-- [ RunTime:0.000883s ]
INFO: [ app_end ] --START--
INFO: Run Behavior\ShowPageTraceBehavior [ RunTime:0.000772s ]
INFO: [ app_end ] --END-- [ RunTime:0.000975s ]

[ 2017-11-19T11:24:22+08:00 ] 113.88.66.253 /shop3.6/Home/Order/check_order_info?id=10&number=1
INFO: [ app_init ] --START--
INFO: Run Behavior\BuildLiteBehavior [ RunTime:0.000082s ]
INFO: [ app_init ] --END-- [ RunTime:0.000633s ]
INFO: [ app_begin ] --START--
INFO: Run Behavior\ReadHtmlCacheBehavior [ RunTime:0.000668s ]
INFO: [ app_begin ] --END-- [ RunTime:0.000894s ]
SQL: SHOW COLUMNS FROM `shop_goods` [ RunTime:0.0019s ]
SQL: SELECT `goodsId`,`goods_name`,`thumb_path`,`carriage`,`shop_price`,`goods_stock`,`goods_unit`,`goods_info`,`goods_classify` FROM `shop_goods` WHERE `goodsId` = 10 LIMIT 1   [ RunTime:0.0003s ]
NOTIC: [4096] Object of class Home\Controller\OrderController could not be converted to string C:\wampc\www\shop3.6\Application\Home\Controller\OrderController.class.php 第 26 行.
INFO: [ view_parse ] --START--
INFO: [ template_filter ] --START--
INFO: Run Behavior\ContentReplaceBehavior [ RunTime:0.000294s ]
INFO: [ template_filter ] --END-- [ RunTime:0.000520s ]
INFO: Run Behavior\ParseTemplateBehavior [ RunTime:0.016798s ]
INFO: [ view_parse ] --END-- [ RunTime:0.017014s ]
INFO: [ view_filter ] --START--
INFO: Run Behavior\WriteHtmlCacheBehavior [ RunTime:0.000457s ]
INFO: [ view_filter ] --END-- [ RunTime:0.000650s ]
INFO: [ app_end ] --START--
INFO: Run Behavior\ShowPageTraceBehavior [ RunTime:0.000652s ]
INFO: [ app_end ] --END-- [ RunTime:0.000854s ]

[ 2017-11-19T11:24:22+08:00 ] 113.88.66.253 /shop3.6/Home/Address/getList
INFO: [ app_init ] --START--
INFO: Run Behavior\BuildLiteBehavior [ RunTime:0.000044s ]
INFO: [ app_init ] --END-- [ RunTime:0.000581s ]
INFO: [ app_begin ] --START--
INFO: Run Behavior\ReadHtmlCacheBehavior [ RunTime:0.000651s ]
INFO: [ app_begin ] --END-- [ RunTime:0.000829s ]
SQL: SHOW COLUMNS FROM `shop_address` [ RunTime:0.0020s ]
SQL: SELECT `id`,`uid`,`name`,`phone`,`address`,`tab`,`create_time` FROM `shop_address` WHERE `uid` = 13 ORDER BY `create_time` DESC LIMIT 0,5   [ RunTime:0.0004s ]
SQL: SELECT COUNT(*) AS tp_count FROM `shop_address` WHERE `uid` = 13 LIMIT 1   [ RunTime:0.0003s ]

[ 2017-11-19T11:24:29+08:00 ] 113.88.66.253 /shop3.6/Home/Order/register
INFO: [ app_init ] --START--
INFO: Run Behavior\BuildLiteBehavior [ RunTime:0.000055s ]
INFO: [ app_init ] --END-- [ RunTime:0.000664s ]
INFO: [ app_begin ] --START--
INFO: Run Behavior\ReadHtmlCacheBehavior [ RunTime:0.000825s ]
INFO: [ app_begin ] --END-- [ RunTime:0.001022s ]
NOTIC: [8] Undefined index: LOCAL_ADDR C:\wampc\www\shop3.6\Application\Home\Common\function.php 第 18 行.
NOTIC: [8] Undefined index: LOCAL_PORT C:\wampc\www\shop3.6\Application\Home\Common\function.php 第 19 行.
SQL: SHOW COLUMNS FROM `shop_order` [ RunTime:0.0023s ]
NOTIC: [8] Undefined index: validate C:\wampc\www\shop3.6\ThinkPHP\Library\Think\Model.class.php 第 1185 行.
NOTIC: [8] Undefined index: auto C:\wampc\www\shop3.6\ThinkPHP\Library\Think\Model.class.php 第 1128 行.
SQL: INSERT INTO `shop_order` (`goods_id`,`address_id`,`orderSn`,`user_id`,`order_name`,`payment_type`,`unit_price`,`number`,`total_price`,`remark`,`create_time`) VALUES ('10','2','70B115766C7','13','zxzx的哈密瓜订单','货到付款','20.00','1','30','','2017-11-19 11:24:29') [ RunTime:0.0019s ]
INFO: [ app_end ] --START--
INFO: Run Behavior\ShowPageTraceBehavior [ RunTime:0.000791s ]
INFO: [ app_end ] --END-- [ RunTime:0.001005s ]

[ 2017-11-19T11:28:36+08:00 ] 113.88.66.253 /shop3.6/Index/index.html
INFO: [ app_init ] --START--
INFO: Run Behavior\BuildLiteBehavior [ RunTime:0.000050s ]
INFO: [ app_init ] --END-- [ RunTime:0.007467s ]
INFO: [ app_begin ] --START--
INFO: Run Behavior\ReadHtmlCacheBehavior [ RunTime:0.001489s ]
INFO: [ app_begin ] --END-- [ RunTime:0.001785s ]
SQL: SHOW COLUMNS FROM `shop_goods` [ RunTime:0.1795s ]
SQL: SELECT `goodsId`,`goods_name`,`goods_sn`,`shop_price`,`goods_status`,`goods_unit`,`goods_classify`,`img_path`,`thumb_path`,`create_time` FROM `shop_goods` LIMIT 10   [ RunTime:0.0163s ]
NOTIC: [4096] Object of class Home\Controller\IndexController could not be converted to string C:\wampc\www\shop3.6\Application\Home\Controller\IndexController.class.php 第 9 行.
SQL: SELECT `goodsId`,`goods_name`,`goods_sn`,`shop_price`,`goods_status`,`goods_unit`,`goods_classify`,`img_path`,`thumb_path`,`create_time` FROM `shop_goods` WHERE `goods_classify` = '生鲜' LIMIT 10   [ RunTime:0.0030s ]
NOTIC: [4096] Object of class Home\Controller\IndexController could not be converted to string C:\wampc\www\shop3.6\Application\Home\Controller\IndexController.class.php 第 10 行.
INFO: [ view_parse ] --START--
INFO: [ template_filter ] --START--
INFO: Run Behavior\ContentReplaceBehavior [ RunTime:0.001923s ]
INFO: [ template_filter ] --END-- [ RunTime:0.002256s ]
NOTIC: [8] Undefined variable: Goods C:\wampc\www\shop3.6\Application\Runtime\Cache\Home\4ff1c5b8284f90a50fd957ef30c3e1de.php 第 130 行.
INFO: Run Behavior\ParseTemplateBehavior [ RunTime:0.089355s ]
INFO: [ view_parse ] --END-- [ RunTime:0.089614s ]
INFO: [ view_filter ] --START--
INFO: Run Behavior\WriteHtmlCacheBehavior [ RunTime:0.001561s ]
INFO: [ view_filter ] --END-- [ RunTime:0.001840s ]
INFO: [ app_end ] --START--
INFO: Run Behavior\ShowPageTraceBehavior [ RunTime:0.002758s ]
INFO: [ app_end ] --END-- [ RunTime:0.003214s ]

[ 2017-11-19T11:28:40+08:00 ] 113.88.66.253 /shop3.6/Goods/getGoodsDetails.html?id=10
INFO: [ app_init ] --START--
INFO: Run Behavior\BuildLiteBehavior [ RunTime:0.000079s ]
INFO: [ app_init ] --END-- [ RunTime:0.010284s ]
INFO: [ app_begin ] --START--
INFO: Run Behavior\ReadHtmlCacheBehavior [ RunTime:0.001722s ]
INFO: [ app_begin ] --END-- [ RunTime:0.002030s ]
SQL: SHOW COLUMNS FROM `shop_goods` [ RunTime:0.1688s ]
SQL: SELECT shop_goods.goodsId,shop_goods.goods_name,shop_goods.img_path,shop_goods.thumb_path,shop_goods.goods_sn,shop_goods.carriage,shop_goods.shop_price,shop_goods.goods_stock,shop_goods.goods_unit,shop_goods.goods_info,shop_goods.goods_classify,shop_goods.goods_status,shop_goods.goods_recommend,shop_goods.goods_competitive,shop_goods.new_product,shop_goods.hot_cakes,shop_goods_extend.goods_describe FROM `shop_goods` LEFT JOIN shop_goods_extend ON shop_goods.goodsId=shop_goods_extend.goodsId  WHERE shop_goods.goodsId = '10' LIMIT 1   [ RunTime:0.0893s ]
NOTIC: [4096] Object of class Home\Controller\GoodsController could not be converted to string C:\wampc\www\shop3.6\Application\Home\Controller\GoodsController.class.php 第 25 行.
INFO: [ view_parse ] --START--
INFO: [ template_filter ] --START--
INFO: Run Behavior\ContentReplaceBehavior [ RunTime:0.000863s ]
INFO: [ template_filter ] --END-- [ RunTime:0.001095s ]
INFO: Run Behavior\ParseTemplateBehavior [ RunTime:0.534264s ]
INFO: [ view_parse ] --END-- [ RunTime:0.534551s ]
INFO: [ view_filter ] --START--
INFO: Run Behavior\WriteHtmlCacheBehavior [ RunTime:0.001879s ]
INFO: [ view_filter ] --END-- [ RunTime:0.002076s ]
INFO: [ app_end ] --START--
INFO: Run Behavior\ShowPageTraceBehavior [ RunTime:0.001684s ]
INFO: [ app_end ] --END-- [ RunTime:0.001937s ]

[ 2017-11-19T11:28:42+08:00 ] 113.88.66.253 /shop3.6/Home/Order/check_order_info?id=10&number=1
INFO: [ app_init ] --START--
INFO: Run Behavior\BuildLiteBehavior [ RunTime:0.000047s ]
INFO: [ app_init ] --END-- [ RunTime:0.001490s ]
INFO: [ app_begin ] --START--
INFO: Run Behavior\ReadHtmlCacheBehavior [ RunTime:0.001822s ]
INFO: [ app_begin ] --END-- [ RunTime:0.002044s ]
SQL: SHOW COLUMNS FROM `shop_goods` [ RunTime:0.0326s ]
SQL: SELECT `goodsId`,`goods_name`,`thumb_path`,`carriage`,`shop_price`,`goods_stock`,`goods_unit`,`goods_info`,`goods_classify` FROM `shop_goods` WHERE `goodsId` = 10 LIMIT 1   [ RunTime:0.0033s ]
NOTIC: [4096] Object of class Home\Controller\OrderController could not be converted to string C:\wampc\www\shop3.6\Application\Home\Controller\OrderController.class.php 第 26 行.
INFO: [ view_parse ] --START--
INFO: [ template_filter ] --START--
INFO: Run Behavior\ContentReplaceBehavior [ RunTime:0.000671s ]
INFO: [ template_filter ] --END-- [ RunTime:0.000909s ]
INFO: Run Behavior\ParseTemplateBehavior [ RunTime:0.025564s ]
INFO: [ view_parse ] --END-- [ RunTime:0.025808s ]
INFO: [ view_filter ] --START--
INFO: Run Behavior\WriteHtmlCacheBehavior [ RunTime:0.000841s ]
INFO: [ view_filter ] --END-- [ RunTime:0.001059s ]
INFO: [ app_end ] --START--
INFO: Run Behavior\ShowPageTraceBehavior [ RunTime:0.000980s ]
INFO: [ app_end ] --END-- [ RunTime:0.001189s ]

[ 2017-11-19T11:28:42+08:00 ] 113.88.66.253 /shop3.6/Home/Address/getList
INFO: [ app_init ] --START--
INFO: Run Behavior\BuildLiteBehavior [ RunTime:0.000049s ]
INFO: [ app_init ] --END-- [ RunTime:0.001006s ]
INFO: [ app_begin ] --START--
INFO: Run Behavior\ReadHtmlCacheBehavior [ RunTime:0.001035s ]
INFO: [ app_begin ] --END-- [ RunTime:0.001325s ]
SQL: SHOW COLUMNS FROM `shop_address` [ RunTime:0.0118s ]
SQL: SELECT `id`,`uid`,`name`,`phone`,`address`,`tab`,`create_time` FROM `shop_address` WHERE `uid` = 13 ORDER BY `create_time` DESC LIMIT 0,5   [ RunTime:0.0133s ]
SQL: SELECT COUNT(*) AS tp_count FROM `shop_address` WHERE `uid` = 13 LIMIT 1   [ RunTime:0.0036s ]

[ 2017-11-19T11:28:52+08:00 ] 113.88.66.253 /shop3.6/Home/Order/register
INFO: [ app_init ] --START--
INFO: Run Behavior\BuildLiteBehavior [ RunTime:0.000091s ]
INFO: [ app_init ] --END-- [ RunTime:0.030171s ]
INFO: [ app_begin ] --START--
INFO: Run Behavior\ReadHtmlCacheBehavior [ RunTime:0.041236s ]
INFO: [ app_begin ] --END-- [ RunTime:0.041987s ]
NOTIC: [8] Undefined index: LOCAL_ADDR C:\wampc\www\shop3.6\Application\Home\Common\function.php 第 18 行.
NOTIC: [8] Undefined index: LOCAL_PORT C:\wampc\www\shop3.6\Application\Home\Common\function.php 第 19 行.
SQL: SHOW COLUMNS FROM `shop_order` [ RunTime:0.2307s ]
NOTIC: [8] Undefined index: validate C:\wampc\www\shop3.6\ThinkPHP\Library\Think\Model.class.php 第 1185 行.
NOTIC: [8] Undefined index: auto C:\wampc\www\shop3.6\ThinkPHP\Library\Think\Model.class.php 第 1128 行.
SQL: INSERT INTO `shop_order` (`goods_id`,`address_id`,`orderSn`,`user_id`,`order_name`,`payment_type`,`unit_price`,`number`,`total_price`,`remark`,`create_time`) VALUES ('10','2','CC3E8A1FB7B','13','zxzx的哈密瓜订单','货到付款','20.00','1','30','','2017-11-19 11:28:51') [ RunTime:0.2644s ]
INFO: [ app_end ] --START--
INFO: Run Behavior\ShowPageTraceBehavior [ RunTime:0.002250s ]
INFO: [ app_end ] --END-- [ RunTime:0.002480s ]

[ 2017-11-19T11:34:34+08:00 ] 113.88.66.253 /shop3.6/Index/index.html
INFO: [ app_init ] --START--
INFO: Run Behavior\BuildLiteBehavior [ RunTime:0.000062s ]
INFO: [ app_init ] --END-- [ RunTime:0.001209s ]
INFO: [ app_begin ] --START--
INFO: Run Behavior\ReadHtmlCacheBehavior [ RunTime:0.002748s ]
INFO: [ app_begin ] --END-- [ RunTime:0.003016s ]
SQL: SHOW COLUMNS FROM `shop_goods` [ RunTime:0.0562s ]
SQL: SELECT `goodsId`,`goods_name`,`goods_sn`,`shop_price`,`goods_status`,`goods_unit`,`goods_classify`,`img_path`,`thumb_path`,`create_time` FROM `shop_goods` LIMIT 10   [ RunTime:0.0125s ]
NOTIC: [4096] Object of class Home\Controller\IndexController could not be converted to string C:\wampc\www\shop3.6\Application\Home\Controller\IndexController.class.php 第 9 行.
SQL: SELECT `goodsId`,`goods_name`,`goods_sn`,`shop_price`,`goods_status`,`goods_unit`,`goods_classify`,`img_path`,`thumb_path`,`create_time` FROM `shop_goods` WHERE `goods_classify` = '生鲜' LIMIT 10   [ RunTime:0.0033s ]
NOTIC: [4096] Object of class Home\Controller\IndexController could not be converted to string C:\wampc\www\shop3.6\Application\Home\Controller\IndexController.class.php 第 10 行.
INFO: [ view_parse ] --START--
INFO: [ template_filter ] --START--
INFO: Run Behavior\ContentReplaceBehavior [ RunTime:0.002022s ]
INFO: [ template_filter ] --END-- [ RunTime:0.002298s ]
NOTIC: [8] Undefined variable: Goods C:\wampc\www\shop3.6\Application\Runtime\Cache\Home\4ff1c5b8284f90a50fd957ef30c3e1de.php 第 130 行.
INFO: Run Behavior\ParseTemplateBehavior [ RunTime:0.080877s ]
INFO: [ view_parse ] --END-- [ RunTime:0.081279s ]
INFO: [ view_filter ] --START--
INFO: Run Behavior\WriteHtmlCacheBehavior [ RunTime:0.001581s ]
INFO: [ view_filter ] --END-- [ RunTime:0.001820s ]
INFO: [ app_end ] --START--
INFO: Run Behavior\ShowPageTraceBehavior [ RunTime:0.001808s ]
INFO: [ app_end ] --END-- [ RunTime:0.002051s ]

[ 2017-11-19T11:34:36+08:00 ] 113.88.66.253 /shop3.6/Goods/getGoodsDetails.html?id=12
INFO: [ app_init ] --START--
INFO: Run Behavior\BuildLiteBehavior [ RunTime:0.000041s ]
INFO: [ app_init ] --END-- [ RunTime:0.000615s ]
INFO: [ app_begin ] --START--
INFO: Run Behavior\ReadHtmlCacheBehavior [ RunTime:0.000689s ]
INFO: [ app_begin ] --END-- [ RunTime:0.000914s ]
SQL: SHOW COLUMNS FROM `shop_goods` [ RunTime:0.0046s ]
SQL: SELECT shop_goods.goodsId,shop_goods.goods_name,shop_goods.img_path,shop_goods.thumb_path,shop_goods.goods_sn,shop_goods.carriage,shop_goods.shop_price,shop_goods.goods_stock,shop_goods.goods_unit,shop_goods.goods_info,shop_goods.goods_classify,shop_goods.goods_status,shop_goods.goods_recommend,shop_goods.goods_competitive,shop_goods.new_product,shop_goods.hot_cakes,shop_goods_extend.goods_describe FROM `shop_goods` LEFT JOIN shop_goods_extend ON shop_goods.goodsId=shop_goods_extend.goodsId  WHERE shop_goods.goodsId = '12' LIMIT 1   [ RunTime:0.0042s ]
NOTIC: [4096] Object of class Home\Controller\GoodsController could not be converted to string C:\wampc\www\shop3.6\Application\Home\Controller\GoodsController.class.php 第 25 行.
INFO: [ view_parse ] --START--
INFO: [ template_filter ] --START--
INFO: Run Behavior\ContentReplaceBehavior [ RunTime:0.000226s ]
INFO: [ template_filter ] --END-- [ RunTime:0.000442s ]
INFO: Run Behavior\ParseTemplateBehavior [ RunTime:0.022901s ]
INFO: [ view_parse ] --END-- [ RunTime:0.023141s ]
INFO: [ view_filter ] --START--
INFO: Run Behavior\WriteHtmlCacheBehavior [ RunTime:0.000510s ]
INFO: [ view_filter ] --END-- [ RunTime:0.000717s ]
INFO: [ app_end ] --START--
INFO: Run Behavior\ShowPageTraceBehavior [ RunTime:0.000948s ]
INFO: [ app_end ] --END-- [ RunTime:0.001145s ]

[ 2017-11-19T11:34:38+08:00 ] 113.88.66.253 /shop3.6/Home/Order/check_order_info?id=12&number=1
INFO: [ app_init ] --START--
INFO: Run Behavior\BuildLiteBehavior [ RunTime:0.000048s ]
INFO: [ app_init ] --END-- [ RunTime:0.000614s ]
INFO: [ app_begin ] --START--
INFO: Run Behavior\ReadHtmlCacheBehavior [ RunTime:0.000730s ]
INFO: [ app_begin ] --END-- [ RunTime:0.000954s ]
SQL: SHOW COLUMNS FROM `shop_goods` [ RunTime:0.0031s ]
SQL: SELECT `goodsId`,`goods_name`,`thumb_path`,`carriage`,`shop_price`,`goods_stock`,`goods_unit`,`goods_info`,`goods_classify` FROM `shop_goods` WHERE `goodsId` = 12 LIMIT 1   [ RunTime:0.0005s ]
NOTIC: [4096] Object of class Home\Controller\OrderController could not be converted to string C:\wampc\www\shop3.6\Application\Home\Controller\OrderController.class.php 第 26 行.
INFO: [ view_parse ] --START--
INFO: [ template_filter ] --START--
INFO: Run Behavior\ContentReplaceBehavior [ RunTime:0.000698s ]
INFO: [ template_filter ] --END-- [ RunTime:0.000934s ]
INFO: Run Behavior\ParseTemplateBehavior [ RunTime:0.019176s ]
INFO: [ view_parse ] --END-- [ RunTime:0.019425s ]
INFO: [ view_filter ] --START--
INFO: Run Behavior\WriteHtmlCacheBehavior [ RunTime:0.000668s ]
INFO: [ view_filter ] --END-- [ RunTime:0.000872s ]
INFO: [ app_end ] --START--
INFO: Run Behavior\ShowPageTraceBehavior [ RunTime:0.000787s ]
INFO: [ app_end ] --END-- [ RunTime:0.000995s ]

[ 2017-11-19T11:34:38+08:00 ] 113.88.66.253 /shop3.6/Home/Address/getList
INFO: [ app_init ] --START--
INFO: Run Behavior\BuildLiteBehavior [ RunTime:0.000047s ]
INFO: [ app_init ] --END-- [ RunTime:0.000681s ]
INFO: [ app_begin ] --START--
INFO: Run Behavior\ReadHtmlCacheBehavior [ RunTime:0.000713s ]
INFO: [ app_begin ] --END-- [ RunTime:0.001006s ]
SQL: SHOW COLUMNS FROM `shop_address` [ RunTime:0.0050s ]
SQL: SELECT `id`,`uid`,`name`,`phone`,`address`,`tab`,`create_time` FROM `shop_address` WHERE `uid` = 13 ORDER BY `create_time` DESC LIMIT 0,5   [ RunTime:0.0030s ]
SQL: SELECT COUNT(*) AS tp_count FROM `shop_address` WHERE `uid` = 13 LIMIT 1   [ RunTime:0.0025s ]

[ 2017-11-19T11:34:44+08:00 ] 113.88.66.253 /shop3.6/Home/Order/register
INFO: [ app_init ] --START--
INFO: Run Behavior\BuildLiteBehavior [ RunTime:0.000048s ]
INFO: [ app_init ] --END-- [ RunTime:0.000621s ]
INFO: [ app_begin ] --START--
INFO: Run Behavior\ReadHtmlCacheBehavior [ RunTime:0.000687s ]
INFO: [ app_begin ] --END-- [ RunTime:0.000882s ]
NOTIC: [8] Undefined index: LOCAL_ADDR C:\wampc\www\shop3.6\Application\Home\Common\function.php 第 18 行.
NOTIC: [8] Undefined index: LOCAL_PORT C:\wampc\www\shop3.6\Application\Home\Common\function.php 第 19 行.
SQL: SHOW COLUMNS FROM `shop_order` [ RunTime:0.0039s ]
NOTIC: [8] Undefined index: validate C:\wampc\www\shop3.6\ThinkPHP\Library\Think\Model.class.php 第 1185 行.
NOTIC: [8] Undefined index: auto C:\wampc\www\shop3.6\ThinkPHP\Library\Think\Model.class.php 第 1128 行.
SQL: INSERT INTO `shop_order` (`goods_id`,`address_id`,`orderSn`,`user_id`,`order_name`,`payment_type`,`unit_price`,`number`,`total_price`,`remark`,`create_time`) VALUES ('12','3','736498D3DA0','13','zxzx的蛇梨果订单','货到付款','18.00','1','28','','2017-11-19 11:34:44') [ RunTime:0.0220s ]
INFO: [ app_end ] --START--
INFO: Run Behavior\ShowPageTraceBehavior [ RunTime:0.001234s ]
INFO: [ app_end ] --END-- [ RunTime:0.001469s ]

[ 2017-11-19T11:45:49+08:00 ] 113.88.66.253 /shop3.6/Index/index.html
INFO: [ app_init ] --START--
INFO: Run Behavior\BuildLiteBehavior [ RunTime:0.000057s ]
INFO: [ app_init ] --END-- [ RunTime:0.003819s ]
INFO: [ app_begin ] --START--
INFO: Run Behavior\ReadHtmlCacheBehavior [ RunTime:0.001516s ]
INFO: [ app_begin ] --END-- [ RunTime:0.001787s ]
SQL: SHOW COLUMNS FROM `shop_goods` [ RunTime:0.0597s ]
SQL: SELECT `goodsId`,`goods_name`,`goods_sn`,`shop_price`,`goods_status`,`goods_unit`,`goods_classify`,`img_path`,`thumb_path`,`create_time` FROM `shop_goods` LIMIT 10   [ RunTime:0.0127s ]
NOTIC: [4096] Object of class Home\Controller\IndexController could not be converted to string C:\wampc\www\shop3.6\Application\Home\Controller\IndexController.class.php 第 9 行.
SQL: SELECT `goodsId`,`goods_name`,`goods_sn`,`shop_price`,`goods_status`,`goods_unit`,`goods_classify`,`img_path`,`thumb_path`,`create_time` FROM `shop_goods` WHERE `goods_classify` = '生鲜' LIMIT 10   [ RunTime:0.0036s ]
NOTIC: [4096] Object of class Home\Controller\IndexController could not be converted to string C:\wampc\www\shop3.6\Application\Home\Controller\IndexController.class.php 第 10 行.
INFO: [ view_parse ] --START--
INFO: [ template_filter ] --START--
INFO: Run Behavior\ContentReplaceBehavior [ RunTime:0.002356s ]
INFO: [ template_filter ] --END-- [ RunTime:0.002648s ]
NOTIC: [8] Undefined variable: Goods C:\wampc\www\shop3.6\Application\Runtime\Cache\Home\4ff1c5b8284f90a50fd957ef30c3e1de.php 第 130 行.
INFO: Run Behavior\ParseTemplateBehavior [ RunTime:0.070301s ]
INFO: [ view_parse ] --END-- [ RunTime:0.070608s ]
INFO: [ view_filter ] --START--
INFO: Run Behavior\WriteHtmlCacheBehavior [ RunTime:0.001869s ]
INFO: [ view_filter ] --END-- [ RunTime:0.002083s ]
INFO: [ app_end ] --START--
INFO: Run Behavior\ShowPageTraceBehavior [ RunTime:0.001572s ]
INFO: [ app_end ] --END-- [ RunTime:0.001861s ]

[ 2017-11-19T11:45:50+08:00 ] 113.88.66.253 /shop3.6/Goods/getGoodsDetails.html?id=12
INFO: [ app_init ] --START--
INFO: Run Behavior\BuildLiteBehavior [ RunTime:0.000044s ]
INFO: [ app_init ] --END-- [ RunTime:0.000597s ]
INFO: [ app_begin ] --START--
INFO: Run Behavior\ReadHtmlCacheBehavior [ RunTime:0.000686s ]
INFO: [ app_begin ] --END-- [ RunTime:0.000920s ]
SQL: SHOW COLUMNS FROM `shop_goods` [ RunTime:0.0027s ]
SQL: SELECT shop_goods.goodsId,shop_goods.goods_name,shop_goods.img_path,shop_goods.thumb_path,shop_goods.goods_sn,shop_goods.carriage,shop_goods.shop_price,shop_goods.goods_stock,shop_goods.goods_unit,shop_goods.goods_info,shop_goods.goods_classify,shop_goods.goods_status,shop_goods.goods_recommend,shop_goods.goods_competitive,shop_goods.new_product,shop_goods.hot_cakes,shop_goods_extend.goods_describe FROM `shop_goods` LEFT JOIN shop_goods_extend ON shop_goods.goodsId=shop_goods_extend.goodsId  WHERE shop_goods.goodsId = '12' LIMIT 1   [ RunTime:0.0046s ]
NOTIC: [4096] Object of class Home\Controller\GoodsController could not be converted to string C:\wampc\www\shop3.6\Application\Home\Controller\GoodsController.class.php 第 25 行.
INFO: [ view_parse ] --START--
INFO: [ template_filter ] --START--
INFO: Run Behavior\ContentReplaceBehavior [ RunTime:0.000234s ]
INFO: [ template_filter ] --END-- [ RunTime:0.000447s ]
INFO: Run Behavior\ParseTemplateBehavior [ RunTime:0.016881s ]
INFO: [ view_parse ] --END-- [ RunTime:0.017171s ]
INFO: [ view_filter ] --START--
INFO: Run Behavior\WriteHtmlCacheBehavior [ RunTime:0.000472s ]
INFO: [ view_filter ] --END-- [ RunTime:0.000668s ]
INFO: [ app_end ] --START--
INFO: Run Behavior\ShowPageTraceBehavior [ RunTime:0.000701s ]
INFO: [ app_end ] --END-- [ RunTime:0.002064s ]

[ 2017-11-19T11:45:52+08:00 ] 113.88.66.253 /shop3.6/Home/Order/check_order_info?id=12&number=1
INFO: [ app_init ] --START--
INFO: Run Behavior\BuildLiteBehavior [ RunTime:0.000044s ]
INFO: [ app_init ] --END-- [ RunTime:0.000559s ]
INFO: [ app_begin ] --START--
INFO: Run Behavior\ReadHtmlCacheBehavior [ RunTime:0.000742s ]
INFO: [ app_begin ] --END-- [ RunTime:0.000956s ]
SQL: SHOW COLUMNS FROM `shop_goods` [ RunTime:0.0026s ]
SQL: SELECT `goodsId`,`goods_name`,`thumb_path`,`carriage`,`shop_price`,`goods_stock`,`goods_unit`,`goods_info`,`goods_classify` FROM `shop_goods` WHERE `goodsId` = 12 LIMIT 1   [ RunTime:0.0003s ]
NOTIC: [4096] Object of class Home\Controller\OrderController could not be converted to string C:\wampc\www\shop3.6\Application\Home\Controller\OrderController.class.php 第 26 行.
INFO: [ view_parse ] --START--
INFO: [ template_filter ] --START--
INFO: Run Behavior\ContentReplaceBehavior [ RunTime:0.000717s ]
INFO: [ template_filter ] --END-- [ RunTime:0.000952s ]
INFO: Run Behavior\ParseTemplateBehavior [ RunTime:0.026165s ]
INFO: [ view_parse ] --END-- [ RunTime:0.026421s ]
INFO: [ view_filter ] --START--
INFO: Run Behavior\WriteHtmlCacheBehavior [ RunTime:0.000568s ]
INFO: [ view_filter ] --END-- [ RunTime:0.000796s ]
INFO: [ app_end ] --START--
INFO: Run Behavior\ShowPageTraceBehavior [ RunTime:0.000718s ]
INFO: [ app_end ] --END-- [ RunTime:0.000944s ]

[ 2017-11-19T11:45:52+08:00 ] 113.88.66.253 /shop3.6/Home/Address/getList
INFO: [ app_init ] --START--
INFO: Run Behavior\BuildLiteBehavior [ RunTime:0.000054s ]
INFO: [ app_init ] --END-- [ RunTime:0.000619s ]
INFO: [ app_begin ] --START--
INFO: Run Behavior\ReadHtmlCacheBehavior [ RunTime:0.000720s ]
INFO: [ app_begin ] --END-- [ RunTime:0.000905s ]
SQL: SHOW COLUMNS FROM `shop_address` [ RunTime:0.0042s ]
SQL: SELECT `id`,`uid`,`name`,`phone`,`address`,`tab`,`create_time` FROM `shop_address` WHERE `uid` = 13 ORDER BY `create_time` DESC LIMIT 0,5   [ RunTime:0.0026s ]
SQL: SELECT COUNT(*) AS tp_count FROM `shop_address` WHERE `uid` = 13 LIMIT 1   [ RunTime:0.0019s ]

[ 2017-11-19T11:45:59+08:00 ] 113.88.66.253 /shop3.6/Home/Order/register
INFO: [ app_init ] --START--
INFO: Run Behavior\BuildLiteBehavior [ RunTime:0.000048s ]
INFO: [ app_init ] --END-- [ RunTime:0.000637s ]
INFO: [ app_begin ] --START--
INFO: Run Behavior\ReadHtmlCacheBehavior [ RunTime:0.000736s ]
INFO: [ app_begin ] --END-- [ RunTime:0.000934s ]
NOTIC: [8] Undefined index: LOCAL_ADDR C:\wampc\www\shop3.6\Application\Home\Common\function.php 第 18 行.
NOTIC: [8] Undefined index: LOCAL_PORT C:\wampc\www\shop3.6\Application\Home\Common\function.php 第 19 行.
SQL: SHOW COLUMNS FROM `shop_order` [ RunTime:0.0032s ]
NOTIC: [8] Undefined index: validate C:\wampc\www\shop3.6\ThinkPHP\Library\Think\Model.class.php 第 1185 行.
NOTIC: [8] Undefined index: auto C:\wampc\www\shop3.6\ThinkPHP\Library\Think\Model.class.php 第 1128 行.
SQL: INSERT INTO `shop_order` (`goods_id`,`address_id`,`orderSn`,`user_id`,`order_name`,`payment_type`,`unit_price`,`number`,`total_price`,`remark`,`create_time`) VALUES ('12','2','ABC3D54A667','13','zxzx的蛇梨果订单','货到付款','18.00','1','28','','2017-11-19 11:45:59') [ RunTime:0.0208s ]
INFO: [ app_end ] --START--
INFO: Run Behavior\ShowPageTraceBehavior [ RunTime:0.000871s ]
INFO: [ app_end ] --END-- [ RunTime:0.001083s ]

[ 2017-11-19T11:46:31+08:00 ] 121.0.27.89 /shop3.6/Alipay/notify_rul
INFO: [ app_init ] --START--
INFO: Run Behavior\BuildLiteBehavior [ RunTime:0.000048s ]
INFO: [ app_init ] --END-- [ RunTime:0.000576s ]
INFO: [ app_begin ] --START--
INFO: Run Behavior\ReadHtmlCacheBehavior [ RunTime:0.000673s ]
INFO: [ app_begin ] --END-- [ RunTime:0.000882s ]
ERR: 非法操作:notify_rul

[ 2017-11-19T11:46:40+08:00 ] 113.88.66.253 /shop3.6/Alipay/return_rul?total_amount=28.00&timestamp=2017-11-19+11%3A46%3A37&sign=AZUDt6fK5bRGPe4eZX9UmAQZUOpDSL2%2B%2FMBibQKT%2FBhf10l5EHRWf5fApQVtMVD1oSIX%2BrPY3tCUoYoLe%2FUsiPBGwiy0mF9i%2FE860KPT4%2BK3mzI8MZ1F4gyxrU6nsAQWSL4p9g4iXkM4irj5hNo%2FPG7J1AueVwPZ9t6hCSn7W3NQYRKxuXXy7Vny5I4YfncrBhCkv7HW%2Fl5KObfgagykXH%2B8r5miMdvbHIgRuYpVQyMNkveA2TOBCgd3QS0936HQEbaUAD7i%2FJzxtw8Mvz3r0RGpkL8rPdz%2Fn7qlQvYtsBnpIDUYajPSmGQrCPEWJQvxgUFDqVcQdNDXiOJfy5PkTA%3D%3D&trade_no=2017111921001004760200319169&sign_type=RSA2&auth_app_id=2016073100136265&charset=UTF-8&seller_id=2088102169356454&method=alipay.trade.page.pay.return&app_id=2016073100136265&out_trade_no=ABC3D54A667&version=1.0
INFO: [ app_init ] --START--
INFO: Run Behavior\BuildLiteBehavior [ RunTime:0.000044s ]
INFO: [ app_init ] --END-- [ RunTime:0.000625s ]
INFO: [ app_begin ] --START--
INFO: Run Behavior\ReadHtmlCacheBehavior [ RunTime:0.000679s ]
INFO: [ app_begin ] --END-- [ RunTime:0.000893s ]
INFO: [ app_end ] --START--
INFO: Run Behavior\ShowPageTraceBehavior [ RunTime:0.000926s ]
INFO: [ app_end ] --END-- [ RunTime:0.001260s ]

[ 2017-11-19T11:47:30+08:00 ] 113.88.66.253 /shop3.6/Alipay/return_rul?total_amount=28.00&timestamp=2017-11-19+11%3A46%3A37&sign=AZUDt6fK5bRGPe4eZX9UmAQZUOpDSL2%2B%2FMBibQKT%2FBhf10l5EHRWf5fApQVtMVD1oSIX%2BrPY3tCUoYoLe%2FUsiPBGwiy0mF9i%2FE860KPT4%2BK3mzI8MZ1F4gyxrU6nsAQWSL4p9g4iXkM4irj5hNo%2FPG7J1AueVwPZ9t6hCSn7W3NQYRKxuXXy7Vny5I4YfncrBhCkv7HW%2Fl5KObfgagykXH%2B8r5miMdvbHIgRuYpVQyMNkveA2TOBCgd3QS0936HQEbaUAD7i%2FJzxtw8Mvz3r0RGpkL8rPdz%2Fn7qlQvYtsBnpIDUYajPSmGQrCPEWJQvxgUFDqVcQdNDXiOJfy5PkTA%3D%3D&trade_no=2017111921001004760200319169&sign_type=RSA2&auth_app_id=2016073100136265&charset=UTF-8&seller_id=2088102169356454&method=alipay.trade.page.pay.return&app_id=2016073100136265&out_trade_no=ABC3D54A667&version=1.0
INFO: [ app_init ] --START--
INFO: Run Behavior\BuildLiteBehavior [ RunTime:0.000048s ]
INFO: [ app_init ] --END-- [ RunTime:0.000648s ]
INFO: [ app_begin ] --START--
INFO: Run Behavior\ReadHtmlCacheBehavior [ RunTime:0.000760s ]
INFO: [ app_begin ] --END-- [ RunTime:0.001095s ]
INFO: [ app_end ] --START--
INFO: Run Behavior\ShowPageTraceBehavior [ RunTime:0.000876s ]
INFO: [ app_end ] --END-- [ RunTime:0.001147s ]

[ 2017-11-19T11:48:41+08:00 ] 113.88.66.253 /shop3.6/Index/index.html
INFO: [ app_init ] --START--
INFO: Run Behavior\BuildLiteBehavior [ RunTime:0.000047s ]
INFO: [ app_init ] --END-- [ RunTime:0.000566s ]
INFO: [ app_begin ] --START--
INFO: Run Behavior\ReadHtmlCacheBehavior [ RunTime:0.000660s ]
INFO: [ app_begin ] --END-- [ RunTime:0.000877s ]
SQL: SHOW COLUMNS FROM `shop_goods` [ RunTime:0.0272s ]
SQL: SELECT `goodsId`,`goods_name`,`goods_sn`,`shop_price`,`goods_status`,`goods_unit`,`goods_classify`,`img_path`,`thumb_path`,`create_time` FROM `shop_goods` LIMIT 10   [ RunTime:0.0175s ]
NOTIC: [4096] Object of class Home\Controller\IndexController could not be converted to string C:\wampc\www\shop3.6\Application\Home\Controller\IndexController.class.php 第 9 行.
SQL: SELECT `goodsId`,`goods_name`,`goods_sn`,`shop_price`,`goods_status`,`goods_unit`,`goods_classify`,`img_path`,`thumb_path`,`create_time` FROM `shop_goods` WHERE `goods_classify` = '生鲜' LIMIT 10   [ RunTime:0.0017s ]
NOTIC: [4096] Object of class Home\Controller\IndexController could not be converted to string C:\wampc\www\shop3.6\Application\Home\Controller\IndexController.class.php 第 10 行.
INFO: [ view_parse ] --START--
INFO: [ template_filter ] --START--
INFO: Run Behavior\ContentReplaceBehavior [ RunTime:0.000274s ]
INFO: [ template_filter ] --END-- [ RunTime:0.000491s ]
NOTIC: [8] Undefined variable: Goods C:\wampc\www\shop3.6\Application\Runtime\Cache\Home\4ff1c5b8284f90a50fd957ef30c3e1de.php 第 130 行.
INFO: Run Behavior\ParseTemplateBehavior [ RunTime:0.048708s ]
INFO: [ view_parse ] --END-- [ RunTime:0.048969s ]
INFO: [ view_filter ] --START--
INFO: Run Behavior\WriteHtmlCacheBehavior [ RunTime:0.002983s ]
INFO: [ view_filter ] --END-- [ RunTime:0.003192s ]
INFO: [ app_end ] --START--
INFO: Run Behavior\ShowPageTraceBehavior [ RunTime:0.000905s ]
INFO: [ app_end ] --END-- [ RunTime:0.001105s ]

[ 2017-11-19T11:48:45+08:00 ] 113.88.66.253 /shop3.6/Goods/getGoodsDetails.html?id=11
INFO: [ app_init ] --START--
INFO: Run Behavior\BuildLiteBehavior [ RunTime:0.000061s ]
INFO: [ app_init ] --END-- [ RunTime:0.000641s ]
INFO: [ app_begin ] --START--
INFO: Run Behavior\ReadHtmlCacheBehavior [ RunTime:0.000727s ]
INFO: [ app_begin ] --END-- [ RunTime:0.000962s ]
SQL: SHOW COLUMNS FROM `shop_goods` [ RunTime:0.0037s ]
SQL: SELECT shop_goods.goodsId,shop_goods.goods_name,shop_goods.img_path,shop_goods.thumb_path,shop_goods.goods_sn,shop_goods.carriage,shop_goods.shop_price,shop_goods.goods_stock,shop_goods.goods_unit,shop_goods.goods_info,shop_goods.goods_classify,shop_goods.goods_status,shop_goods.goods_recommend,shop_goods.goods_competitive,shop_goods.new_product,shop_goods.hot_cakes,shop_goods_extend.goods_describe FROM `shop_goods` LEFT JOIN shop_goods_extend ON shop_goods.goodsId=shop_goods_extend.goodsId  WHERE shop_goods.goodsId = '11' LIMIT 1   [ RunTime:0.0046s ]
NOTIC: [4096] Object of class Home\Controller\GoodsController could not be converted to string C:\wampc\www\shop3.6\Application\Home\Controller\GoodsController.class.php 第 25 行.
INFO: [ view_parse ] --START--
INFO: [ template_filter ] --START--
INFO: Run Behavior\ContentReplaceBehavior [ RunTime:0.000237s ]
INFO: [ template_filter ] --END-- [ RunTime:0.000475s ]
INFO: Run Behavior\ParseTemplateBehavior [ RunTime:0.016577s ]
INFO: [ view_parse ] --END-- [ RunTime:0.016864s ]
INFO: [ view_filter ] --START--
INFO: Run Behavior\WriteHtmlCacheBehavior [ RunTime:0.000589s ]
INFO: [ view_filter ] --END-- [ RunTime:0.000809s ]
INFO: [ app_end ] --START--
INFO: Run Behavior\ShowPageTraceBehavior [ RunTime:0.000728s ]
INFO: [ app_end ] --END-- [ RunTime:0.000933s ]

[ 2017-11-19T11:48:46+08:00 ] 113.88.66.253 /shop3.6/Home/Order/check_order_info?id=11&number=1
INFO: [ app_init ] --START--
INFO: Run Behavior\BuildLiteBehavior [ RunTime:0.000042s ]
INFO: [ app_init ] --END-- [ RunTime:0.000544s ]
INFO: [ app_begin ] --START--
INFO: Run Behavior\ReadHtmlCacheBehavior [ RunTime:0.000624s ]
INFO: [ app_begin ] --END-- [ RunTime:0.000829s ]
SQL: SHOW COLUMNS FROM `shop_goods` [ RunTime:0.0037s ]
SQL: SELECT `goodsId`,`goods_name`,`thumb_path`,`carriage`,`shop_price`,`goods_stock`,`goods_unit`,`goods_info`,`goods_classify` FROM `shop_goods` WHERE `goodsId` = 11 LIMIT 1   [ RunTime:0.0004s ]
NOTIC: [4096] Object of class Home\Controller\OrderController could not be converted to string C:\wampc\www\shop3.6\Application\Home\Controller\OrderController.class.php 第 26 行.
INFO: [ view_parse ] --START--
INFO: [ template_filter ] --START--
INFO: Run Behavior\ContentReplaceBehavior [ RunTime:0.000624s ]
INFO: [ template_filter ] --END-- [ RunTime:0.000843s ]
INFO: Run Behavior\ParseTemplateBehavior [ RunTime:0.017835s ]
INFO: [ view_parse ] --END-- [ RunTime:0.018055s ]
INFO: [ view_filter ] --START--
INFO: Run Behavior\WriteHtmlCacheBehavior [ RunTime:0.000404s ]
INFO: [ view_filter ] --END-- [ RunTime:0.000596s ]
INFO: [ app_end ] --START--
INFO: Run Behavior\ShowPageTraceBehavior [ RunTime:0.000627s ]
INFO: [ app_end ] --END-- [ RunTime:0.000854s ]

[ 2017-11-19T11:48:46+08:00 ] 113.88.66.253 /shop3.6/Home/Address/getList
INFO: [ app_init ] --START--
INFO: Run Behavior\BuildLiteBehavior [ RunTime:0.000066s ]
INFO: [ app_init ] --END-- [ RunTime:0.000828s ]
INFO: [ app_begin ] --START--
INFO: Run Behavior\ReadHtmlCacheBehavior [ RunTime:0.000775s ]
INFO: [ app_begin ] --END-- [ RunTime:0.001004s ]
SQL: SHOW COLUMNS FROM `shop_address` [ RunTime:0.0046s ]
SQL: SELECT `id`,`uid`,`name`,`phone`,`address`,`tab`,`create_time` FROM `shop_address` WHERE `uid` = 13 ORDER BY `create_time` DESC LIMIT 0,5   [ RunTime:0.0022s ]
SQL: SELECT COUNT(*) AS tp_count FROM `shop_address` WHERE `uid` = 13 LIMIT 1   [ RunTime:0.0023s ]

[ 2017-11-19T11:48:53+08:00 ] 113.88.66.253 /shop3.6/Home/Order/register
INFO: [ app_init ] --START--
INFO: Run Behavior\BuildLiteBehavior [ RunTime:0.000048s ]
INFO: [ app_init ] --END-- [ RunTime:0.000674s ]
INFO: [ app_begin ] --START--
INFO: Run Behavior\ReadHtmlCacheBehavior [ RunTime:0.000846s ]
INFO: [ app_begin ] --END-- [ RunTime:0.001054s ]
NOTIC: [8] Undefined index: LOCAL_ADDR C:\wampc\www\shop3.6\Application\Home\Common\function.php 第 18 行.
NOTIC: [8] Undefined index: LOCAL_PORT C:\wampc\www\shop3.6\Application\Home\Common\function.php 第 19 行.
SQL: SHOW COLUMNS FROM `shop_order` [ RunTime:0.0043s ]
NOTIC: [8] Undefined index: validate C:\wampc\www\shop3.6\ThinkPHP\Library\Think\Model.class.php 第 1185 行.
NOTIC: [8] Undefined index: auto C:\wampc\www\shop3.6\ThinkPHP\Library\Think\Model.class.php 第 1128 行.
SQL: INSERT INTO `shop_order` (`goods_id`,`address_id`,`orderSn`,`user_id`,`order_name`,`payment_type`,`unit_price`,`number`,`total_price`,`remark`,`create_time`) VALUES ('11','2','FCD3CD10BF6','13','zxzx的香梨订单','货到付款','12.00','1','17','','2017-11-19 11:48:53') [ RunTime:0.0142s ]
INFO: [ app_end ] --START--
INFO: Run Behavior\ShowPageTraceBehavior [ RunTime:0.001100s ]
INFO: [ app_end ] --END-- [ RunTime:0.001336s ]

[ 2017-11-19T11:49:38+08:00 ] 121.0.27.89 /shop3.6/Alipay/notify_rul
INFO: [ app_init ] --START--
INFO: Run Behavior\BuildLiteBehavior [ RunTime:0.000048s ]
INFO: [ app_init ] --END-- [ RunTime:0.000639s ]
INFO: [ app_begin ] --START--
INFO: Run Behavior\ReadHtmlCacheBehavior [ RunTime:0.000727s ]
INFO: [ app_begin ] --END-- [ RunTime:0.000974s ]
ERR: 非法操作:notify_rul

[ 2017-11-19T11:49:47+08:00 ] 113.88.66.253 /shop3.6/Alipay/return_rul?total_amount=17.00&timestamp=2017-11-19+11%3A49%3A44&sign=WYSmpiSjygvDa4%2BFjh%2BavrQOFQsYR55D4NOPUTP9MqbwVXiznqXZL8NsjYfup%2BIx%2FePXyr2bgPdNWxAObGVu8UH%2FCVaa%2BrA0Fu9HiMnrwu17sYjWxwR%2BztqkB91KjCRhZ9jna90dWrF1T357rV6%2FjC8ghK5HFdKhnYENGZXYdViaLd3QTMXMYFpG9%2BV%2FZoWzMKtxE67be8t7WdSTt9fLsB9jkomHzcOL1L9SFHlUp8BJTXzNjZAhjbbGQr7CHg2PekWrSxK1yOzplILecDTH%2BWK4BqC3fdL7aJNlX7i2umcmF2FXBMJeazTC1okrr8Fv9cVHJIXGrPywHIjeGticCA%3D%3D&trade_no=2017111921001004760200319351&sign_type=RSA2&auth_app_id=2016073100136265&charset=UTF-8&seller_id=2088102169356454&method=alipay.trade.page.pay.return&app_id=2016073100136265&out_trade_no=FCD3CD10BF6&version=1.0
INFO: [ app_init ] --START--
INFO: Run Behavior\BuildLiteBehavior [ RunTime:0.000047s ]
INFO: [ app_init ] --END-- [ RunTime:0.000594s ]
INFO: [ app_begin ] --START--
INFO: Run Behavior\ReadHtmlCacheBehavior [ RunTime:0.000773s ]
INFO: [ app_begin ] --END-- [ RunTime:0.001004s ]
INFO: [ app_end ] --START--
INFO: Run Behavior\ShowPageTraceBehavior [ RunTime:0.000926s ]
INFO: [ app_end ] --END-- [ RunTime:0.001282s ]

[ 2017-11-19T11:50:20+08:00 ] 121.0.27.3 /shop3.6/Alipay/notify_rul
INFO: [ app_init ] --START--
INFO: Run Behavior\BuildLiteBehavior [ RunTime:0.000042s ]
INFO: [ app_init ] --END-- [ RunTime:0.000579s ]
INFO: [ app_begin ] --START--
INFO: Run Behavior\ReadHtmlCacheBehavior [ RunTime:0.000653s ]
INFO: [ app_begin ] --END-- [ RunTime:0.000863s ]
ERR: 非法操作:notify_rul

[ 2017-11-19T11:50:26+08:00 ] 121.0.27.3 /shop3.6/Alipay/notify_rul
INFO: [ app_init ] --START--
INFO: Run Behavior\BuildLiteBehavior [ RunTime:0.000044s ]
INFO: [ app_init ] --END-- [ RunTime:0.000572s ]
INFO: [ app_begin ] --START--
INFO: Run Behavior\ReadHtmlCacheBehavior [ RunTime:0.000588s ]
INFO: [ app_begin ] --END-- [ RunTime:0.000815s ]
ERR: 非法操作:notify_rul

[ 2017-11-19T11:50:29+08:00 ] 121.0.27.87 /shop3.6/Alipay/notify_rul
INFO: [ app_init ] --START--
INFO: Run Behavior\BuildLiteBehavior [ RunTime:0.000057s ]
INFO: [ app_init ] --END-- [ RunTime:0.000637s ]
INFO: [ app_begin ] --START--
INFO: Run Behavior\ReadHtmlCacheBehavior [ RunTime:0.000758s ]
INFO: [ app_begin ] --END-- [ RunTime:0.001014s ]
ERR: 非法操作:notify_rul

[ 2017-11-19T11:50:30+08:00 ] 121.0.27.3 /shop3.6/Alipay/notify_rul
INFO: [ app_init ] --START--
INFO: Run Behavior\BuildLiteBehavior [ RunTime:0.000048s ]
INFO: [ app_init ] --END-- [ RunTime:0.000851s ]
INFO: [ app_begin ] --START--
INFO: Run Behavior\ReadHtmlCacheBehavior [ RunTime:0.000675s ]
INFO: [ app_begin ] --END-- [ RunTime:0.000911s ]
ERR: 非法操作:notify_rul

[ 2017-11-19T11:51:26+08:00 ] 113.88.66.253 /shop3.6/Order/order.html
INFO: [ app_init ] --START--
INFO: Run Behavior\BuildLiteBehavior [ RunTime:0.000044s ]
INFO: [ app_init ] --END-- [ RunTime:0.000599s ]
INFO: [ app_begin ] --START--
INFO: Run Behavior\ReadHtmlCacheBehavior [ RunTime:0.000832s ]
INFO: [ app_begin ] --END-- [ RunTime:0.001192s ]
INFO: [ view_parse ] --START--
INFO: [ template_filter ] --START--
INFO: Run Behavior\ContentReplaceBehavior [ RunTime:0.000231s ]
INFO: [ template_filter ] --END-- [ RunTime:0.000453s ]
INFO: Run Behavior\ParseTemplateBehavior [ RunTime:0.016923s ]
INFO: [ view_parse ] --END-- [ RunTime:0.017288s ]
INFO: [ view_filter ] --START--
INFO: Run Behavior\WriteHtmlCacheBehavior [ RunTime:0.000761s ]
INFO: [ view_filter ] --END-- [ RunTime:0.000957s ]
INFO: [ app_end ] --START--
INFO: Run Behavior\ShowPageTraceBehavior [ RunTime:0.000650s ]
INFO: [ app_end ] --END-- [ RunTime:0.000847s ]

[ 2017-11-19T11:51:26+08:00 ] 113.88.66.253 /shop3.6/Home/Order/getList
INFO: [ app_init ] --START--
INFO: Run Behavior\BuildLiteBehavior [ RunTime:0.000042s ]
INFO: [ app_init ] --END-- [ RunTime:0.000556s ]
INFO: [ app_begin ] --START--
INFO: Run Behavior\ReadHtmlCacheBehavior [ RunTime:0.000653s ]
INFO: [ app_begin ] --END-- [ RunTime:0.000832s ]
SQL: SHOW COLUMNS FROM `shop_order` [ RunTime:0.0032s ]
SQL: SELECT shop_order.orderId,shop_order.order_name,shop_order.orderSn,shop_order.create_time,shop_order.unit_price,shop_order.number,shop_order.total_price,shop_order.order_status,shop_order.order_cancel,shop_goods.goodsId,shop_goods.goods_name,shop_goods.goods_info,shop_goods.thumb_path FROM `shop_order` LEFT JOIN shop_goods ON shop_order.goods_id=shop_goods.goodsId  WHERE shop_order.user_id = '13' ORDER BY `create_time` DESC LIMIT 0,10   [ RunTime:0.0038s ]
SQL: SELECT COUNT(*) AS tp_count FROM `shop_order` WHERE shop_order.user_id = '13' LIMIT 1   [ RunTime:0.0003s ]

[ 2017-11-19T11:53:08+08:00 ] 121.0.27.128 /shop3.6/Alipay/notify_rul
INFO: [ app_init ] --START--
INFO: Run Behavior\BuildLiteBehavior [ RunTime:0.000063s ]
INFO: [ app_init ] --END-- [ RunTime:0.000843s ]
INFO: [ app_begin ] --START--
INFO: Run Behavior\ReadHtmlCacheBehavior [ RunTime:0.000810s ]
INFO: [ app_begin ] --END-- [ RunTime:0.001065s ]
ERR: 非法操作:notify_rul

[ 2017-11-19T11:53:12+08:00 ] 121.0.27.87 /shop3.6/Alipay/notify_rul
INFO: [ app_init ] --START--
INFO: Run Behavior\BuildLiteBehavior [ RunTime:0.000045s ]
INFO: [ app_init ] --END-- [ RunTime:0.000887s ]
INFO: [ app_begin ] --START--
INFO: Run Behavior\ReadHtmlCacheBehavior [ RunTime:0.000888s ]
INFO: [ app_begin ] --END-- [ RunTime:0.001118s ]
ERR: 非法操作:notify_rul

[ 2017-11-19T11:53:12+08:00 ] 121.0.27.87 /shop3.6/Alipay/notify_rul
INFO: [ app_init ] --START--
INFO: Run Behavior\BuildLiteBehavior [ RunTime:0.000042s ]
INFO: [ app_init ] --END-- [ RunTime:0.000552s ]
INFO: [ app_begin ] --START--
INFO: Run Behavior\ReadHtmlCacheBehavior [ RunTime:0.000638s ]
INFO: [ app_begin ] --END-- [ RunTime:0.000868s ]
ERR: 非法操作:notify_rul

[ 2017-11-19T11:53:13+08:00 ] 121.0.27.87 /shop3.6/Alipay/notify_rul
INFO: [ app_init ] --START--
INFO: Run Behavior\BuildLiteBehavior [ RunTime:0.000069s ]
INFO: [ app_init ] --END-- [ RunTime:0.000821s ]
INFO: [ app_begin ] --START--
INFO: Run Behavior\ReadHtmlCacheBehavior [ RunTime:0.000942s ]
INFO: [ app_begin ] --END-- [ RunTime:0.001255s ]
ERR: 非法操作:notify_rul

[ 2017-11-19T11:53:23+08:00 ] 121.0.27.1 /shop3.6/Alipay/notify_rul
INFO: [ app_init ] --START--
INFO: Run Behavior\BuildLiteBehavior [ RunTime:0.000049s ]
INFO: [ app_init ] --END-- [ RunTime:0.000893s ]
INFO: [ app_begin ] --START--
INFO: Run Behavior\ReadHtmlCacheBehavior [ RunTime:0.001125s ]
INFO: [ app_begin ] --END-- [ RunTime:0.001378s ]
ERR: 非法操作:notify_rul

[ 2017-11-19T11:53:27+08:00 ] 121.0.27.1 /shop3.6/Alipay/notify_rul
INFO: [ app_init ] --START--
INFO: Run Behavior\BuildLiteBehavior [ RunTime:0.000042s ]
INFO: [ app_init ] --END-- [ RunTime:0.000550s ]
INFO: [ app_begin ] --START--
INFO: Run Behavior\ReadHtmlCacheBehavior [ RunTime:0.000610s ]
INFO: [ app_begin ] --END-- [ RunTime:0.000853s ]
ERR: 非法操作:notify_rul

[ 2017-11-19T12:01:28+08:00 ] 113.88.66.253 /shop3.6/
INFO: [ app_init ] --START--
INFO: Run Behavior\BuildLiteBehavior [ RunTime:0.000050s ]
INFO: [ app_init ] --END-- [ RunTime:0.001199s ]
INFO: [ app_begin ] --START--
INFO: Run Behavior\ReadHtmlCacheBehavior [ RunTime:0.001069s ]
INFO: [ app_begin ] --END-- [ RunTime:0.001307s ]
SQL: SHOW COLUMNS FROM `shop_goods` [ RunTime:0.0026s ]
SQL: SELECT `goodsId`,`goods_name`,`goods_sn`,`shop_price`,`goods_status`,`goods_unit`,`goods_classify`,`img_path`,`thumb_path`,`create_time` FROM `shop_goods` LIMIT 10   [ RunTime:0.0007s ]
NOTIC: [4096] Object of class Home\Controller\IndexController could not be converted to string C:\wampc\www\shop3.6\Application\Home\Controller\IndexController.class.php 第 9 行.
SQL: SELECT `goodsId`,`goods_name`,`goods_sn`,`shop_price`,`goods_status`,`goods_unit`,`goods_classify`,`img_path`,`thumb_path`,`create_time` FROM `shop_goods` WHERE `goods_classify` = '生鲜' LIMIT 10   [ RunTime:0.0006s ]
NOTIC: [4096] Object of class Home\Controller\IndexController could not be converted to string C:\wampc\www\shop3.6\Application\Home\Controller\IndexController.class.php 第 10 行.
INFO: [ view_parse ] --START--
INFO: [ template_filter ] --START--
INFO: Run Behavior\ContentReplaceBehavior [ RunTime:0.000318s ]
INFO: [ template_filter ] --END-- [ RunTime:0.000584s ]
NOTIC: [8] Undefined variable: Goods C:\wampc\www\shop3.6\Application\Runtime\Cache\Home\4ff1c5b8284f90a50fd957ef30c3e1de.php 第 130 行.
INFO: Run Behavior\ParseTemplateBehavior [ RunTime:0.048462s ]
INFO: [ view_parse ] --END-- [ RunTime:0.048742s ]
INFO: [ view_filter ] --START--
INFO: Run Behavior\WriteHtmlCacheBehavior [ RunTime:0.000991s ]
INFO: [ view_filter ] --END-- [ RunTime:0.001214s ]
INFO: [ app_end ] --START--
INFO: Run Behavior\ShowPageTraceBehavior [ RunTime:0.001149s ]
INFO: [ app_end ] --END-- [ RunTime:0.001405s ]

[ 2017-11-19T12:01:30+08:00 ] 113.88.66.253 /shop3.6/Goods/getGoodsDetails.html?id=9
INFO: [ app_init ] --START--
INFO: Run Behavior\BuildLiteBehavior [ RunTime:0.000050s ]
INFO: [ app_init ] --END-- [ RunTime:0.000594s ]
INFO: [ app_begin ] --START--
INFO: Run Behavior\ReadHtmlCacheBehavior [ RunTime:0.000619s ]
INFO: [ app_begin ] --END-- [ RunTime:0.000838s ]
SQL: SHOW COLUMNS FROM `shop_goods` [ RunTime:0.0027s ]
SQL: SELECT shop_goods.goodsId,shop_goods.goods_name,shop_goods.img_path,shop_goods.thumb_path,shop_goods.goods_sn,shop_goods.carriage,shop_goods.shop_price,shop_goods.goods_stock,shop_goods.goods_unit,shop_goods.goods_info,shop_goods.goods_classify,shop_goods.goods_status,shop_goods.goods_recommend,shop_goods.goods_competitive,shop_goods.new_product,shop_goods.hot_cakes,shop_goods_extend.goods_describe FROM `shop_goods` LEFT JOIN shop_goods_extend ON shop_goods.goodsId=shop_goods_extend.goodsId  WHERE shop_goods.goodsId = '9' LIMIT 1   [ RunTime:0.0004s ]
NOTIC: [4096] Object of class Home\Controller\GoodsController could not be converted to string C:\wampc\www\shop3.6\Application\Home\Controller\GoodsController.class.php 第 25 行.
INFO: [ view_parse ] --START--
INFO: [ template_filter ] --START--
INFO: Run Behavior\ContentReplaceBehavior [ RunTime:0.000259s ]
INFO: [ template_filter ] --END-- [ RunTime:0.000479s ]
INFO: Run Behavior\ParseTemplateBehavior [ RunTime:0.015642s ]
INFO: [ view_parse ] --END-- [ RunTime:0.015892s ]
INFO: [ view_filter ] --START--
INFO: Run Behavior\WriteHtmlCacheBehavior [ RunTime:0.000474s ]
INFO: [ view_filter ] --END-- [ RunTime:0.000668s ]
INFO: [ app_end ] --START--
INFO: Run Behavior\ShowPageTraceBehavior [ RunTime:0.000609s ]
INFO: [ app_end ] --END-- [ RunTime:0.000815s ]

[ 2017-11-19T12:01:32+08:00 ] 113.88.66.253 /shop3.6/Home/Order/check_order_info?id=9&number=1
INFO: [ app_init ] --START--
INFO: Run Behavior\BuildLiteBehavior [ RunTime:0.000042s ]
INFO: [ app_init ] --END-- [ RunTime:0.000581s ]
INFO: [ app_begin ] --START--
INFO: Run Behavior\ReadHtmlCacheBehavior [ RunTime:0.000629s ]
INFO: [ app_begin ] --END-- [ RunTime:0.000831s ]
SQL: SHOW COLUMNS FROM `shop_goods` [ RunTime:0.0021s ]
SQL: SELECT `goodsId`,`goods_name`,`thumb_path`,`carriage`,`shop_price`,`goods_stock`,`goods_unit`,`goods_info`,`goods_classify` FROM `shop_goods` WHERE `goodsId` = 9 LIMIT 1   [ RunTime:0.0004s ]
NOTIC: [4096] Object of class Home\Controller\OrderController could not be converted to string C:\wampc\www\shop3.6\Application\Home\Controller\OrderController.class.php 第 26 行.
INFO: [ view_parse ] --START--
INFO: [ template_filter ] --START--
INFO: Run Behavior\ContentReplaceBehavior [ RunTime:0.000638s ]
INFO: [ template_filter ] --END-- [ RunTime:0.000850s ]
INFO: Run Behavior\ParseTemplateBehavior [ RunTime:0.016656s ]
INFO: [ view_parse ] --END-- [ RunTime:0.016894s ]
INFO: [ view_filter ] --START--
INFO: Run Behavior\WriteHtmlCacheBehavior [ RunTime:0.000477s ]
INFO: [ view_filter ] --END-- [ RunTime:0.000669s ]
INFO: [ app_end ] --START--
INFO: Run Behavior\ShowPageTraceBehavior [ RunTime:0.000632s ]
INFO: [ app_end ] --END-- [ RunTime:0.000840s ]

[ 2017-11-19T12:01:32+08:00 ] 113.88.66.253 /shop3.6/Home/Address/getList
INFO: [ app_init ] --START--
INFO: Run Behavior\BuildLiteBehavior [ RunTime:0.000050s ]
INFO: [ app_init ] --END-- [ RunTime:0.000654s ]
INFO: [ app_begin ] --START--
INFO: Run Behavior\ReadHtmlCacheBehavior [ RunTime:0.000657s ]
INFO: [ app_begin ] --END-- [ RunTime:0.000942s ]
SQL: SHOW COLUMNS FROM `shop_address` [ RunTime:0.0072s ]
SQL: SELECT `id`,`uid`,`name`,`phone`,`address`,`tab`,`create_time` FROM `shop_address` WHERE `uid` = 2 ORDER BY `create_time` DESC LIMIT 0,5   [ RunTime:0.0048s ]
SQL: SELECT COUNT(*) AS tp_count FROM `shop_address` WHERE `uid` = 2 LIMIT 1   [ RunTime:0.0004s ]

[ 2017-11-19T12:03:20+08:00 ] 113.88.66.253 /shop3.6/
INFO: [ app_init ] --START--
INFO: Run Behavior\BuildLiteBehavior [ RunTime:0.000046s ]
INFO: [ app_init ] --END-- [ RunTime:0.000593s ]
INFO: [ app_begin ] --START--
INFO: Run Behavior\ReadHtmlCacheBehavior [ RunTime:0.000629s ]
INFO: [ app_begin ] --END-- [ RunTime:0.000833s ]
SQL: SHOW COLUMNS FROM `shop_goods` [ RunTime:0.0023s ]
SQL: SELECT `goodsId`,`goods_name`,`goods_sn`,`shop_price`,`goods_status`,`goods_unit`,`goods_classify`,`img_path`,`thumb_path`,`create_time` FROM `shop_goods` LIMIT 10   [ RunTime:0.0004s ]
NOTIC: [4096] Object of class Home\Controller\IndexController could not be converted to string C:\wampc\www\shop3.6\Application\Home\Controller\IndexController.class.php 第 9 行.
SQL: SELECT `goodsId`,`goods_name`,`goods_sn`,`shop_price`,`goods_status`,`goods_unit`,`goods_classify`,`img_path`,`thumb_path`,`create_time` FROM `shop_goods` WHERE `goods_classify` = '生鲜' LIMIT 10   [ RunTime:0.0004s ]
NOTIC: [4096] Object of class Home\Controller\IndexController could not be converted to string C:\wampc\www\shop3.6\Application\Home\Controller\IndexController.class.php 第 10 行.
INFO: [ view_parse ] --START--
INFO: [ template_filter ] --START--
INFO: Run Behavior\ContentReplaceBehavior [ RunTime:0.000273s ]
INFO: [ template_filter ] --END-- [ RunTime:0.000485s ]
NOTIC: [8] Undefined variable: Goods C:\wampc\www\shop3.6\Application\Runtime\Cache\Home\4ff1c5b8284f90a50fd957ef30c3e1de.php 第 130 行.
INFO: Run Behavior\ParseTemplateBehavior [ RunTime:0.035893s ]
INFO: [ view_parse ] --END-- [ RunTime:0.036167s ]
INFO: [ view_filter ] --START--
INFO: Run Behavior\WriteHtmlCacheBehavior [ RunTime:0.000479s ]
INFO: [ view_filter ] --END-- [ RunTime:0.000668s ]
INFO: [ app_end ] --START--
INFO: Run Behavior\ShowPageTraceBehavior [ RunTime:0.000671s ]
INFO: [ app_end ] --END-- [ RunTime:0.000873s ]

[ 2017-11-19T12:03:22+08:00 ] 113.88.66.253 /shop3.6/Index/logout.html
INFO: [ app_init ] --START--
INFO: Run Behavior\BuildLiteBehavior [ RunTime:0.000044s ]
INFO: [ app_init ] --END-- [ RunTime:0.000608s ]
INFO: [ app_begin ] --START--
INFO: Run Behavior\ReadHtmlCacheBehavior [ RunTime:0.000625s ]
INFO: [ app_begin ] --END-- [ RunTime:0.000837s ]

[ 2017-11-19T12:03:22+08:00 ] 113.88.66.253 /shop3.6/Index/Index.html
INFO: [ app_init ] --START--
INFO: Run Behavior\BuildLiteBehavior [ RunTime:0.000047s ]
INFO: [ app_init ] --END-- [ RunTime:0.000617s ]
INFO: [ app_begin ] --START--
INFO: Run Behavior\ReadHtmlCacheBehavior [ RunTime:0.000808s ]
INFO: [ app_begin ] --END-- [ RunTime:0.001090s ]
SQL: SHOW COLUMNS FROM `shop_goods` [ RunTime:0.0028s ]
SQL: SELECT `goodsId`,`goods_name`,`goods_sn`,`shop_price`,`goods_status`,`goods_unit`,`goods_classify`,`img_path`,`thumb_path`,`create_time` FROM `shop_goods` LIMIT 10   [ RunTime:0.0004s ]
NOTIC: [4096] Object of class Home\Controller\IndexController could not be converted to string C:\wampc\www\shop3.6\Application\Home\Controller\IndexController.class.php 第 9 行.
SQL: SELECT `goodsId`,`goods_name`,`goods_sn`,`shop_price`,`goods_status`,`goods_unit`,`goods_classify`,`img_path`,`thumb_path`,`create_time` FROM `shop_goods` WHERE `goods_classify` = '生鲜' LIMIT 10   [ RunTime:0.0034s ]
NOTIC: [4096] Object of class Home\Controller\IndexController could not be converted to string C:\wampc\www\shop3.6\Application\Home\Controller\IndexController.class.php 第 10 行.
INFO: [ view_parse ] --START--
INFO: [ template_filter ] --START--
INFO: Run Behavior\ContentReplaceBehavior [ RunTime:0.000266s ]
INFO: [ template_filter ] --END-- [ RunTime:0.000497s ]
NOTIC: [8] Undefined variable: Goods C:\wampc\www\shop3.6\Application\Runtime\Cache\Home\b078c39660146fadcd953bf4591327d3.php 第 130 行.
INFO: Run Behavior\ParseTemplateBehavior [ RunTime:0.037039s ]
INFO: [ view_parse ] --END-- [ RunTime:0.037272s ]
INFO: [ view_filter ] --START--
INFO: Run Behavior\WriteHtmlCacheBehavior [ RunTime:0.000570s ]
INFO: [ view_filter ] --END-- [ RunTime:0.000763s ]
INFO: [ app_end ] --START--
INFO: Run Behavior\ShowPageTraceBehavior [ RunTime:0.000632s ]
INFO: [ app_end ] --END-- [ RunTime:0.000858s ]

[ 2017-11-19T12:03:23+08:00 ] 113.88.66.253 /shop3.6/Index/login.html
INFO: [ app_init ] --START--
INFO: Run Behavior\BuildLiteBehavior [ RunTime:0.000047s ]
INFO: [ app_init ] --END-- [ RunTime:0.000620s ]
INFO: [ app_begin ] --START--
INFO: Run Behavior\ReadHtmlCacheBehavior [ RunTime:0.000691s ]
INFO: [ app_begin ] --END-- [ RunTime:0.000933s ]
INFO: [ view_parse ] --START--
INFO: [ template_filter ] --START--
INFO: Run Behavior\ContentReplaceBehavior [ RunTime:0.000184s ]
INFO: [ template_filter ] --END-- [ RunTime:0.000433s ]
INFO: Run Behavior\ParseTemplateBehavior [ RunTime:0.009312s ]
INFO: [ view_parse ] --END-- [ RunTime:0.009540s ]
INFO: [ view_filter ] --START--
INFO: Run Behavior\WriteHtmlCacheBehavior [ RunTime:0.000488s ]
INFO: [ view_filter ] --END-- [ RunTime:0.000698s ]
INFO: [ app_end ] --START--
INFO: Run Behavior\ShowPageTraceBehavior [ RunTime:0.000699s ]
INFO: [ app_end ] --END-- [ RunTime:0.000956s ]

[ 2017-11-19T12:03:28+08:00 ] 113.88.66.253 /shop3.6/Home/Login/checkUser
INFO: [ app_init ] --START--
INFO: Run Behavior\BuildLiteBehavior [ RunTime:0.000050s ]
INFO: [ app_init ] --END-- [ RunTime:0.000589s ]
INFO: [ app_begin ] --START--
INFO: Run Behavior\ReadHtmlCacheBehavior [ RunTime:0.000635s ]
INFO: [ app_begin ] --END-- [ RunTime:0.000826s ]
SQL: SHOW COLUMNS FROM `shop_user` [ RunTime:0.0018s ]
NOTIC: [8] Undefined index: validate C:\wampc\www\shop3.6\ThinkPHP\Library\Think\Model.class.php 第 1185 行.
NOTIC: [8] Undefined index: auto C:\wampc\www\shop3.6\ThinkPHP\Library\Think\Model.class.php 第 1128 行.
SQL: SELECT `id`,`accounts`,`state` FROM `shop_user` WHERE `accounts` = 'test' AND `password` = '601f1889667efaebb33b8c12572835da3f027f78' LIMIT 1   [ RunTime:0.0013s ]
SQL: UPDATE `shop_user` SET `last_login_time`='2017-11-19 12:03:28',`last_login_ip`='113.88.66.253',`login_count`=login_count+1 WHERE `id` = 14 [ RunTime:0.0033s ]
INFO: [ app_end ] --START--
INFO: Run Behavior\ShowPageTraceBehavior [ RunTime:0.000816s ]
INFO: [ app_end ] --END-- [ RunTime:0.001038s ]

[ 2017-11-19T12:03:28+08:00 ] 113.88.66.253 /shop3.6/Index/index.html
INFO: [ app_init ] --START--
INFO: Run Behavior\BuildLiteBehavior [ RunTime:0.000048s ]
INFO: [ app_init ] --END-- [ RunTime:0.000588s ]
INFO: [ app_begin ] --START--
INFO: Run Behavior\ReadHtmlCacheBehavior [ RunTime:0.000843s ]
INFO: [ app_begin ] --END-- [ RunTime:0.001159s ]
SQL: SHOW COLUMNS FROM `shop_goods` [ RunTime:0.0022s ]
SQL: SELECT `goodsId`,`goods_name`,`goods_sn`,`shop_price`,`goods_status`,`goods_unit`,`goods_classify`,`img_path`,`thumb_path`,`create_time` FROM `shop_goods` LIMIT 10   [ RunTime:0.0005s ]
NOTIC: [4096] Object of class Home\Controller\IndexController could not be converted to string C:\wampc\www\shop3.6\Application\Home\Controller\IndexController.class.php 第 9 行.
SQL: SELECT `goodsId`,`goods_name`,`goods_sn`,`shop_price`,`goods_status`,`goods_unit`,`goods_classify`,`img_path`,`thumb_path`,`create_time` FROM `shop_goods` WHERE `goods_classify` = '生鲜' LIMIT 10   [ RunTime:0.0005s ]
NOTIC: [4096] Object of class Home\Controller\IndexController could not be converted to string C:\wampc\www\shop3.6\Application\Home\Controller\IndexController.class.php 第 10 行.
INFO: [ view_parse ] --START--
INFO: [ template_filter ] --START--
INFO: Run Behavior\ContentReplaceBehavior [ RunTime:0.000270s ]
INFO: [ template_filter ] --END-- [ RunTime:0.000502s ]
NOTIC: [8] Undefined variable: Goods C:\wampc\www\shop3.6\Application\Runtime\Cache\Home\4ff1c5b8284f90a50fd957ef30c3e1de.php 第 130 行.
INFO: Run Behavior\ParseTemplateBehavior [ RunTime:0.035539s ]
INFO: [ view_parse ] --END-- [ RunTime:0.035775s ]
INFO: [ view_filter ] --START--
INFO: Run Behavior\WriteHtmlCacheBehavior [ RunTime:0.000619s ]
INFO: [ view_filter ] --END-- [ RunTime:0.000825s ]
INFO: [ app_end ] --START--
INFO: Run Behavior\ShowPageTraceBehavior [ RunTime:0.000731s ]
INFO: [ app_end ] --END-- [ RunTime:0.000964s ]

[ 2017-11-19T12:03:30+08:00 ] 113.88.66.253 /shop3.6/Goods/getGoodsDetails.html?id=9
INFO: [ app_init ] --START--
INFO: Run Behavior\BuildLiteBehavior [ RunTime:0.000041s ]
INFO: [ app_init ] --END-- [ RunTime:0.000543s ]
INFO: [ app_begin ] --START--
INFO: Run Behavior\ReadHtmlCacheBehavior [ RunTime:0.000613s ]
INFO: [ app_begin ] --END-- [ RunTime:0.000816s ]
SQL: SHOW COLUMNS FROM `shop_goods` [ RunTime:0.0036s ]
SQL: SELECT shop_goods.goodsId,shop_goods.goods_name,shop_goods.img_path,shop_goods.thumb_path,shop_goods.goods_sn,shop_goods.carriage,shop_goods.shop_price,shop_goods.goods_stock,shop_goods.goods_unit,shop_goods.goods_info,shop_goods.goods_classify,shop_goods.goods_status,shop_goods.goods_recommend,shop_goods.goods_competitive,shop_goods.new_product,shop_goods.hot_cakes,shop_goods_extend.goods_describe FROM `shop_goods` LEFT JOIN shop_goods_extend ON shop_goods.goodsId=shop_goods_extend.goodsId  WHERE shop_goods.goodsId = '9' LIMIT 1   [ RunTime:0.0005s ]
NOTIC: [4096] Object of class Home\Controller\GoodsController could not be converted to string C:\wampc\www\shop3.6\Application\Home\Controller\GoodsController.class.php 第 25 行.
INFO: [ view_parse ] --START--
INFO: [ template_filter ] --START--
INFO: Run Behavior\ContentReplaceBehavior [ RunTime:0.000310s ]
INFO: [ template_filter ] --END-- [ RunTime:0.000603s ]
INFO: Run Behavior\ParseTemplateBehavior [ RunTime:0.017295s ]
INFO: [ view_parse ] --END-- [ RunTime:0.017595s ]
INFO: [ view_filter ] --START--
INFO: Run Behavior\WriteHtmlCacheBehavior [ RunTime:0.000725s ]
INFO: [ view_filter ] --END-- [ RunTime:0.001012s ]
INFO: [ app_end ] --START--
INFO: Run Behavior\ShowPageTraceBehavior [ RunTime:0.000657s ]
INFO: [ app_end ] --END-- [ RunTime:0.000856s ]

[ 2017-11-19T12:03:33+08:00 ] 113.88.66.253 /shop3.6/Home/Order/check_order_info?id=9&number=1
INFO: [ app_init ] --START--
INFO: Run Behavior\BuildLiteBehavior [ RunTime:0.000048s ]
INFO: [ app_init ] --END-- [ RunTime:0.000594s ]
INFO: [ app_begin ] --START--
INFO: Run Behavior\ReadHtmlCacheBehavior [ RunTime:0.000661s ]
INFO: [ app_begin ] --END-- [ RunTime:0.000884s ]
SQL: SHOW COLUMNS FROM `shop_goods` [ RunTime:0.0021s ]
SQL: SELECT `goodsId`,`goods_name`,`thumb_path`,`carriage`,`shop_price`,`goods_stock`,`goods_unit`,`goods_info`,`goods_classify` FROM `shop_goods` WHERE `goodsId` = 9 LIMIT 1   [ RunTime:0.0005s ]
NOTIC: [4096] Object of class Home\Controller\OrderController could not be converted to string C:\wampc\www\shop3.6\Application\Home\Controller\OrderController.class.php 第 26 行.
INFO: [ view_parse ] --START--
INFO: [ template_filter ] --START--
INFO: Run Behavior\ContentReplaceBehavior [ RunTime:0.000307s ]
INFO: [ template_filter ] --END-- [ RunTime:0.000535s ]
INFO: Run Behavior\ParseTemplateBehavior [ RunTime:0.015705s ]
INFO: [ view_parse ] --END-- [ RunTime:0.015939s ]
INFO: [ view_filter ] --START--
INFO: Run Behavior\WriteHtmlCacheBehavior [ RunTime:0.000575s ]
INFO: [ view_filter ] --END-- [ RunTime:0.000772s ]
INFO: [ app_end ] --START--
INFO: Run Behavior\ShowPageTraceBehavior [ RunTime:0.000707s ]
INFO: [ app_end ] --END-- [ RunTime:0.000932s ]

[ 2017-11-19T12:03:34+08:00 ] 113.88.66.253 /shop3.6/Home/Address/getList
INFO: [ app_init ] --START--
INFO: Run Behavior\BuildLiteBehavior [ RunTime:0.000049s ]
INFO: [ app_init ] --END-- [ RunTime:0.000622s ]
INFO: [ app_begin ] --START--
INFO: Run Behavior\ReadHtmlCacheBehavior [ RunTime:0.000655s ]
INFO: [ app_begin ] --END-- [ RunTime:0.000845s ]
SQL: SHOW COLUMNS FROM `shop_address` [ RunTime:0.0022s ]
SQL: SELECT `id`,`uid`,`name`,`phone`,`address`,`tab`,`create_time` FROM `shop_address` WHERE `uid` = 14 ORDER BY `create_time` DESC LIMIT 0,5   [ RunTime:0.0005s ]
SQL: SELECT COUNT(*) AS tp_count FROM `shop_address` WHERE `uid` = 14 LIMIT 1   [ RunTime:0.0004s ]

[ 2017-11-19T13:54:36+08:00 ] 183.57.53.197 /shop3.6/
INFO: [ app_init ] --START--
INFO: Run Behavior\BuildLiteBehavior [ RunTime:0.000044s ]
INFO: [ app_init ] --END-- [ RunTime:0.000789s ]
INFO: [ app_begin ] --START--
INFO: Run Behavior\ReadHtmlCacheBehavior [ RunTime:0.000954s ]
INFO: [ app_begin ] --END-- [ RunTime:0.001165s ]
SQL: SHOW COLUMNS FROM `shop_goods` [ RunTime:0.0023s ]
SQL: SELECT `goodsId`,`goods_name`,`goods_sn`,`shop_price`,`goods_status`,`goods_unit`,`goods_classify`,`img_path`,`thumb_path`,`create_time` FROM `shop_goods` LIMIT 10   [ RunTime:0.0004s ]
NOTIC: [4096] Object of class Home\Controller\IndexController could not be converted to string C:\wampc\www\shop3.6\Application\Home\Controller\IndexController.class.php 第 9 行.
SQL: SELECT `goodsId`,`goods_name`,`goods_sn`,`shop_price`,`goods_status`,`goods_unit`,`goods_classify`,`img_path`,`thumb_path`,`create_time` FROM `shop_goods` WHERE `goods_classify` = '生鲜' LIMIT 10   [ RunTime:0.0003s ]
NOTIC: [4096] Object of class Home\Controller\IndexController could not be converted to string C:\wampc\www\shop3.6\Application\Home\Controller\IndexController.class.php 第 10 行.
INFO: [ view_parse ] --START--
INFO: [ template_filter ] --START--
INFO: Run Behavior\ContentReplaceBehavior [ RunTime:0.000259s ]
INFO: [ template_filter ] --END-- [ RunTime:0.000478s ]
NOTIC: [8] Undefined variable: Goods C:\wampc\www\shop3.6\Application\Runtime\Cache\Home\4ff1c5b8284f90a50fd957ef30c3e1de.php 第 130 行.
INFO: Run Behavior\ParseTemplateBehavior [ RunTime:0.046461s ]
INFO: [ view_parse ] --END-- [ RunTime:0.046709s ]
INFO: [ view_filter ] --START--
INFO: Run Behavior\WriteHtmlCacheBehavior [ RunTime:0.001210s ]
INFO: [ view_filter ] --END-- [ RunTime:0.001527s ]
INFO: [ app_end ] --START--
INFO: Run Behavior\ShowPageTraceBehavior [ RunTime:0.001074s ]
INFO: [ app_end ] --END-- [ RunTime:0.001420s ]

[ 2017-11-19T14:36:30+08:00 ] 183.57.53.222 /shop3.6/Index/index.html
INFO: [ app_init ] --START--
INFO: Run Behavior\BuildLiteBehavior [ RunTime:0.000079s ]
INFO: [ app_init ] --END-- [ RunTime:0.001293s ]
INFO: [ app_begin ] --START--
INFO: Run Behavior\ReadHtmlCacheBehavior [ RunTime:0.001229s ]
INFO: [ app_begin ] --END-- [ RunTime:0.001482s ]
SQL: SHOW COLUMNS FROM `shop_goods` [ RunTime:0.0022s ]
SQL: SELECT `goodsId`,`goods_name`,`goods_sn`,`shop_price`,`goods_status`,`goods_unit`,`goods_classify`,`img_path`,`thumb_path`,`create_time` FROM `shop_goods` LIMIT 10   [ RunTime:0.0006s ]
NOTIC: [4096] Object of class Home\Controller\IndexController could not be converted to string C:\wampc\www\shop3.6\Application\Home\Controller\IndexController.class.php 第 9 行.
SQL: SELECT `goodsId`,`goods_name`,`goods_sn`,`shop_price`,`goods_status`,`goods_unit`,`goods_classify`,`img_path`,`thumb_path`,`create_time` FROM `shop_goods` WHERE `goods_classify` = '生鲜' LIMIT 10   [ RunTime:0.0006s ]
NOTIC: [4096] Object of class Home\Controller\IndexController could not be converted to string C:\wampc\www\shop3.6\Application\Home\Controller\IndexController.class.php 第 10 行.
INFO: [ view_parse ] --START--
INFO: [ template_filter ] --START--
INFO: Run Behavior\ContentReplaceBehavior [ RunTime:0.000430s ]
INFO: [ template_filter ] --END-- [ RunTime:0.000761s ]
NOTIC: [8] Undefined variable: Goods C:\wampc\www\shop3.6\Application\Runtime\Cache\Home\4ff1c5b8284f90a50fd957ef30c3e1de.php 第 130 行.
INFO: Run Behavior\ParseTemplateBehavior [ RunTime:0.042626s ]
INFO: [ view_parse ] --END-- [ RunTime:0.042966s ]
INFO: [ view_filter ] --START--
INFO: Run Behavior\WriteHtmlCacheBehavior [ RunTime:0.001330s ]
INFO: [ view_filter ] --END-- [ RunTime:0.001556s ]
INFO: [ app_end ] --START--
INFO: Run Behavior\ShowPageTraceBehavior [ RunTime:0.001488s ]
INFO: [ app_end ] --END-- [ RunTime:0.001714s ]

