[ 2017-11-18T18:50:08+08:00 ] 127.0.0.1 /shop3.5/
INFO: [ app_init ] --START--
INFO: Run Behavior\BuildLiteBehavior [ RunTime:0.000000s ]
INFO: [ app_init ] --END-- [ RunTime:0.000976s ]
INFO: [ app_begin ] --START--
INFO: Run Behavior\ReadHtmlCacheBehavior [ RunTime:0.001953s ]
INFO: [ app_begin ] --END-- [ RunTime:0.001953s ]
SQL: SHOW COLUMNS FROM `shop_goods` [ RunTime:0.0098s ]
SQL: SELECT `goodsId`,`goods_name`,`goods_sn`,`shop_price`,`goods_status`,`goods_unit`,`goods_classify`,`img_path`,`thumb_path`,`create_time` FROM `shop_goods` LIMIT 10   [ RunTime:0.0020s ]
NOTIC: [4096] Object of class Home\Controller\IndexController could not be converted to string D:\WampServer\wamp\www\shop3.5\Application\Home\Controller\IndexController.class.php 第 9 行.
SQL: SELECT `goodsId`,`goods_name`,`goods_sn`,`shop_price`,`goods_status`,`goods_unit`,`goods_classify`,`img_path`,`thumb_path`,`create_time` FROM `shop_goods` WHERE `goods_classify` = '生鲜' LIMIT 10   [ RunTime:0.0010s ]
NOTIC: [4096] Object of class Home\Controller\IndexController could not be converted to string D:\WampServer\wamp\www\shop3.5\Application\Home\Controller\IndexController.class.php 第 10 行.
INFO: [ view_parse ] --START--
INFO: [ template_filter ] --START--
INFO: Run Behavior\ContentReplaceBehavior [ RunTime:0.000000s ]
INFO: [ template_filter ] --END-- [ RunTime:0.000000s ]
NOTIC: [8] Undefined variable: Goods D:\WampServer\wamp\www\shop3.5\Application\Runtime\Cache\Home\4ff1c5b8284f90a50fd957ef30c3e1de.php 第 130 行.
INFO: Run Behavior\ParseTemplateBehavior [ RunTime:0.067383s ]
INFO: [ view_parse ] --END-- [ RunTime:0.067383s ]
INFO: [ view_filter ] --START--
INFO: Run Behavior\WriteHtmlCacheBehavior [ RunTime:0.001953s ]
INFO: [ view_filter ] --END-- [ RunTime:0.001953s ]
INFO: [ app_end ] --START--
INFO: Run Behavior\ShowPageTraceBehavior [ RunTime:0.001953s ]
INFO: [ app_end ] --END-- [ RunTime:0.001953s ]

[ 2017-11-18T18:50:16+08:00 ] 127.0.0.1 /shop3.5/Goods/getGoodsDetails.html?id=9
INFO: [ app_init ] --START--
INFO: Run Behavior\BuildLiteBehavior [ RunTime:0.000000s ]
INFO: [ app_init ] --END-- [ RunTime:0.000976s ]
INFO: [ app_begin ] --START--
INFO: Run Behavior\ReadHtmlCacheBehavior [ RunTime:0.001954s ]
INFO: [ app_begin ] --END-- [ RunTime:0.001954s ]
SQL: SHOW COLUMNS FROM `shop_goods` [ RunTime:0.0098s ]
SQL: SELECT shop_goods.goodsId,shop_goods.goods_name,shop_goods.img_path,shop_goods.thumb_path,shop_goods.goods_sn,shop_goods.carriage,shop_goods.shop_price,shop_goods.goods_stock,shop_goods.goods_unit,shop_goods.goods_info,shop_goods.goods_classify,shop_goods.goods_status,shop_goods.goods_recommend,shop_goods.goods_competitive,shop_goods.new_product,shop_goods.hot_cakes,shop_goods_extend.goods_describe FROM `shop_goods` LEFT JOIN shop_goods_extend ON shop_goods.goodsId=shop_goods_extend.goodsId  WHERE shop_goods.goodsId = '9' LIMIT 1   [ RunTime:0.0010s ]
NOTIC: [4096] Object of class Home\Controller\GoodsController could not be converted to string D:\WampServer\wamp\www\shop3.5\Application\Home\Controller\GoodsController.class.php 第 25 行.
INFO: [ view_parse ] --START--
INFO: [ template_filter ] --START--
INFO: Run Behavior\ContentReplaceBehavior [ RunTime:0.000977s ]
INFO: [ template_filter ] --END-- [ RunTime:0.000977s ]
INFO: Run Behavior\ParseTemplateBehavior [ RunTime:0.027344s ]
INFO: [ view_parse ] --END-- [ RunTime:0.028321s ]
INFO: [ view_filter ] --START--
INFO: Run Behavior\WriteHtmlCacheBehavior [ RunTime:0.000976s ]
INFO: [ view_filter ] --END-- [ RunTime:0.000976s ]
INFO: [ app_end ] --START--
INFO: Run Behavior\ShowPageTraceBehavior [ RunTime:0.001953s ]
INFO: [ app_end ] --END-- [ RunTime:0.001953s ]

[ 2017-11-18T18:50:22+08:00 ] 127.0.0.1 /shop3.5/Home/Order/check_order_info?id=9&number=1
INFO: [ app_init ] --START--
INFO: Run Behavior\BuildLiteBehavior [ RunTime:0.000000s ]
INFO: [ app_init ] --END-- [ RunTime:0.000977s ]
INFO: [ app_begin ] --START--
INFO: Run Behavior\ReadHtmlCacheBehavior [ RunTime:0.000977s ]
INFO: [ app_begin ] --END-- [ RunTime:0.001953s ]
SQL: SHOW COLUMNS FROM `shop_goods` [ RunTime:0.0088s ]
SQL: SELECT `goodsId`,`goods_name`,`thumb_path`,`carriage`,`shop_price`,`goods_stock`,`goods_unit`,`goods_info`,`goods_classify` FROM `shop_goods` WHERE `goodsId` = 9 LIMIT 1   [ RunTime:0.0000s ]
NOTIC: [4096] Object of class Home\Controller\OrderController could not be converted to string D:\WampServer\wamp\www\shop3.5\Application\Home\Controller\OrderController.class.php 第 25 行.
INFO: [ view_parse ] --START--
INFO: [ template_filter ] --START--
INFO: Run Behavior\ContentReplaceBehavior [ RunTime:0.000000s ]
INFO: [ template_filter ] --END-- [ RunTime:0.000976s ]
INFO: Run Behavior\ParseTemplateBehavior [ RunTime:0.028320s ]
INFO: [ view_parse ] --END-- [ RunTime:0.028320s ]
INFO: [ view_filter ] --START--
INFO: Run Behavior\WriteHtmlCacheBehavior [ RunTime:0.001954s ]
INFO: [ view_filter ] --END-- [ RunTime:0.001954s ]
INFO: [ app_end ] --START--
INFO: Run Behavior\ShowPageTraceBehavior [ RunTime:0.001953s ]
INFO: [ app_end ] --END-- [ RunTime:0.001953s ]

[ 2017-11-18T18:50:23+08:00 ] 127.0.0.1 /shop3.5/Home/Address/getList
INFO: [ app_init ] --START--
INFO: Run Behavior\BuildLiteBehavior [ RunTime:0.000000s ]
INFO: [ app_init ] --END-- [ RunTime:0.000977s ]
INFO: [ app_begin ] --START--
INFO: Run Behavior\ReadHtmlCacheBehavior [ RunTime:0.000977s ]
INFO: [ app_begin ] --END-- [ RunTime:0.000977s ]
SQL: SHOW COLUMNS FROM `shop_address` [ RunTime:0.0078s ]
SQL: SELECT `id`,`uid`,`name`,`phone`,`address`,`tab`,`create_time` FROM `shop_address` WHERE `uid` = 13 ORDER BY `create_time` DESC LIMIT 0,5   [ RunTime:0.0010s ]
SQL: SELECT COUNT(*) AS tp_count FROM `shop_address` WHERE `uid` = 13 LIMIT 1   [ RunTime:0.0010s ]

[ 2017-11-18T18:50:42+08:00 ] 127.0.0.1 /shop3.5/Home/Order/register
INFO: [ app_init ] --START--
INFO: Run Behavior\BuildLiteBehavior [ RunTime:0.000000s ]
INFO: [ app_init ] --END-- [ RunTime:0.000977s ]
INFO: [ app_begin ] --START--
INFO: Run Behavior\ReadHtmlCacheBehavior [ RunTime:0.000976s ]
INFO: [ app_begin ] --END-- [ RunTime:0.000976s ]
SQL: SHOW COLUMNS FROM `shop_order` [ RunTime:0.0088s ]
NOTIC: [8] Undefined index: LOCAL_ADDR D:\WampServer\wamp\www\shop3.5\Application\Home\Common\function.php 第 18 行.
NOTIC: [8] Undefined index: LOCAL_PORT D:\WampServer\wamp\www\shop3.5\Application\Home\Common\function.php 第 19 行.
NOTIC: [8] Undefined index: validate D:\WampServer\wamp\www\shop3.5\ThinkPHP\Library\Think\Model.class.php 第 1185 行.
NOTIC: [8] Undefined index: auto D:\WampServer\wamp\www\shop3.5\ThinkPHP\Library\Think\Model.class.php 第 1128 行.
SQL: INSERT INTO `shop_order` (`goods_id`,`address_id`,`orderSn`,`user_id`,`order_name`,`payment_type`,`unit_price`,`number`,`total_price`,`remark`,`create_time`) VALUES ('9','3','774C843C5A8','13','zxzx的车厘子订单','货到付款','39.00','1','44','','2017-11-18 18:50:42') [ RunTime:0.0283s ]

[ 2017-11-18T18:52:40+08:00 ] 127.0.0.1 /shop3.5/Home/Order/check_order_info?id=9&number=1
INFO: [ app_init ] --START--
INFO: Run Behavior\BuildLiteBehavior [ RunTime:0.000000s ]
INFO: [ app_init ] --END-- [ RunTime:0.001953s ]
INFO: [ app_begin ] --START--
INFO: Run Behavior\ReadHtmlCacheBehavior [ RunTime:0.000976s ]
INFO: [ app_begin ] --END-- [ RunTime:0.000976s ]
SQL: SHOW COLUMNS FROM `shop_goods` [ RunTime:0.0078s ]
SQL: SELECT `goodsId`,`goods_name`,`thumb_path`,`carriage`,`shop_price`,`goods_stock`,`goods_unit`,`goods_info`,`goods_classify` FROM `shop_goods` WHERE `goodsId` = 9 LIMIT 1   [ RunTime:0.0010s ]
NOTIC: [4096] Object of class Home\Controller\OrderController could not be converted to string D:\WampServer\wamp\www\shop3.5\Application\Home\Controller\OrderController.class.php 第 25 行.
INFO: [ view_parse ] --START--
INFO: [ template_filter ] --START--
INFO: Run Behavior\ContentReplaceBehavior [ RunTime:0.000000s ]
INFO: [ template_filter ] --END-- [ RunTime:0.000000s ]
INFO: Run Behavior\ParseTemplateBehavior [ RunTime:0.028320s ]
INFO: [ view_parse ] --END-- [ RunTime:0.029297s ]
INFO: [ view_filter ] --START--
INFO: Run Behavior\WriteHtmlCacheBehavior [ RunTime:0.000976s ]
INFO: [ view_filter ] --END-- [ RunTime:0.000976s ]
INFO: [ app_end ] --START--
INFO: Run Behavior\ShowPageTraceBehavior [ RunTime:0.001953s ]
INFO: [ app_end ] --END-- [ RunTime:0.001953s ]

[ 2017-11-18T18:52:43+08:00 ] 127.0.0.1 /shop3.5/Home/Address/getList
INFO: [ app_init ] --START--
INFO: Run Behavior\BuildLiteBehavior [ RunTime:0.000000s ]
INFO: [ app_init ] --END-- [ RunTime:0.000976s ]
INFO: [ app_begin ] --START--
INFO: Run Behavior\ReadHtmlCacheBehavior [ RunTime:0.000976s ]
INFO: [ app_begin ] --END-- [ RunTime:0.001953s ]
SQL: SHOW COLUMNS FROM `shop_address` [ RunTime:0.0088s ]
SQL: SELECT `id`,`uid`,`name`,`phone`,`address`,`tab`,`create_time` FROM `shop_address` WHERE `uid` = 13 ORDER BY `create_time` DESC LIMIT 0,5   [ RunTime:0.0010s ]
SQL: SELECT COUNT(*) AS tp_count FROM `shop_address` WHERE `uid` = 13 LIMIT 1   [ RunTime:0.0000s ]

[ 2017-11-18T18:52:52+08:00 ] 127.0.0.1 /shop3.5/Home/Order/register
INFO: [ app_init ] --START--
INFO: Run Behavior\BuildLiteBehavior [ RunTime:0.000000s ]
INFO: [ app_init ] --END-- [ RunTime:0.000977s ]
INFO: [ app_begin ] --START--
INFO: Run Behavior\ReadHtmlCacheBehavior [ RunTime:0.001953s ]
INFO: [ app_begin ] --END-- [ RunTime:0.001953s ]
SQL: SHOW COLUMNS FROM `shop_order` [ RunTime:0.0068s ]
NOTIC: [8] Undefined index: LOCAL_ADDR D:\WampServer\wamp\www\shop3.5\Application\Home\Common\function.php 第 18 行.
NOTIC: [8] Undefined index: LOCAL_PORT D:\WampServer\wamp\www\shop3.5\Application\Home\Common\function.php 第 19 行.
NOTIC: [8] Undefined index: validate D:\WampServer\wamp\www\shop3.5\ThinkPHP\Library\Think\Model.class.php 第 1185 行.
NOTIC: [8] Undefined index: auto D:\WampServer\wamp\www\shop3.5\ThinkPHP\Library\Think\Model.class.php 第 1128 行.
SQL: INSERT INTO `shop_order` (`goods_id`,`address_id`,`orderSn`,`user_id`,`order_name`,`payment_type`,`unit_price`,`number`,`total_price`,`remark`,`create_time`) VALUES ('9','3','A26C0851F5A','13','zxzx的车厘子订单','货到付款','39.00','1','44','','2017-11-18 18:52:52') [ RunTime:0.0400s ]
NOTIC: [8] Use of undefined constant php - assumed 'php' D:\WampServer\wamp\www\shop3.5\Application\Home\Controller\OrderController.class.php 第 51 行.

[ 2017-11-18T19:09:06+08:00 ] 127.0.0.1 /shop3.5/Home/Order/check_order_info?id=9&number=1
INFO: [ app_init ] --START--
INFO: Run Behavior\BuildLiteBehavior [ RunTime:0.000000s ]
INFO: [ app_init ] --END-- [ RunTime:0.000977s ]
INFO: [ app_begin ] --START--
INFO: Run Behavior\ReadHtmlCacheBehavior [ RunTime:0.000977s ]
INFO: [ app_begin ] --END-- [ RunTime:0.001953s ]
SQL: SHOW COLUMNS FROM `shop_goods` [ RunTime:0.0078s ]
SQL: SELECT `goodsId`,`goods_name`,`thumb_path`,`carriage`,`shop_price`,`goods_stock`,`goods_unit`,`goods_info`,`goods_classify` FROM `shop_goods` WHERE `goodsId` = 9 LIMIT 1   [ RunTime:0.0010s ]
NOTIC: [4096] Object of class Home\Controller\OrderController could not be converted to string D:\WampServer\wamp\www\shop3.5\Application\Home\Controller\OrderController.class.php 第 26 行.
INFO: [ view_parse ] --START--
INFO: [ template_filter ] --START--
INFO: Run Behavior\ContentReplaceBehavior [ RunTime:0.000976s ]
INFO: [ template_filter ] --END-- [ RunTime:0.000976s ]
INFO: Run Behavior\ParseTemplateBehavior [ RunTime:0.024414s ]
INFO: [ view_parse ] --END-- [ RunTime:0.025391s ]
INFO: [ view_filter ] --START--
INFO: Run Behavior\WriteHtmlCacheBehavior [ RunTime:0.000977s ]
INFO: [ view_filter ] --END-- [ RunTime:0.000977s ]
INFO: [ app_end ] --START--
INFO: Run Behavior\ShowPageTraceBehavior [ RunTime:0.001953s ]
INFO: [ app_end ] --END-- [ RunTime:0.001953s ]

[ 2017-11-18T19:09:09+08:00 ] 127.0.0.1 /shop3.5/Home/Address/getList
INFO: [ app_init ] --START--
INFO: Run Behavior\BuildLiteBehavior [ RunTime:0.000000s ]
INFO: [ app_init ] --END-- [ RunTime:0.000976s ]
INFO: [ app_begin ] --START--
INFO: Run Behavior\ReadHtmlCacheBehavior [ RunTime:0.002929s ]
INFO: [ app_begin ] --END-- [ RunTime:0.002929s ]
SQL: SHOW COLUMNS FROM `shop_address` [ RunTime:0.0078s ]
SQL: SELECT `id`,`uid`,`name`,`phone`,`address`,`tab`,`create_time` FROM `shop_address` WHERE `uid` = 13 ORDER BY `create_time` DESC LIMIT 0,5   [ RunTime:0.0010s ]
SQL: SELECT COUNT(*) AS tp_count FROM `shop_address` WHERE `uid` = 13 LIMIT 1   [ RunTime:0.0000s ]

[ 2017-11-18T19:09:20+08:00 ] 127.0.0.1 /shop3.5/Home/Order/register
INFO: [ app_init ] --START--
INFO: Run Behavior\BuildLiteBehavior [ RunTime:0.000000s ]
INFO: [ app_init ] --END-- [ RunTime:0.001953s ]
INFO: [ app_begin ] --START--
INFO: Run Behavior\ReadHtmlCacheBehavior [ RunTime:0.001953s ]
INFO: [ app_begin ] --END-- [ RunTime:0.001953s ]
SQL: SHOW COLUMNS FROM `shop_order` [ RunTime:0.0068s ]
NOTIC: [8] Undefined index: LOCAL_ADDR D:\WampServer\wamp\www\shop3.5\Application\Home\Common\function.php 第 18 行.
NOTIC: [8] Undefined index: LOCAL_PORT D:\WampServer\wamp\www\shop3.5\Application\Home\Common\function.php 第 19 行.
NOTIC: [8] Undefined index: validate D:\WampServer\wamp\www\shop3.5\ThinkPHP\Library\Think\Model.class.php 第 1185 行.
NOTIC: [8] Undefined index: auto D:\WampServer\wamp\www\shop3.5\ThinkPHP\Library\Think\Model.class.php 第 1128 行.
SQL: INSERT INTO `shop_order` (`goods_id`,`address_id`,`orderSn`,`user_id`,`order_name`,`payment_type`,`unit_price`,`number`,`total_price`,`remark`,`create_time`) VALUES ('9','2','262D174D17F','13','zxzx的车厘子订单','货到付款','39.00','1','44','','2017-11-18 19:09:20') [ RunTime:0.0342s ]

[ 2017-11-18T19:13:16+08:00 ] 127.0.0.1 /shop3.5/Home/Order/check_order_info?id=9&number=1
INFO: [ app_init ] --START--
INFO: Run Behavior\BuildLiteBehavior [ RunTime:0.000000s ]
INFO: [ app_init ] --END-- [ RunTime:0.001953s ]
INFO: [ app_begin ] --START--
INFO: Run Behavior\ReadHtmlCacheBehavior [ RunTime:0.000976s ]
INFO: [ app_begin ] --END-- [ RunTime:0.001953s ]
SQL: SHOW COLUMNS FROM `shop_goods` [ RunTime:0.0078s ]
SQL: SELECT `goodsId`,`goods_name`,`thumb_path`,`carriage`,`shop_price`,`goods_stock`,`goods_unit`,`goods_info`,`goods_classify` FROM `shop_goods` WHERE `goodsId` = 9 LIMIT 1   [ RunTime:0.0010s ]
NOTIC: [4096] Object of class Home\Controller\OrderController could not be converted to string D:\WampServer\wamp\www\shop3.5\Application\Home\Controller\OrderController.class.php 第 26 行.
INFO: [ view_parse ] --START--
INFO: [ template_filter ] --START--
INFO: Run Behavior\ContentReplaceBehavior [ RunTime:0.000977s ]
INFO: [ template_filter ] --END-- [ RunTime:0.000977s ]
INFO: Run Behavior\ParseTemplateBehavior [ RunTime:0.027344s ]
INFO: [ view_parse ] --END-- [ RunTime:0.027344s ]
INFO: [ view_filter ] --START--
INFO: Run Behavior\WriteHtmlCacheBehavior [ RunTime:0.000976s ]
INFO: [ view_filter ] --END-- [ RunTime:0.000976s ]
INFO: [ app_end ] --START--
INFO: Run Behavior\ShowPageTraceBehavior [ RunTime:0.000976s ]
INFO: [ app_end ] --END-- [ RunTime:0.000976s ]

[ 2017-11-18T19:13:20+08:00 ] 127.0.0.1 /shop3.5/Home/Address/getList
INFO: [ app_init ] --START--
INFO: Run Behavior\BuildLiteBehavior [ RunTime:0.000000s ]
INFO: [ app_init ] --END-- [ RunTime:0.001953s ]
INFO: [ app_begin ] --START--
INFO: Run Behavior\ReadHtmlCacheBehavior [ RunTime:0.002929s ]
INFO: [ app_begin ] --END-- [ RunTime:0.003906s ]
SQL: SHOW COLUMNS FROM `shop_address` [ RunTime:0.0088s ]
SQL: SELECT `id`,`uid`,`name`,`phone`,`address`,`tab`,`create_time` FROM `shop_address` WHERE `uid` = 13 ORDER BY `create_time` DESC LIMIT 0,5   [ RunTime:0.0010s ]
SQL: SELECT COUNT(*) AS tp_count FROM `shop_address` WHERE `uid` = 13 LIMIT 1   [ RunTime:0.0010s ]

[ 2017-11-18T19:13:31+08:00 ] 127.0.0.1 /shop3.5/Home/Order/register
INFO: [ app_init ] --START--
INFO: Run Behavior\BuildLiteBehavior [ RunTime:0.000000s ]
INFO: [ app_init ] --END-- [ RunTime:0.000977s ]
INFO: [ app_begin ] --START--
INFO: Run Behavior\ReadHtmlCacheBehavior [ RunTime:0.000977s ]
INFO: [ app_begin ] --END-- [ RunTime:0.000977s ]
SQL: SHOW COLUMNS FROM `shop_order` [ RunTime:0.0068s ]
NOTIC: [8] Undefined index: LOCAL_ADDR D:\WampServer\wamp\www\shop3.5\Application\Home\Common\function.php 第 18 行.
NOTIC: [8] Undefined index: LOCAL_PORT D:\WampServer\wamp\www\shop3.5\Application\Home\Common\function.php 第 19 行.
NOTIC: [8] Undefined index: validate D:\WampServer\wamp\www\shop3.5\ThinkPHP\Library\Think\Model.class.php 第 1185 行.
NOTIC: [8] Undefined index: auto D:\WampServer\wamp\www\shop3.5\ThinkPHP\Library\Think\Model.class.php 第 1128 行.
SQL: INSERT INTO `shop_order` (`goods_id`,`address_id`,`orderSn`,`user_id`,`order_name`,`payment_type`,`unit_price`,`number`,`total_price`,`remark`,`create_time`) VALUES ('9','2','FA9E95236E5','13','zxzx的车厘子订单','货到付款','39.00','1','44','','2017-11-18 19:13:31') [ RunTime:0.0352s ]

[ 2017-11-18T19:14:10+08:00 ] 127.0.0.1 /shop3.5/Home/Order/check_order_info?id=9&number=1
INFO: [ app_init ] --START--
INFO: Run Behavior\BuildLiteBehavior [ RunTime:0.000000s ]
INFO: [ app_init ] --END-- [ RunTime:0.001953s ]
INFO: [ app_begin ] --START--
INFO: Run Behavior\ReadHtmlCacheBehavior [ RunTime:0.001953s ]
INFO: [ app_begin ] --END-- [ RunTime:0.001953s ]
SQL: SHOW COLUMNS FROM `shop_goods` [ RunTime:0.0107s ]
SQL: SELECT `goodsId`,`goods_name`,`thumb_path`,`carriage`,`shop_price`,`goods_stock`,`goods_unit`,`goods_info`,`goods_classify` FROM `shop_goods` WHERE `goodsId` = 9 LIMIT 1   [ RunTime:0.0010s ]
NOTIC: [4096] Object of class Home\Controller\OrderController could not be converted to string D:\WampServer\wamp\www\shop3.5\Application\Home\Controller\OrderController.class.php 第 26 行.
INFO: [ view_parse ] --START--
INFO: [ template_filter ] --START--
INFO: Run Behavior\ContentReplaceBehavior [ RunTime:0.000000s ]
INFO: [ template_filter ] --END-- [ RunTime:0.000977s ]
INFO: Run Behavior\ParseTemplateBehavior [ RunTime:0.031250s ]
INFO: [ view_parse ] --END-- [ RunTime:0.031250s ]
INFO: [ view_filter ] --START--
INFO: Run Behavior\WriteHtmlCacheBehavior [ RunTime:0.001953s ]
INFO: [ view_filter ] --END-- [ RunTime:0.001953s ]
INFO: [ app_end ] --START--
INFO: Run Behavior\ShowPageTraceBehavior [ RunTime:0.000976s ]
INFO: [ app_end ] --END-- [ RunTime:0.000976s ]

[ 2017-11-18T19:14:12+08:00 ] 127.0.0.1 /shop3.5/Home/Address/getList
INFO: [ app_init ] --START--
INFO: Run Behavior\BuildLiteBehavior [ RunTime:0.000000s ]
INFO: [ app_init ] --END-- [ RunTime:0.000977s ]
INFO: [ app_begin ] --START--
INFO: Run Behavior\ReadHtmlCacheBehavior [ RunTime:0.001953s ]
INFO: [ app_begin ] --END-- [ RunTime:0.002929s ]
SQL: SHOW COLUMNS FROM `shop_address` [ RunTime:0.0068s ]
SQL: SELECT `id`,`uid`,`name`,`phone`,`address`,`tab`,`create_time` FROM `shop_address` WHERE `uid` = 13 ORDER BY `create_time` DESC LIMIT 0,5   [ RunTime:0.0010s ]
SQL: SELECT COUNT(*) AS tp_count FROM `shop_address` WHERE `uid` = 13 LIMIT 1   [ RunTime:0.0010s ]

[ 2017-11-18T19:14:20+08:00 ] 127.0.0.1 /shop3.5/Home/Order/register
INFO: [ app_init ] --START--
INFO: Run Behavior\BuildLiteBehavior [ RunTime:0.000000s ]
INFO: [ app_init ] --END-- [ RunTime:0.000977s ]
INFO: [ app_begin ] --START--
INFO: Run Behavior\ReadHtmlCacheBehavior [ RunTime:0.000977s ]
INFO: [ app_begin ] --END-- [ RunTime:0.001953s ]
SQL: SHOW COLUMNS FROM `shop_order` [ RunTime:0.0078s ]
NOTIC: [8] Undefined index: LOCAL_ADDR D:\WampServer\wamp\www\shop3.5\Application\Home\Common\function.php 第 18 行.
NOTIC: [8] Undefined index: LOCAL_PORT D:\WampServer\wamp\www\shop3.5\Application\Home\Common\function.php 第 19 行.
NOTIC: [8] Undefined index: validate D:\WampServer\wamp\www\shop3.5\ThinkPHP\Library\Think\Model.class.php 第 1185 行.
NOTIC: [8] Undefined index: auto D:\WampServer\wamp\www\shop3.5\ThinkPHP\Library\Think\Model.class.php 第 1128 行.
SQL: INSERT INTO `shop_order` (`goods_id`,`address_id`,`orderSn`,`user_id`,`order_name`,`payment_type`,`unit_price`,`number`,`total_price`,`remark`,`create_time`) VALUES ('9','3','08D0113B8A1','13','zxzx的车厘子订单','货到付款','39.00','1','44','','2017-11-18 19:14:20') [ RunTime:0.0498s ]

[ 2017-11-18T19:14:27+08:00 ] 127.0.0.1 /shop3.5/Home/Order/check_order_info?id=9&number=1
INFO: [ app_init ] --START--
INFO: Run Behavior\BuildLiteBehavior [ RunTime:0.000000s ]
INFO: [ app_init ] --END-- [ RunTime:0.000976s ]
INFO: [ app_begin ] --START--
INFO: Run Behavior\ReadHtmlCacheBehavior [ RunTime:0.001953s ]
INFO: [ app_begin ] --END-- [ RunTime:0.001953s ]
SQL: SHOW COLUMNS FROM `shop_goods` [ RunTime:0.0078s ]
SQL: SELECT `goodsId`,`goods_name`,`thumb_path`,`carriage`,`shop_price`,`goods_stock`,`goods_unit`,`goods_info`,`goods_classify` FROM `shop_goods` WHERE `goodsId` = 9 LIMIT 1   [ RunTime:0.0010s ]
NOTIC: [4096] Object of class Home\Controller\OrderController could not be converted to string D:\WampServer\wamp\www\shop3.5\Application\Home\Controller\OrderController.class.php 第 26 行.
INFO: [ view_parse ] --START--
INFO: [ template_filter ] --START--
INFO: Run Behavior\ContentReplaceBehavior [ RunTime:0.000000s ]
INFO: [ template_filter ] --END-- [ RunTime:0.000000s ]
INFO: Run Behavior\ParseTemplateBehavior [ RunTime:0.025390s ]
INFO: [ view_parse ] --END-- [ RunTime:0.027344s ]
INFO: [ view_filter ] --START--
INFO: Run Behavior\WriteHtmlCacheBehavior [ RunTime:0.000976s ]
INFO: [ view_filter ] --END-- [ RunTime:0.000976s ]
INFO: [ app_end ] --START--
INFO: Run Behavior\ShowPageTraceBehavior [ RunTime:0.000976s ]
INFO: [ app_end ] --END-- [ RunTime:0.001953s ]

[ 2017-11-18T19:14:29+08:00 ] 127.0.0.1 /shop3.5/Home/Address/getList
INFO: [ app_init ] --START--
INFO: Run Behavior\BuildLiteBehavior [ RunTime:0.000000s ]
INFO: [ app_init ] --END-- [ RunTime:0.000976s ]
INFO: [ app_begin ] --START--
INFO: Run Behavior\ReadHtmlCacheBehavior [ RunTime:0.001954s ]
INFO: [ app_begin ] --END-- [ RunTime:0.001954s ]
SQL: SHOW COLUMNS FROM `shop_address` [ RunTime:0.0078s ]
SQL: SELECT `id`,`uid`,`name`,`phone`,`address`,`tab`,`create_time` FROM `shop_address` WHERE `uid` = 13 ORDER BY `create_time` DESC LIMIT 0,5   [ RunTime:0.0010s ]
SQL: SELECT COUNT(*) AS tp_count FROM `shop_address` WHERE `uid` = 13 LIMIT 1   [ RunTime:0.0010s ]

[ 2017-11-18T19:14:39+08:00 ] 127.0.0.1 /shop3.5/Home/Order/register
INFO: [ app_init ] --START--
INFO: Run Behavior\BuildLiteBehavior [ RunTime:0.000000s ]
INFO: [ app_init ] --END-- [ RunTime:0.000977s ]
INFO: [ app_begin ] --START--
INFO: Run Behavior\ReadHtmlCacheBehavior [ RunTime:0.000977s ]
INFO: [ app_begin ] --END-- [ RunTime:0.000977s ]
SQL: SHOW COLUMNS FROM `shop_order` [ RunTime:0.0078s ]
NOTIC: [8] Undefined index: LOCAL_ADDR D:\WampServer\wamp\www\shop3.5\Application\Home\Common\function.php 第 18 行.
NOTIC: [8] Undefined index: LOCAL_PORT D:\WampServer\wamp\www\shop3.5\Application\Home\Common\function.php 第 19 行.
NOTIC: [8] Undefined index: validate D:\WampServer\wamp\www\shop3.5\ThinkPHP\Library\Think\Model.class.php 第 1185 行.
NOTIC: [8] Undefined index: auto D:\WampServer\wamp\www\shop3.5\ThinkPHP\Library\Think\Model.class.php 第 1128 行.
SQL: INSERT INTO `shop_order` (`goods_id`,`address_id`,`orderSn`,`user_id`,`order_name`,`payment_type`,`unit_price`,`number`,`total_price`,`remark`,`create_time`) VALUES ('9','6','EFCCC79B2E6','13','zxzx的车厘子订单','货到付款','39.00','1','44','','2017-11-18 19:14:39') [ RunTime:0.0381s ]

[ 2017-11-18T19:25:27+08:00 ] 127.0.0.1 /shop3.5/Home/Order/check_order_info?id=9&number=1
INFO: [ app_init ] --START--
INFO: Run Behavior\BuildLiteBehavior [ RunTime:0.000977s ]
INFO: [ app_init ] --END-- [ RunTime:0.000977s ]
INFO: [ app_begin ] --START--
INFO: Run Behavior\ReadHtmlCacheBehavior [ RunTime:0.000977s ]
INFO: [ app_begin ] --END-- [ RunTime:0.001953s ]
SQL: SHOW COLUMNS FROM `shop_goods` [ RunTime:0.0088s ]
SQL: SELECT `goodsId`,`goods_name`,`thumb_path`,`carriage`,`shop_price`,`goods_stock`,`goods_unit`,`goods_info`,`goods_classify` FROM `shop_goods` WHERE `goodsId` = 9 LIMIT 1   [ RunTime:0.0000s ]
NOTIC: [4096] Object of class Home\Controller\OrderController could not be converted to string D:\WampServer\wamp\www\shop3.5\Application\Home\Controller\OrderController.class.php 第 26 行.
INFO: [ view_parse ] --START--
INFO: [ template_filter ] --START--
INFO: Run Behavior\ContentReplaceBehavior [ RunTime:0.000000s ]
INFO: [ template_filter ] --END-- [ RunTime:0.000000s ]
INFO: Run Behavior\ParseTemplateBehavior [ RunTime:0.027344s ]
INFO: [ view_parse ] --END-- [ RunTime:0.028321s ]
INFO: [ view_filter ] --START--
INFO: Run Behavior\WriteHtmlCacheBehavior [ RunTime:0.000976s ]
INFO: [ view_filter ] --END-- [ RunTime:0.000976s ]
INFO: [ app_end ] --START--
INFO: Run Behavior\ShowPageTraceBehavior [ RunTime:0.001953s ]
INFO: [ app_end ] --END-- [ RunTime:0.001953s ]

[ 2017-11-18T19:25:31+08:00 ] 127.0.0.1 /shop3.5/Home/Address/getList
INFO: [ app_init ] --START--
INFO: Run Behavior\BuildLiteBehavior [ RunTime:0.000977s ]
INFO: [ app_init ] --END-- [ RunTime:0.000977s ]
INFO: [ app_begin ] --START--
INFO: Run Behavior\ReadHtmlCacheBehavior [ RunTime:0.001953s ]
INFO: [ app_begin ] --END-- [ RunTime:0.001953s ]
SQL: SHOW COLUMNS FROM `shop_address` [ RunTime:0.0088s ]
SQL: SELECT `id`,`uid`,`name`,`phone`,`address`,`tab`,`create_time` FROM `shop_address` WHERE `uid` = 13 ORDER BY `create_time` DESC LIMIT 0,5   [ RunTime:0.0010s ]
SQL: SELECT COUNT(*) AS tp_count FROM `shop_address` WHERE `uid` = 13 LIMIT 1   [ RunTime:0.0010s ]

[ 2017-11-18T19:25:39+08:00 ] 127.0.0.1 /shop3.5/Home/Order/register
INFO: [ app_init ] --START--
INFO: Run Behavior\BuildLiteBehavior [ RunTime:0.000000s ]
INFO: [ app_init ] --END-- [ RunTime:0.000976s ]
INFO: [ app_begin ] --START--
INFO: Run Behavior\ReadHtmlCacheBehavior [ RunTime:0.001953s ]
INFO: [ app_begin ] --END-- [ RunTime:0.001953s ]
SQL: SHOW COLUMNS FROM `shop_order` [ RunTime:0.0068s ]
NOTIC: [8] Undefined index: LOCAL_ADDR D:\WampServer\wamp\www\shop3.5\Application\Home\Common\function.php 第 18 行.
NOTIC: [8] Undefined index: LOCAL_PORT D:\WampServer\wamp\www\shop3.5\Application\Home\Common\function.php 第 19 行.
NOTIC: [8] Undefined index: validate D:\WampServer\wamp\www\shop3.5\ThinkPHP\Library\Think\Model.class.php 第 1185 行.
NOTIC: [8] Undefined index: auto D:\WampServer\wamp\www\shop3.5\ThinkPHP\Library\Think\Model.class.php 第 1128 行.
SQL: INSERT INTO `shop_order` (`goods_id`,`address_id`,`orderSn`,`user_id`,`order_name`,`payment_type`,`unit_price`,`number`,`total_price`,`remark`,`create_time`) VALUES ('9','3','02CBBE7AEDB','13','zxzx的车厘子订单','货到付款','39.00','1','44','','2017-11-18 19:25:39') [ RunTime:0.0283s ]
NOTIC: [2] require_once(D:\WampServer\wamp\www\shop3.5\ThinkPHP/AopSdk.php): failed to open stream: No such file or directory D:\WampServer\wamp\www\shop3.5\ThinkPHP\Library\Think\AlipayTradeService.class.php 第 10 行.

[ 2017-11-18T19:28:57+08:00 ] 127.0.0.1 /shop3.5/Home/Order/check_order_info?id=9&number=1
INFO: [ app_init ] --START--
INFO: Run Behavior\BuildLiteBehavior [ RunTime:0.000000s ]
INFO: [ app_init ] --END-- [ RunTime:0.000977s ]
INFO: [ app_begin ] --START--
INFO: Run Behavior\ReadHtmlCacheBehavior [ RunTime:0.000976s ]
INFO: [ app_begin ] --END-- [ RunTime:0.001953s ]
SQL: SHOW COLUMNS FROM `shop_goods` [ RunTime:0.0078s ]
SQL: SELECT `goodsId`,`goods_name`,`thumb_path`,`carriage`,`shop_price`,`goods_stock`,`goods_unit`,`goods_info`,`goods_classify` FROM `shop_goods` WHERE `goodsId` = 9 LIMIT 1   [ RunTime:0.0010s ]
NOTIC: [4096] Object of class Home\Controller\OrderController could not be converted to string D:\WampServer\wamp\www\shop3.5\Application\Home\Controller\OrderController.class.php 第 26 行.
INFO: [ view_parse ] --START--
INFO: [ template_filter ] --START--
INFO: Run Behavior\ContentReplaceBehavior [ RunTime:0.000000s ]
INFO: [ template_filter ] --END-- [ RunTime:0.000000s ]
INFO: Run Behavior\ParseTemplateBehavior [ RunTime:0.031250s ]
INFO: [ view_parse ] --END-- [ RunTime:0.031250s ]
INFO: [ view_filter ] --START--
INFO: Run Behavior\WriteHtmlCacheBehavior [ RunTime:0.000976s ]
INFO: [ view_filter ] --END-- [ RunTime:0.000976s ]
INFO: [ app_end ] --START--
INFO: Run Behavior\ShowPageTraceBehavior [ RunTime:0.001953s ]
INFO: [ app_end ] --END-- [ RunTime:0.001953s ]

[ 2017-11-18T19:29:00+08:00 ] 127.0.0.1 /shop3.5/Home/Address/getList
INFO: [ app_init ] --START--
INFO: Run Behavior\BuildLiteBehavior [ RunTime:0.000000s ]
INFO: [ app_init ] --END-- [ RunTime:0.001953s ]
INFO: [ app_begin ] --START--
INFO: Run Behavior\ReadHtmlCacheBehavior [ RunTime:0.001953s ]
INFO: [ app_begin ] --END-- [ RunTime:0.001953s ]
SQL: SHOW COLUMNS FROM `shop_address` [ RunTime:0.0078s ]
SQL: SELECT `id`,`uid`,`name`,`phone`,`address`,`tab`,`create_time` FROM `shop_address` WHERE `uid` = 13 ORDER BY `create_time` DESC LIMIT 0,5   [ RunTime:0.0010s ]
SQL: SELECT COUNT(*) AS tp_count FROM `shop_address` WHERE `uid` = 13 LIMIT 1   [ RunTime:0.0010s ]

[ 2017-11-18T19:29:09+08:00 ] 127.0.0.1 /shop3.5/Home/Order/register
INFO: [ app_init ] --START--
INFO: Run Behavior\BuildLiteBehavior [ RunTime:0.000000s ]
INFO: [ app_init ] --END-- [ RunTime:0.000976s ]
INFO: [ app_begin ] --START--
INFO: Run Behavior\ReadHtmlCacheBehavior [ RunTime:0.001953s ]
INFO: [ app_begin ] --END-- [ RunTime:0.001953s ]
SQL: SHOW COLUMNS FROM `shop_order` [ RunTime:0.0068s ]
NOTIC: [8] Undefined index: LOCAL_ADDR D:\WampServer\wamp\www\shop3.5\Application\Home\Common\function.php 第 18 行.
NOTIC: [8] Undefined index: LOCAL_PORT D:\WampServer\wamp\www\shop3.5\Application\Home\Common\function.php 第 19 行.
NOTIC: [8] Undefined index: validate D:\WampServer\wamp\www\shop3.5\ThinkPHP\Library\Think\Model.class.php 第 1185 行.
NOTIC: [8] Undefined index: auto D:\WampServer\wamp\www\shop3.5\ThinkPHP\Library\Think\Model.class.php 第 1128 行.
SQL: INSERT INTO `shop_order` (`goods_id`,`address_id`,`orderSn`,`user_id`,`order_name`,`payment_type`,`unit_price`,`number`,`total_price`,`remark`,`create_time`) VALUES ('9','5','B5D36432ABE','13','zxzx的车厘子订单','货到付款','39.00','1','44','','2017-11-18 19:29:09') [ RunTime:0.0439s ]

[ 2017-11-18T19:33:22+08:00 ] 127.0.0.1 /shop3.5/Home/Order/check_order_info?id=9&number=1
INFO: [ app_init ] --START--
INFO: Run Behavior\BuildLiteBehavior [ RunTime:0.000000s ]
INFO: [ app_init ] --END-- [ RunTime:0.000977s ]
INFO: [ app_begin ] --START--
INFO: Run Behavior\ReadHtmlCacheBehavior [ RunTime:0.000976s ]
INFO: [ app_begin ] --END-- [ RunTime:0.001953s ]
SQL: SHOW COLUMNS FROM `shop_goods` [ RunTime:0.0088s ]
SQL: SELECT `goodsId`,`goods_name`,`thumb_path`,`carriage`,`shop_price`,`goods_stock`,`goods_unit`,`goods_info`,`goods_classify` FROM `shop_goods` WHERE `goodsId` = 9 LIMIT 1   [ RunTime:0.0010s ]
NOTIC: [4096] Object of class Home\Controller\OrderController could not be converted to string D:\WampServer\wamp\www\shop3.5\Application\Home\Controller\OrderController.class.php 第 26 行.
INFO: [ view_parse ] --START--
INFO: [ template_filter ] --START--
INFO: Run Behavior\ContentReplaceBehavior [ RunTime:0.000000s ]
INFO: [ template_filter ] --END-- [ RunTime:0.000976s ]
INFO: Run Behavior\ParseTemplateBehavior [ RunTime:0.025391s ]
INFO: [ view_parse ] --END-- [ RunTime:0.025391s ]
INFO: [ view_filter ] --START--
INFO: Run Behavior\WriteHtmlCacheBehavior [ RunTime:0.000976s ]
INFO: [ view_filter ] --END-- [ RunTime:0.000976s ]
INFO: [ app_end ] --START--
INFO: Run Behavior\ShowPageTraceBehavior [ RunTime:0.001953s ]
INFO: [ app_end ] --END-- [ RunTime:0.001953s ]

[ 2017-11-18T19:33:25+08:00 ] 127.0.0.1 /shop3.5/Home/Address/getList
INFO: [ app_init ] --START--
INFO: Run Behavior\BuildLiteBehavior [ RunTime:0.000000s ]
INFO: [ app_init ] --END-- [ RunTime:0.000977s ]
INFO: [ app_begin ] --START--
INFO: Run Behavior\ReadHtmlCacheBehavior [ RunTime:0.001953s ]
INFO: [ app_begin ] --END-- [ RunTime:0.001953s ]
SQL: SHOW COLUMNS FROM `shop_address` [ RunTime:0.0088s ]
SQL: SELECT `id`,`uid`,`name`,`phone`,`address`,`tab`,`create_time` FROM `shop_address` WHERE `uid` = 13 ORDER BY `create_time` DESC LIMIT 0,5   [ RunTime:0.0020s ]
SQL: SELECT COUNT(*) AS tp_count FROM `shop_address` WHERE `uid` = 13 LIMIT 1   [ RunTime:0.0020s ]

[ 2017-11-18T19:33:34+08:00 ] 127.0.0.1 /shop3.5/Home/Order/register
INFO: [ app_init ] --START--
INFO: Run Behavior\BuildLiteBehavior [ RunTime:0.000000s ]
INFO: [ app_init ] --END-- [ RunTime:0.000977s ]
INFO: [ app_begin ] --START--
INFO: Run Behavior\ReadHtmlCacheBehavior [ RunTime:0.000977s ]
INFO: [ app_begin ] --END-- [ RunTime:0.000977s ]
SQL: SHOW COLUMNS FROM `shop_order` [ RunTime:0.0068s ]
NOTIC: [8] Undefined index: LOCAL_ADDR D:\WampServer\wamp\www\shop3.5\Application\Home\Common\function.php 第 18 行.
NOTIC: [8] Undefined index: LOCAL_PORT D:\WampServer\wamp\www\shop3.5\Application\Home\Common\function.php 第 19 行.
NOTIC: [8] Undefined index: validate D:\WampServer\wamp\www\shop3.5\ThinkPHP\Library\Think\Model.class.php 第 1185 行.
NOTIC: [8] Undefined index: auto D:\WampServer\wamp\www\shop3.5\ThinkPHP\Library\Think\Model.class.php 第 1128 行.
SQL: INSERT INTO `shop_order` (`goods_id`,`address_id`,`orderSn`,`user_id`,`order_name`,`payment_type`,`unit_price`,`number`,`total_price`,`remark`,`create_time`) VALUES ('9','2','229B5DE1F41','13','zxzx的车厘子订单','货到付款','39.00','1','44','','2017-11-18 19:33:33') [ RunTime:0.0684s ]

[ 2017-11-18T19:36:50+08:00 ] 127.0.0.1 /shop3.5/Home/Order/check_order_info?id=9&number=1
INFO: [ app_init ] --START--
INFO: Run Behavior\BuildLiteBehavior [ RunTime:0.000000s ]
INFO: [ app_init ] --END-- [ RunTime:0.000977s ]
INFO: [ app_begin ] --START--
INFO: Run Behavior\ReadHtmlCacheBehavior [ RunTime:0.000976s ]
INFO: [ app_begin ] --END-- [ RunTime:0.001953s ]
SQL: SHOW COLUMNS FROM `shop_goods` [ RunTime:0.0078s ]
SQL: SELECT `goodsId`,`goods_name`,`thumb_path`,`carriage`,`shop_price`,`goods_stock`,`goods_unit`,`goods_info`,`goods_classify` FROM `shop_goods` WHERE `goodsId` = 9 LIMIT 1   [ RunTime:0.0010s ]
NOTIC: [4096] Object of class Home\Controller\OrderController could not be converted to string D:\WampServer\wamp\www\shop3.5\Application\Home\Controller\OrderController.class.php 第 26 行.
INFO: [ view_parse ] --START--
INFO: [ template_filter ] --START--
INFO: Run Behavior\ContentReplaceBehavior [ RunTime:0.000000s ]
INFO: [ template_filter ] --END-- [ RunTime:0.000976s ]
INFO: Run Behavior\ParseTemplateBehavior [ RunTime:0.029297s ]
INFO: [ view_parse ] --END-- [ RunTime:0.029297s ]
INFO: [ view_filter ] --START--
INFO: Run Behavior\WriteHtmlCacheBehavior [ RunTime:0.000977s ]
INFO: [ view_filter ] --END-- [ RunTime:0.001953s ]
INFO: [ app_end ] --START--
INFO: Run Behavior\ShowPageTraceBehavior [ RunTime:0.001953s ]
INFO: [ app_end ] --END-- [ RunTime:0.001953s ]

[ 2017-11-18T19:36:54+08:00 ] 127.0.0.1 /shop3.5/Home/Address/getList
INFO: [ app_init ] --START--
INFO: Run Behavior\BuildLiteBehavior [ RunTime:0.000000s ]
INFO: [ app_init ] --END-- [ RunTime:0.000976s ]
INFO: [ app_begin ] --START--
INFO: Run Behavior\ReadHtmlCacheBehavior [ RunTime:0.001953s ]
INFO: [ app_begin ] --END-- [ RunTime:0.001953s ]
SQL: SHOW COLUMNS FROM `shop_address` [ RunTime:0.0107s ]
SQL: SELECT `id`,`uid`,`name`,`phone`,`address`,`tab`,`create_time` FROM `shop_address` WHERE `uid` = 13 ORDER BY `create_time` DESC LIMIT 0,5   [ RunTime:0.0020s ]
SQL: SELECT COUNT(*) AS tp_count FROM `shop_address` WHERE `uid` = 13 LIMIT 1   [ RunTime:0.0010s ]

[ 2017-11-18T19:37:06+08:00 ] 127.0.0.1 /shop3.5/Home/Order/register
INFO: [ app_init ] --START--
INFO: Run Behavior\BuildLiteBehavior [ RunTime:0.000000s ]
INFO: [ app_init ] --END-- [ RunTime:0.000976s ]
INFO: [ app_begin ] --START--
INFO: Run Behavior\ReadHtmlCacheBehavior [ RunTime:0.000976s ]
INFO: [ app_begin ] --END-- [ RunTime:0.001953s ]
SQL: SHOW COLUMNS FROM `shop_order` [ RunTime:0.0078s ]
NOTIC: [8] Undefined index: LOCAL_ADDR D:\WampServer\wamp\www\shop3.5\Application\Home\Common\function.php 第 18 行.
NOTIC: [8] Undefined index: LOCAL_PORT D:\WampServer\wamp\www\shop3.5\Application\Home\Common\function.php 第 19 行.
NOTIC: [8] Undefined index: validate D:\WampServer\wamp\www\shop3.5\ThinkPHP\Library\Think\Model.class.php 第 1185 行.
NOTIC: [8] Undefined index: auto D:\WampServer\wamp\www\shop3.5\ThinkPHP\Library\Think\Model.class.php 第 1128 行.
SQL: INSERT INTO `shop_order` (`goods_id`,`address_id`,`orderSn`,`user_id`,`order_name`,`payment_type`,`unit_price`,`number`,`total_price`,`remark`,`create_time`) VALUES ('9','3','328F51F402C','13','zxzx的车厘子订单','货到付款','39.00','1','44','','2017-11-18 19:37:06') [ RunTime:0.0840s ]
INFO: [ app_end ] --START--
INFO: Run Behavior\ShowPageTraceBehavior [ RunTime:0.000976s ]
INFO: [ app_end ] --END-- [ RunTime:0.000976s ]

[ 2017-11-18T19:39:47+08:00 ] 127.0.0.1 /shop3.5/Home/Order/check_order_info?id=9&number=1
INFO: [ app_init ] --START--
INFO: Run Behavior\BuildLiteBehavior [ RunTime:0.000000s ]
INFO: [ app_init ] --END-- [ RunTime:0.000977s ]
INFO: [ app_begin ] --START--
INFO: Run Behavior\ReadHtmlCacheBehavior [ RunTime:0.000977s ]
INFO: [ app_begin ] --END-- [ RunTime:0.000977s ]
SQL: SHOW COLUMNS FROM `shop_goods` [ RunTime:0.0117s ]
SQL: SELECT `goodsId`,`goods_name`,`thumb_path`,`carriage`,`shop_price`,`goods_stock`,`goods_unit`,`goods_info`,`goods_classify` FROM `shop_goods` WHERE `goodsId` = 9 LIMIT 1   [ RunTime:0.0010s ]
NOTIC: [4096] Object of class Home\Controller\OrderController could not be converted to string D:\WampServer\wamp\www\shop3.5\Application\Home\Controller\OrderController.class.php 第 26 行.
INFO: [ view_parse ] --START--
INFO: [ template_filter ] --START--
INFO: Run Behavior\ContentReplaceBehavior [ RunTime:0.000977s ]
INFO: [ template_filter ] --END-- [ RunTime:0.000977s ]
INFO: Run Behavior\ParseTemplateBehavior [ RunTime:0.028320s ]
INFO: [ view_parse ] --END-- [ RunTime:0.028320s ]
INFO: [ view_filter ] --START--
INFO: Run Behavior\WriteHtmlCacheBehavior [ RunTime:0.001953s ]
INFO: [ view_filter ] --END-- [ RunTime:0.001953s ]
INFO: [ app_end ] --START--
INFO: Run Behavior\ShowPageTraceBehavior [ RunTime:0.000977s ]
INFO: [ app_end ] --END-- [ RunTime:0.001953s ]

[ 2017-11-18T19:39:50+08:00 ] 127.0.0.1 /shop3.5/Home/Address/getList
INFO: [ app_init ] --START--
INFO: Run Behavior\BuildLiteBehavior [ RunTime:0.000000s ]
INFO: [ app_init ] --END-- [ RunTime:0.000977s ]
INFO: [ app_begin ] --START--
INFO: Run Behavior\ReadHtmlCacheBehavior [ RunTime:0.000977s ]
INFO: [ app_begin ] --END-- [ RunTime:0.000977s ]
SQL: SHOW COLUMNS FROM `shop_address` [ RunTime:0.0059s ]
SQL: SELECT `id`,`uid`,`name`,`phone`,`address`,`tab`,`create_time` FROM `shop_address` WHERE `uid` = 13 ORDER BY `create_time` DESC LIMIT 0,5   [ RunTime:0.0010s ]
SQL: SELECT COUNT(*) AS tp_count FROM `shop_address` WHERE `uid` = 13 LIMIT 1   [ RunTime:0.0010s ]

[ 2017-11-18T19:39:56+08:00 ] 127.0.0.1 /shop3.5/Home/Order/register
INFO: [ app_init ] --START--
INFO: Run Behavior\BuildLiteBehavior [ RunTime:0.000000s ]
INFO: [ app_init ] --END-- [ RunTime:0.000977s ]
INFO: [ app_begin ] --START--
INFO: Run Behavior\ReadHtmlCacheBehavior [ RunTime:0.000977s ]
INFO: [ app_begin ] --END-- [ RunTime:0.001954s ]
SQL: SHOW COLUMNS FROM `shop_order` [ RunTime:0.0068s ]
NOTIC: [8] Undefined index: LOCAL_ADDR D:\WampServer\wamp\www\shop3.5\Application\Home\Common\function.php 第 18 行.
NOTIC: [8] Undefined index: LOCAL_PORT D:\WampServer\wamp\www\shop3.5\Application\Home\Common\function.php 第 19 行.
NOTIC: [8] Undefined index: validate D:\WampServer\wamp\www\shop3.5\ThinkPHP\Library\Think\Model.class.php 第 1185 行.
NOTIC: [8] Undefined index: auto D:\WampServer\wamp\www\shop3.5\ThinkPHP\Library\Think\Model.class.php 第 1128 行.
SQL: INSERT INTO `shop_order` (`goods_id`,`address_id`,`orderSn`,`user_id`,`order_name`,`payment_type`,`unit_price`,`number`,`total_price`,`remark`,`create_time`) VALUES ('9','3','3D4AD37ACCC','13','zxzx的车厘子订单','货到付款','39.00','1','44','','2017-11-18 19:39:56') [ RunTime:0.0713s ]
INFO: [ app_end ] --START--
INFO: Run Behavior\ShowPageTraceBehavior [ RunTime:0.000977s ]
INFO: [ app_end ] --END-- [ RunTime:0.000977s ]

[ 2017-11-18T19:44:39+08:00 ] 127.0.0.1 /shop3.5/Home/Order/check_order_info?id=9&number=1
INFO: [ app_init ] --START--
INFO: Run Behavior\BuildLiteBehavior [ RunTime:0.000000s ]
INFO: [ app_init ] --END-- [ RunTime:0.000976s ]
INFO: [ app_begin ] --START--
INFO: Run Behavior\ReadHtmlCacheBehavior [ RunTime:0.000977s ]
INFO: [ app_begin ] --END-- [ RunTime:0.000977s ]
SQL: SHOW COLUMNS FROM `shop_goods` [ RunTime:0.0068s ]
SQL: SELECT `goodsId`,`goods_name`,`thumb_path`,`carriage`,`shop_price`,`goods_stock`,`goods_unit`,`goods_info`,`goods_classify` FROM `shop_goods` WHERE `goodsId` = 9 LIMIT 1   [ RunTime:0.0010s ]
NOTIC: [4096] Object of class Home\Controller\OrderController could not be converted to string D:\WampServer\wamp\www\shop3.5\Application\Home\Controller\OrderController.class.php 第 26 行.
INFO: [ view_parse ] --START--
INFO: [ template_filter ] --START--
INFO: Run Behavior\ContentReplaceBehavior [ RunTime:0.000977s ]
INFO: [ template_filter ] --END-- [ RunTime:0.000977s ]
INFO: Run Behavior\ParseTemplateBehavior [ RunTime:0.026367s ]
INFO: [ view_parse ] --END-- [ RunTime:0.026367s ]
INFO: [ view_filter ] --START--
INFO: Run Behavior\WriteHtmlCacheBehavior [ RunTime:0.000977s ]
INFO: [ view_filter ] --END-- [ RunTime:0.000977s ]
INFO: [ app_end ] --START--
INFO: Run Behavior\ShowPageTraceBehavior [ RunTime:0.001953s ]
INFO: [ app_end ] --END-- [ RunTime:0.001953s ]

[ 2017-11-18T19:44:42+08:00 ] 127.0.0.1 /shop3.5/Home/Address/getList
INFO: [ app_init ] --START--
INFO: Run Behavior\BuildLiteBehavior [ RunTime:0.000000s ]
INFO: [ app_init ] --END-- [ RunTime:0.000976s ]
INFO: [ app_begin ] --START--
INFO: Run Behavior\ReadHtmlCacheBehavior [ RunTime:0.000977s ]
INFO: [ app_begin ] --END-- [ RunTime:0.001953s ]
SQL: SHOW COLUMNS FROM `shop_address` [ RunTime:0.0088s ]
SQL: SELECT `id`,`uid`,`name`,`phone`,`address`,`tab`,`create_time` FROM `shop_address` WHERE `uid` = 13 ORDER BY `create_time` DESC LIMIT 0,5   [ RunTime:0.0010s ]
SQL: SELECT COUNT(*) AS tp_count FROM `shop_address` WHERE `uid` = 13 LIMIT 1   [ RunTime:0.0010s ]

[ 2017-11-18T19:44:51+08:00 ] 127.0.0.1 /shop3.5/Home/Order/register
INFO: [ app_init ] --START--
INFO: Run Behavior\BuildLiteBehavior [ RunTime:0.000000s ]
INFO: [ app_init ] --END-- [ RunTime:0.000976s ]
INFO: [ app_begin ] --START--
INFO: Run Behavior\ReadHtmlCacheBehavior [ RunTime:0.000976s ]
INFO: [ app_begin ] --END-- [ RunTime:0.000976s ]
SQL: SHOW COLUMNS FROM `shop_order` [ RunTime:0.0068s ]
NOTIC: [8] Undefined index: LOCAL_ADDR D:\WampServer\wamp\www\shop3.5\Application\Home\Common\function.php 第 18 行.
NOTIC: [8] Undefined index: LOCAL_PORT D:\WampServer\wamp\www\shop3.5\Application\Home\Common\function.php 第 19 行.
NOTIC: [8] Undefined index: validate D:\WampServer\wamp\www\shop3.5\ThinkPHP\Library\Think\Model.class.php 第 1185 行.
NOTIC: [8] Undefined index: auto D:\WampServer\wamp\www\shop3.5\ThinkPHP\Library\Think\Model.class.php 第 1128 行.
SQL: INSERT INTO `shop_order` (`goods_id`,`address_id`,`orderSn`,`user_id`,`order_name`,`payment_type`,`unit_price`,`number`,`total_price`,`remark`,`create_time`) VALUES ('9','3','5786693892A','13','zxzx的车厘子订单','货到付款','39.00','1','44','','2017-11-18 19:44:51') [ RunTime:0.0322s ]
INFO: [ app_end ] --START--
INFO: Run Behavior\ShowPageTraceBehavior [ RunTime:0.001953s ]
INFO: [ app_end ] --END-- [ RunTime:0.001953s ]

[ 2017-11-18T19:50:40+08:00 ] 127.0.0.1 /shop3.5/Index/index.html
INFO: [ app_init ] --START--
INFO: Run Behavior\BuildLiteBehavior [ RunTime:0.000000s ]
INFO: [ app_init ] --END-- [ RunTime:0.000976s ]
INFO: [ app_begin ] --START--
INFO: Run Behavior\ReadHtmlCacheBehavior [ RunTime:0.000976s ]
INFO: [ app_begin ] --END-- [ RunTime:0.001953s ]
SQL: SHOW COLUMNS FROM `shop_goods` [ RunTime:0.0088s ]
SQL: SELECT `goodsId`,`goods_name`,`goods_sn`,`shop_price`,`goods_status`,`goods_unit`,`goods_classify`,`img_path`,`thumb_path`,`create_time` FROM `shop_goods` LIMIT 10   [ RunTime:0.0010s ]
NOTIC: [4096] Object of class Home\Controller\IndexController could not be converted to string D:\WampServer\wamp\www\shop3.5\Application\Home\Controller\IndexController.class.php 第 9 行.
SQL: SELECT `goodsId`,`goods_name`,`goods_sn`,`shop_price`,`goods_status`,`goods_unit`,`goods_classify`,`img_path`,`thumb_path`,`create_time` FROM `shop_goods` WHERE `goods_classify` = '生鲜' LIMIT 10   [ RunTime:0.0000s ]
NOTIC: [4096] Object of class Home\Controller\IndexController could not be converted to string D:\WampServer\wamp\www\shop3.5\Application\Home\Controller\IndexController.class.php 第 10 行.
INFO: [ view_parse ] --START--
INFO: [ template_filter ] --START--
INFO: Run Behavior\ContentReplaceBehavior [ RunTime:0.000977s ]
INFO: [ template_filter ] --END-- [ RunTime:0.000977s ]
NOTIC: [8] Undefined variable: Goods D:\WampServer\wamp\www\shop3.5\Application\Runtime\Cache\Home\4ff1c5b8284f90a50fd957ef30c3e1de.php 第 130 行.
INFO: Run Behavior\ParseTemplateBehavior [ RunTime:0.056640s ]
INFO: [ view_parse ] --END-- [ RunTime:0.058594s ]
INFO: [ view_filter ] --START--
INFO: Run Behavior\WriteHtmlCacheBehavior [ RunTime:0.001953s ]
INFO: [ view_filter ] --END-- [ RunTime:0.002929s ]
INFO: [ app_end ] --START--
INFO: Run Behavior\ShowPageTraceBehavior [ RunTime:0.001953s ]
INFO: [ app_end ] --END-- [ RunTime:0.001953s ]

[ 2017-11-18T19:50:43+08:00 ] 127.0.0.1 /shop3.5/Goods/getGoodsDetails.html?id=9
INFO: [ app_init ] --START--
INFO: Run Behavior\BuildLiteBehavior [ RunTime:0.000000s ]
INFO: [ app_init ] --END-- [ RunTime:0.000976s ]
INFO: [ app_begin ] --START--
INFO: Run Behavior\ReadHtmlCacheBehavior [ RunTime:0.000976s ]
INFO: [ app_begin ] --END-- [ RunTime:0.000976s ]
SQL: SHOW COLUMNS FROM `shop_goods` [ RunTime:0.0098s ]
SQL: SELECT shop_goods.goodsId,shop_goods.goods_name,shop_goods.img_path,shop_goods.thumb_path,shop_goods.goods_sn,shop_goods.carriage,shop_goods.shop_price,shop_goods.goods_stock,shop_goods.goods_unit,shop_goods.goods_info,shop_goods.goods_classify,shop_goods.goods_status,shop_goods.goods_recommend,shop_goods.goods_competitive,shop_goods.new_product,shop_goods.hot_cakes,shop_goods_extend.goods_describe FROM `shop_goods` LEFT JOIN shop_goods_extend ON shop_goods.goodsId=shop_goods_extend.goodsId  WHERE shop_goods.goodsId = '9' LIMIT 1   [ RunTime:0.0010s ]
NOTIC: [4096] Object of class Home\Controller\GoodsController could not be converted to string D:\WampServer\wamp\www\shop3.5\Application\Home\Controller\GoodsController.class.php 第 25 行.
INFO: [ view_parse ] --START--
INFO: [ template_filter ] --START--
INFO: Run Behavior\ContentReplaceBehavior [ RunTime:0.000977s ]
INFO: [ template_filter ] --END-- [ RunTime:0.000977s ]
INFO: Run Behavior\ParseTemplateBehavior [ RunTime:0.028321s ]
INFO: [ view_parse ] --END-- [ RunTime:0.028321s ]
INFO: [ view_filter ] --START--
INFO: Run Behavior\WriteHtmlCacheBehavior [ RunTime:0.000976s ]
INFO: [ view_filter ] --END-- [ RunTime:0.000976s ]
INFO: [ app_end ] --START--
INFO: Run Behavior\ShowPageTraceBehavior [ RunTime:0.000976s ]
INFO: [ app_end ] --END-- [ RunTime:0.000976s ]

[ 2017-11-18T19:50:45+08:00 ] 127.0.0.1 /shop3.5/Home/Order/check_order_info?id=9&number=1
INFO: [ app_init ] --START--
INFO: Run Behavior\BuildLiteBehavior [ RunTime:0.000000s ]
INFO: [ app_init ] --END-- [ RunTime:0.001954s ]
INFO: [ app_begin ] --START--
INFO: Run Behavior\ReadHtmlCacheBehavior [ RunTime:0.000977s ]
INFO: [ app_begin ] --END-- [ RunTime:0.001953s ]
SQL: SHOW COLUMNS FROM `shop_goods` [ RunTime:0.0127s ]
SQL: SELECT `goodsId`,`goods_name`,`thumb_path`,`carriage`,`shop_price`,`goods_stock`,`goods_unit`,`goods_info`,`goods_classify` FROM `shop_goods` WHERE `goodsId` = 9 LIMIT 1   [ RunTime:0.0010s ]
NOTIC: [4096] Object of class Home\Controller\OrderController could not be converted to string D:\WampServer\wamp\www\shop3.5\Application\Home\Controller\OrderController.class.php 第 26 行.
INFO: [ view_parse ] --START--
INFO: [ template_filter ] --START--
INFO: Run Behavior\ContentReplaceBehavior [ RunTime:0.000000s ]
INFO: [ template_filter ] --END-- [ RunTime:0.000000s ]
INFO: Run Behavior\ParseTemplateBehavior [ RunTime:0.029297s ]
INFO: [ view_parse ] --END-- [ RunTime:0.029297s ]
INFO: [ view_filter ] --START--
INFO: Run Behavior\WriteHtmlCacheBehavior [ RunTime:0.001953s ]
INFO: [ view_filter ] --END-- [ RunTime:0.001953s ]
INFO: [ app_end ] --START--
INFO: Run Behavior\ShowPageTraceBehavior [ RunTime:0.001953s ]
INFO: [ app_end ] --END-- [ RunTime:0.002929s ]

[ 2017-11-18T19:50:47+08:00 ] 127.0.0.1 /shop3.5/Home/Address/getList
INFO: [ app_init ] --START--
INFO: Run Behavior\BuildLiteBehavior [ RunTime:0.000000s ]
INFO: [ app_init ] --END-- [ RunTime:0.001953s ]
INFO: [ app_begin ] --START--
INFO: Run Behavior\ReadHtmlCacheBehavior [ RunTime:0.001953s ]
INFO: [ app_begin ] --END-- [ RunTime:0.002930s ]
SQL: SHOW COLUMNS FROM `shop_address` [ RunTime:0.0078s ]
SQL: SELECT `id`,`uid`,`name`,`phone`,`address`,`tab`,`create_time` FROM `shop_address` WHERE `uid` = 13 ORDER BY `create_time` DESC LIMIT 0,5   [ RunTime:0.0010s ]
SQL: SELECT COUNT(*) AS tp_count FROM `shop_address` WHERE `uid` = 13 LIMIT 1   [ RunTime:0.0000s ]

[ 2017-11-18T19:50:52+08:00 ] 127.0.0.1 /shop3.5/Home/Order/register
INFO: [ app_init ] --START--
INFO: Run Behavior\BuildLiteBehavior [ RunTime:0.000000s ]
INFO: [ app_init ] --END-- [ RunTime:0.000976s ]
INFO: [ app_begin ] --START--
INFO: Run Behavior\ReadHtmlCacheBehavior [ RunTime:0.000976s ]
INFO: [ app_begin ] --END-- [ RunTime:0.000976s ]
SQL: SHOW COLUMNS FROM `shop_order` [ RunTime:0.0078s ]
NOTIC: [8] Undefined index: LOCAL_ADDR D:\WampServer\wamp\www\shop3.5\Application\Home\Common\function.php 第 18 行.
NOTIC: [8] Undefined index: LOCAL_PORT D:\WampServer\wamp\www\shop3.5\Application\Home\Common\function.php 第 19 行.
NOTIC: [8] Undefined index: validate D:\WampServer\wamp\www\shop3.5\ThinkPHP\Library\Think\Model.class.php 第 1185 行.
NOTIC: [8] Undefined index: auto D:\WampServer\wamp\www\shop3.5\ThinkPHP\Library\Think\Model.class.php 第 1128 行.
SQL: INSERT INTO `shop_order` (`goods_id`,`address_id`,`orderSn`,`user_id`,`order_name`,`payment_type`,`unit_price`,`number`,`total_price`,`remark`,`create_time`) VALUES ('9','3','3694A0B3395','13','zxzx的车厘子订单','货到付款','39.00','1','44','','2017-11-18 19:50:52') [ RunTime:0.0732s ]
INFO: [ app_end ] --START--
INFO: Run Behavior\ShowPageTraceBehavior [ RunTime:0.001953s ]
INFO: [ app_end ] --END-- [ RunTime:0.001953s ]

[ 2017-11-18T19:51:33+08:00 ] 127.0.0.1 /shop3.5/Home/Order/register
INFO: [ app_init ] --START--
INFO: Run Behavior\BuildLiteBehavior [ RunTime:0.000000s ]
INFO: [ app_init ] --END-- [ RunTime:0.000977s ]
INFO: [ app_begin ] --START--
INFO: Run Behavior\ReadHtmlCacheBehavior [ RunTime:0.000976s ]
INFO: [ app_begin ] --END-- [ RunTime:0.000976s ]
SQL: SHOW COLUMNS FROM `shop_order` [ RunTime:0.0059s ]
NOTIC: [8] Undefined index: LOCAL_ADDR D:\WampServer\wamp\www\shop3.5\Application\Home\Common\function.php 第 18 行.
NOTIC: [8] Undefined index: LOCAL_PORT D:\WampServer\wamp\www\shop3.5\Application\Home\Common\function.php 第 19 行.
NOTIC: [8] Undefined index: validate D:\WampServer\wamp\www\shop3.5\ThinkPHP\Library\Think\Model.class.php 第 1185 行.
NOTIC: [8] Undefined index: auto D:\WampServer\wamp\www\shop3.5\ThinkPHP\Library\Think\Model.class.php 第 1128 行.
SQL: INSERT INTO `shop_order` (`goods_id`,`address_id`,`orderSn`,`user_id`,`order_name`,`payment_type`,`unit_price`,`number`,`total_price`,`remark`,`create_time`) VALUES ('9','3','CEE3347AE92','13','zxzx的车厘子订单','货到付款','39.00','1','44','','2017-11-18 19:51:33') [ RunTime:0.0303s ]
INFO: [ app_end ] --START--
INFO: Run Behavior\ShowPageTraceBehavior [ RunTime:0.000976s ]
INFO: [ app_end ] --END-- [ RunTime:0.000976s ]

[ 2017-11-18T19:53:29+08:00 ] ::1 /shop3.5/Home/Order/check_order_info?id=9&number=1
INFO: [ app_init ] --START--
INFO: Run Behavior\BuildLiteBehavior [ RunTime:0.000000s ]
INFO: [ app_init ] --END-- [ RunTime:0.001954s ]
INFO: [ app_begin ] --START--
INFO: Run Behavior\ReadHtmlCacheBehavior [ RunTime:0.001953s ]
INFO: [ app_begin ] --END-- [ RunTime:0.001953s ]

[ 2017-11-18T19:53:29+08:00 ] ::1 /shop3.5/Index/login.html
INFO: [ app_init ] --START--
INFO: Run Behavior\BuildLiteBehavior [ RunTime:0.000976s ]
INFO: [ app_init ] --END-- [ RunTime:0.000976s ]
INFO: [ app_begin ] --START--
INFO: Run Behavior\ReadHtmlCacheBehavior [ RunTime:0.000976s ]
INFO: [ app_begin ] --END-- [ RunTime:0.001953s ]
INFO: [ view_parse ] --START--
INFO: [ template_filter ] --START--
INFO: Run Behavior\ContentReplaceBehavior [ RunTime:0.000000s ]
INFO: [ template_filter ] --END-- [ RunTime:0.000000s ]
INFO: Run Behavior\ParseTemplateBehavior [ RunTime:0.013672s ]
INFO: [ view_parse ] --END-- [ RunTime:0.013672s ]
INFO: [ view_filter ] --START--
INFO: Run Behavior\WriteHtmlCacheBehavior [ RunTime:0.000976s ]
INFO: [ view_filter ] --END-- [ RunTime:0.000976s ]
INFO: [ app_end ] --START--
INFO: Run Behavior\ShowPageTraceBehavior [ RunTime:0.001953s ]
INFO: [ app_end ] --END-- [ RunTime:0.002930s ]

[ 2017-11-18T19:53:34+08:00 ] ::1 /shop3.5/Home/Login/checkUser
INFO: [ app_init ] --START--
INFO: Run Behavior\BuildLiteBehavior [ RunTime:0.000000s ]
INFO: [ app_init ] --END-- [ RunTime:0.000976s ]
INFO: [ app_begin ] --START--
INFO: Run Behavior\ReadHtmlCacheBehavior [ RunTime:0.000977s ]
INFO: [ app_begin ] --END-- [ RunTime:0.000977s ]
SQL: SHOW COLUMNS FROM `shop_user` [ RunTime:0.0088s ]
NOTIC: [8] Undefined index: validate D:\WampServer\wamp\www\shop3.5\ThinkPHP\Library\Think\Model.class.php 第 1185 行.
NOTIC: [8] Undefined index: auto D:\WampServer\wamp\www\shop3.5\ThinkPHP\Library\Think\Model.class.php 第 1128 行.
SQL: SELECT `id`,`accounts`,`state` FROM `shop_user` WHERE `accounts` = 'zxzx' AND `password` = '601f1889667efaebb33b8c12572835da3f027f78' LIMIT 1   [ RunTime:0.0010s ]
SQL: UPDATE `shop_user` SET `last_login_time`='2017-11-18 19:53:34',`last_login_ip`='0.0.0.0',`login_count`=login_count+1 WHERE `id` = 13 [ RunTime:0.0615s ]
INFO: [ app_end ] --START--
INFO: Run Behavior\ShowPageTraceBehavior [ RunTime:0.000977s ]
INFO: [ app_end ] --END-- [ RunTime:0.000977s ]

[ 2017-11-18T19:53:35+08:00 ] ::1 /shop3.5/Index/index.html
INFO: [ app_init ] --START--
INFO: Run Behavior\BuildLiteBehavior [ RunTime:0.000000s ]
INFO: [ app_init ] --END-- [ RunTime:0.001953s ]
INFO: [ app_begin ] --START--
INFO: Run Behavior\ReadHtmlCacheBehavior [ RunTime:0.001953s ]
INFO: [ app_begin ] --END-- [ RunTime:0.001953s ]
SQL: SHOW COLUMNS FROM `shop_goods` [ RunTime:0.0068s ]
SQL: SELECT `goodsId`,`goods_name`,`goods_sn`,`shop_price`,`goods_status`,`goods_unit`,`goods_classify`,`img_path`,`thumb_path`,`create_time` FROM `shop_goods` LIMIT 10   [ RunTime:0.0010s ]
NOTIC: [4096] Object of class Home\Controller\IndexController could not be converted to string D:\WampServer\wamp\www\shop3.5\Application\Home\Controller\IndexController.class.php 第 9 行.
SQL: SELECT `goodsId`,`goods_name`,`goods_sn`,`shop_price`,`goods_status`,`goods_unit`,`goods_classify`,`img_path`,`thumb_path`,`create_time` FROM `shop_goods` WHERE `goods_classify` = '生鲜' LIMIT 10   [ RunTime:0.0000s ]
NOTIC: [4096] Object of class Home\Controller\IndexController could not be converted to string D:\WampServer\wamp\www\shop3.5\Application\Home\Controller\IndexController.class.php 第 10 行.
INFO: [ view_parse ] --START--
INFO: [ template_filter ] --START--
INFO: Run Behavior\ContentReplaceBehavior [ RunTime:0.000000s ]
INFO: [ template_filter ] --END-- [ RunTime:0.000000s ]
NOTIC: [8] Undefined variable: Goods D:\WampServer\wamp\www\shop3.5\Application\Runtime\Cache\Home\4ff1c5b8284f90a50fd957ef30c3e1de.php 第 130 行.
INFO: Run Behavior\ParseTemplateBehavior [ RunTime:0.053711s ]
INFO: [ view_parse ] --END-- [ RunTime:0.053711s ]
INFO: [ view_filter ] --START--
INFO: Run Behavior\WriteHtmlCacheBehavior [ RunTime:0.000977s ]
INFO: [ view_filter ] --END-- [ RunTime:0.000977s ]
INFO: [ app_end ] --START--
INFO: Run Behavior\ShowPageTraceBehavior [ RunTime:0.000977s ]
INFO: [ app_end ] --END-- [ RunTime:0.000977s ]

[ 2017-11-18T19:53:37+08:00 ] ::1 /shop3.5/Goods/getGoodsDetails.html?id=9
INFO: [ app_init ] --START--
INFO: Run Behavior\BuildLiteBehavior [ RunTime:0.000000s ]
INFO: [ app_init ] --END-- [ RunTime:0.000977s ]
INFO: [ app_begin ] --START--
INFO: Run Behavior\ReadHtmlCacheBehavior [ RunTime:0.001953s ]
INFO: [ app_begin ] --END-- [ RunTime:0.001953s ]
SQL: SHOW COLUMNS FROM `shop_goods` [ RunTime:0.0117s ]
SQL: SELECT shop_goods.goodsId,shop_goods.goods_name,shop_goods.img_path,shop_goods.thumb_path,shop_goods.goods_sn,shop_goods.carriage,shop_goods.shop_price,shop_goods.goods_stock,shop_goods.goods_unit,shop_goods.goods_info,shop_goods.goods_classify,shop_goods.goods_status,shop_goods.goods_recommend,shop_goods.goods_competitive,shop_goods.new_product,shop_goods.hot_cakes,shop_goods_extend.goods_describe FROM `shop_goods` LEFT JOIN shop_goods_extend ON shop_goods.goodsId=shop_goods_extend.goodsId  WHERE shop_goods.goodsId = '9' LIMIT 1   [ RunTime:0.0010s ]
NOTIC: [4096] Object of class Home\Controller\GoodsController could not be converted to string D:\WampServer\wamp\www\shop3.5\Application\Home\Controller\GoodsController.class.php 第 25 行.
INFO: [ view_parse ] --START--
INFO: [ template_filter ] --START--
INFO: Run Behavior\ContentReplaceBehavior [ RunTime:0.000976s ]
INFO: [ template_filter ] --END-- [ RunTime:0.000976s ]
INFO: Run Behavior\ParseTemplateBehavior [ RunTime:0.028320s ]
INFO: [ view_parse ] --END-- [ RunTime:0.028320s ]
INFO: [ view_filter ] --START--
INFO: Run Behavior\WriteHtmlCacheBehavior [ RunTime:0.002930s ]
INFO: [ view_filter ] --END-- [ RunTime:0.002930s ]
INFO: [ app_end ] --START--
INFO: Run Behavior\ShowPageTraceBehavior [ RunTime:0.002930s ]
INFO: [ app_end ] --END-- [ RunTime:0.002930s ]

[ 2017-11-18T19:53:38+08:00 ] ::1 /shop3.5/Home/Order/check_order_info?id=9&number=1
INFO: [ app_init ] --START--
INFO: Run Behavior\BuildLiteBehavior [ RunTime:0.000000s ]
INFO: [ app_init ] --END-- [ RunTime:0.000976s ]
INFO: [ app_begin ] --START--
INFO: Run Behavior\ReadHtmlCacheBehavior [ RunTime:0.000977s ]
INFO: [ app_begin ] --END-- [ RunTime:0.001953s ]
SQL: SHOW COLUMNS FROM `shop_goods` [ RunTime:0.0088s ]
SQL: SELECT `goodsId`,`goods_name`,`thumb_path`,`carriage`,`shop_price`,`goods_stock`,`goods_unit`,`goods_info`,`goods_classify` FROM `shop_goods` WHERE `goodsId` = 9 LIMIT 1   [ RunTime:0.0010s ]
NOTIC: [4096] Object of class Home\Controller\OrderController could not be converted to string D:\WampServer\wamp\www\shop3.5\Application\Home\Controller\OrderController.class.php 第 26 行.
INFO: [ view_parse ] --START--
INFO: [ template_filter ] --START--
INFO: Run Behavior\ContentReplaceBehavior [ RunTime:0.000000s ]
INFO: [ template_filter ] --END-- [ RunTime:0.000977s ]
INFO: Run Behavior\ParseTemplateBehavior [ RunTime:0.026368s ]
INFO: [ view_parse ] --END-- [ RunTime:0.026368s ]
INFO: [ view_filter ] --START--
INFO: Run Behavior\WriteHtmlCacheBehavior [ RunTime:0.000976s ]
INFO: [ view_filter ] --END-- [ RunTime:0.000976s ]
INFO: [ app_end ] --START--
INFO: Run Behavior\ShowPageTraceBehavior [ RunTime:0.001953s ]
INFO: [ app_end ] --END-- [ RunTime:0.001953s ]

[ 2017-11-18T19:53:39+08:00 ] ::1 /shop3.5/Home/Address/getList
INFO: [ app_init ] --START--
INFO: Run Behavior\BuildLiteBehavior [ RunTime:0.000000s ]
INFO: [ app_init ] --END-- [ RunTime:0.000976s ]
INFO: [ app_begin ] --START--
INFO: Run Behavior\ReadHtmlCacheBehavior [ RunTime:0.000977s ]
INFO: [ app_begin ] --END-- [ RunTime:0.000977s ]
SQL: SHOW COLUMNS FROM `shop_address` [ RunTime:0.0088s ]
SQL: SELECT `id`,`uid`,`name`,`phone`,`address`,`tab`,`create_time` FROM `shop_address` WHERE `uid` = 13 ORDER BY `create_time` DESC LIMIT 0,5   [ RunTime:0.0010s ]
SQL: SELECT COUNT(*) AS tp_count FROM `shop_address` WHERE `uid` = 13 LIMIT 1   [ RunTime:0.0010s ]

[ 2017-11-18T19:53:44+08:00 ] ::1 /shop3.5/Home/Order/register
INFO: [ app_init ] --START--
INFO: Run Behavior\BuildLiteBehavior [ RunTime:0.000000s ]
INFO: [ app_init ] --END-- [ RunTime:0.000976s ]
INFO: [ app_begin ] --START--
INFO: Run Behavior\ReadHtmlCacheBehavior [ RunTime:0.000976s ]
INFO: [ app_begin ] --END-- [ RunTime:0.001953s ]
SQL: SHOW COLUMNS FROM `shop_order` [ RunTime:0.0078s ]
NOTIC: [8] Undefined index: LOCAL_ADDR D:\WampServer\wamp\www\shop3.5\Application\Home\Common\function.php 第 18 行.
NOTIC: [8] Undefined index: LOCAL_PORT D:\WampServer\wamp\www\shop3.5\Application\Home\Common\function.php 第 19 行.
NOTIC: [8] Undefined index: validate D:\WampServer\wamp\www\shop3.5\ThinkPHP\Library\Think\Model.class.php 第 1185 行.
NOTIC: [8] Undefined index: auto D:\WampServer\wamp\www\shop3.5\ThinkPHP\Library\Think\Model.class.php 第 1128 行.
SQL: INSERT INTO `shop_order` (`goods_id`,`address_id`,`orderSn`,`user_id`,`order_name`,`payment_type`,`unit_price`,`number`,`total_price`,`remark`,`create_time`) VALUES ('9','3','673BDDDF976','13','zxzx的车厘子订单','货到付款','39.00','1','44','','2017-11-18 19:53:44') [ RunTime:0.0371s ]
INFO: [ app_end ] --START--
INFO: Run Behavior\ShowPageTraceBehavior [ RunTime:0.000977s ]
INFO: [ app_end ] --END-- [ RunTime:0.000977s ]

[ 2017-11-18T19:54:12+08:00 ] ::1 /shop3.5/Home/Order/check_order_info?id=9&number=1
INFO: [ app_init ] --START--
INFO: Run Behavior\BuildLiteBehavior [ RunTime:0.000000s ]
INFO: [ app_init ] --END-- [ RunTime:0.000976s ]
INFO: [ app_begin ] --START--
INFO: Run Behavior\ReadHtmlCacheBehavior [ RunTime:0.001953s ]
INFO: [ app_begin ] --END-- [ RunTime:0.001953s ]
SQL: SHOW COLUMNS FROM `shop_goods` [ RunTime:0.0098s ]
SQL: SELECT `goodsId`,`goods_name`,`thumb_path`,`carriage`,`shop_price`,`goods_stock`,`goods_unit`,`goods_info`,`goods_classify` FROM `shop_goods` WHERE `goodsId` = 9 LIMIT 1   [ RunTime:0.0010s ]
NOTIC: [4096] Object of class Home\Controller\OrderController could not be converted to string D:\WampServer\wamp\www\shop3.5\Application\Home\Controller\OrderController.class.php 第 26 行.
INFO: [ view_parse ] --START--
INFO: [ template_filter ] --START--
INFO: Run Behavior\ContentReplaceBehavior [ RunTime:0.000977s ]
INFO: [ template_filter ] --END-- [ RunTime:0.000977s ]
INFO: Run Behavior\ParseTemplateBehavior [ RunTime:0.026367s ]
INFO: [ view_parse ] --END-- [ RunTime:0.026367s ]
INFO: [ view_filter ] --START--
INFO: Run Behavior\WriteHtmlCacheBehavior [ RunTime:0.000976s ]
INFO: [ view_filter ] --END-- [ RunTime:0.001953s ]
INFO: [ app_end ] --START--
INFO: Run Behavior\ShowPageTraceBehavior [ RunTime:0.000976s ]
INFO: [ app_end ] --END-- [ RunTime:0.001953s ]

[ 2017-11-18T19:54:13+08:00 ] ::1 /shop3.5/Home/Address/getList
INFO: [ app_init ] --START--
INFO: Run Behavior\BuildLiteBehavior [ RunTime:0.000000s ]
INFO: [ app_init ] --END-- [ RunTime:0.000976s ]
INFO: [ app_begin ] --START--
INFO: Run Behavior\ReadHtmlCacheBehavior [ RunTime:0.000977s ]
INFO: [ app_begin ] --END-- [ RunTime:0.001953s ]
SQL: SHOW COLUMNS FROM `shop_address` [ RunTime:0.0078s ]
SQL: SELECT `id`,`uid`,`name`,`phone`,`address`,`tab`,`create_time` FROM `shop_address` WHERE `uid` = 13 ORDER BY `create_time` DESC LIMIT 0,5   [ RunTime:0.0010s ]
SQL: SELECT COUNT(*) AS tp_count FROM `shop_address` WHERE `uid` = 13 LIMIT 1   [ RunTime:0.0000s ]

[ 2017-11-18T19:54:22+08:00 ] ::1 /shop3.5/Home/Order/register
INFO: [ app_init ] --START--
INFO: Run Behavior\BuildLiteBehavior [ RunTime:0.000000s ]
INFO: [ app_init ] --END-- [ RunTime:0.000976s ]
INFO: [ app_begin ] --START--
INFO: Run Behavior\ReadHtmlCacheBehavior [ RunTime:0.001953s ]
INFO: [ app_begin ] --END-- [ RunTime:0.001953s ]
SQL: SHOW COLUMNS FROM `shop_order` [ RunTime:0.0088s ]
NOTIC: [8] Undefined index: LOCAL_ADDR D:\WampServer\wamp\www\shop3.5\Application\Home\Common\function.php 第 18 行.
NOTIC: [8] Undefined index: LOCAL_PORT D:\WampServer\wamp\www\shop3.5\Application\Home\Common\function.php 第 19 行.
NOTIC: [8] Undefined index: validate D:\WampServer\wamp\www\shop3.5\ThinkPHP\Library\Think\Model.class.php 第 1185 行.
NOTIC: [8] Undefined index: auto D:\WampServer\wamp\www\shop3.5\ThinkPHP\Library\Think\Model.class.php 第 1128 行.
SQL: INSERT INTO `shop_order` (`goods_id`,`address_id`,`orderSn`,`user_id`,`order_name`,`payment_type`,`unit_price`,`number`,`total_price`,`remark`,`create_time`) VALUES ('9','5','89E7F671BA9','13','zxzx的车厘子订单','货到付款','39.00','1','44','','2017-11-18 19:54:22') [ RunTime:0.0801s ]
INFO: [ app_end ] --START--
INFO: Run Behavior\ShowPageTraceBehavior [ RunTime:0.001954s ]
INFO: [ app_end ] --END-- [ RunTime:0.001954s ]

[ 2017-11-18T19:56:35+08:00 ] 127.0.0.1 /shop3.5/Home/Order/check_order_info?id=9&number=1
INFO: [ app_init ] --START--
INFO: Run Behavior\BuildLiteBehavior [ RunTime:0.000000s ]
INFO: [ app_init ] --END-- [ RunTime:0.000976s ]
INFO: [ app_begin ] --START--
INFO: Run Behavior\ReadHtmlCacheBehavior [ RunTime:0.000977s ]
INFO: [ app_begin ] --END-- [ RunTime:0.000977s ]
SQL: SHOW COLUMNS FROM `shop_goods` [ RunTime:0.0078s ]
SQL: SELECT `goodsId`,`goods_name`,`thumb_path`,`carriage`,`shop_price`,`goods_stock`,`goods_unit`,`goods_info`,`goods_classify` FROM `shop_goods` WHERE `goodsId` = 9 LIMIT 1   [ RunTime:0.0010s ]
NOTIC: [4096] Object of class Home\Controller\OrderController could not be converted to string D:\WampServer\wamp\www\shop3.5\Application\Home\Controller\OrderController.class.php 第 26 行.
INFO: [ view_parse ] --START--
INFO: [ template_filter ] --START--
INFO: Run Behavior\ContentReplaceBehavior [ RunTime:0.000000s ]
INFO: [ template_filter ] --END-- [ RunTime:0.000976s ]
INFO: Run Behavior\ParseTemplateBehavior [ RunTime:0.025390s ]
INFO: [ view_parse ] --END-- [ RunTime:0.026367s ]
INFO: [ view_filter ] --START--
INFO: Run Behavior\WriteHtmlCacheBehavior [ RunTime:0.000976s ]
INFO: [ view_filter ] --END-- [ RunTime:0.000976s ]
INFO: [ app_end ] --START--
INFO: Run Behavior\ShowPageTraceBehavior [ RunTime:0.000977s ]
INFO: [ app_end ] --END-- [ RunTime:0.001953s ]

[ 2017-11-18T19:56:36+08:00 ] 127.0.0.1 /shop3.5/Home/Address/getList
INFO: [ app_init ] --START--
INFO: Run Behavior\BuildLiteBehavior [ RunTime:0.000000s ]
INFO: [ app_init ] --END-- [ RunTime:0.000977s ]
INFO: [ app_begin ] --START--
INFO: Run Behavior\ReadHtmlCacheBehavior [ RunTime:0.000977s ]
INFO: [ app_begin ] --END-- [ RunTime:0.000977s ]
SQL: SHOW COLUMNS FROM `shop_address` [ RunTime:0.0068s ]
SQL: SELECT `id`,`uid`,`name`,`phone`,`address`,`tab`,`create_time` FROM `shop_address` WHERE `uid` = 13 ORDER BY `create_time` DESC LIMIT 0,5   [ RunTime:0.0020s ]
SQL: SELECT COUNT(*) AS tp_count FROM `shop_address` WHERE `uid` = 13 LIMIT 1   [ RunTime:0.0010s ]

[ 2017-11-18T20:05:11+08:00 ] 127.0.0.1 /shop3.5/Home/Order/register
INFO: [ app_init ] --START--
INFO: Run Behavior\BuildLiteBehavior [ RunTime:0.000000s ]
INFO: [ app_init ] --END-- [ RunTime:0.000977s ]
INFO: [ app_begin ] --START--
INFO: Run Behavior\ReadHtmlCacheBehavior [ RunTime:0.000976s ]
INFO: [ app_begin ] --END-- [ RunTime:0.001953s ]
SQL: SHOW COLUMNS FROM `shop_order` [ RunTime:0.0059s ]
NOTIC: [8] Undefined index: LOCAL_ADDR D:\WampServer\wamp\www\shop3.5\Application\Home\Common\function.php 第 18 行.
NOTIC: [8] Undefined index: LOCAL_PORT D:\WampServer\wamp\www\shop3.5\Application\Home\Common\function.php 第 19 行.
NOTIC: [8] Undefined index: validate D:\WampServer\wamp\www\shop3.5\ThinkPHP\Library\Think\Model.class.php 第 1185 行.
NOTIC: [8] Undefined index: auto D:\WampServer\wamp\www\shop3.5\ThinkPHP\Library\Think\Model.class.php 第 1128 行.
SQL: INSERT INTO `shop_order` (`goods_id`,`address_id`,`orderSn`,`user_id`,`order_name`,`payment_type`,`unit_price`,`number`,`total_price`,`remark`,`create_time`) VALUES ('9','3','B8A73E18CD5','13','zxzx的车厘子订单','货到付款','39.00','1','44','','2017-11-18 20:05:11') [ RunTime:0.0410s ]
INFO: [ app_end ] --START--
INFO: Run Behavior\ShowPageTraceBehavior [ RunTime:0.000977s ]
INFO: [ app_end ] --END-- [ RunTime:0.000977s ]

[ 2017-11-18T20:08:44+08:00 ] ::1 /shop3.5/Home/Order/check_order_info?id=9&number=1
INFO: [ app_init ] --START--
INFO: Run Behavior\BuildLiteBehavior [ RunTime:0.000000s ]
INFO: [ app_init ] --END-- [ RunTime:0.001953s ]
INFO: [ app_begin ] --START--
INFO: Run Behavior\ReadHtmlCacheBehavior [ RunTime:0.001953s ]
INFO: [ app_begin ] --END-- [ RunTime:0.002930s ]
SQL: SHOW COLUMNS FROM `shop_goods` [ RunTime:0.0156s ]
SQL: SELECT `goodsId`,`goods_name`,`thumb_path`,`carriage`,`shop_price`,`goods_stock`,`goods_unit`,`goods_info`,`goods_classify` FROM `shop_goods` WHERE `goodsId` = 9 LIMIT 1   [ RunTime:0.0010s ]
NOTIC: [4096] Object of class Home\Controller\OrderController could not be converted to string D:\WampServer\wamp\www\shop3.5\Application\Home\Controller\OrderController.class.php 第 26 行.
INFO: [ view_parse ] --START--
INFO: [ template_filter ] --START--
INFO: Run Behavior\ContentReplaceBehavior [ RunTime:0.000976s ]
INFO: [ template_filter ] --END-- [ RunTime:0.001953s ]
INFO: Run Behavior\ParseTemplateBehavior [ RunTime:0.030273s ]
INFO: [ view_parse ] --END-- [ RunTime:0.030273s ]
INFO: [ view_filter ] --START--
INFO: Run Behavior\WriteHtmlCacheBehavior [ RunTime:0.000977s ]
INFO: [ view_filter ] --END-- [ RunTime:0.000977s ]
INFO: [ app_end ] --START--
INFO: Run Behavior\ShowPageTraceBehavior [ RunTime:0.000977s ]
INFO: [ app_end ] --END-- [ RunTime:0.001954s ]

[ 2017-11-18T20:08:45+08:00 ] ::1 /shop3.5/Home/Address/getList
INFO: [ app_init ] --START--
INFO: Run Behavior\BuildLiteBehavior [ RunTime:0.000000s ]
INFO: [ app_init ] --END-- [ RunTime:0.000977s ]
INFO: [ app_begin ] --START--
INFO: Run Behavior\ReadHtmlCacheBehavior [ RunTime:0.000977s ]
INFO: [ app_begin ] --END-- [ RunTime:0.002929s ]
SQL: SHOW COLUMNS FROM `shop_address` [ RunTime:0.0088s ]
SQL: SELECT `id`,`uid`,`name`,`phone`,`address`,`tab`,`create_time` FROM `shop_address` WHERE `uid` = 13 ORDER BY `create_time` DESC LIMIT 0,5   [ RunTime:0.0010s ]
SQL: SELECT COUNT(*) AS tp_count FROM `shop_address` WHERE `uid` = 13 LIMIT 1   [ RunTime:0.0000s ]

[ 2017-11-18T20:08:58+08:00 ] ::1 /shop3.5/Home/Order/register
INFO: [ app_init ] --START--
INFO: Run Behavior\BuildLiteBehavior [ RunTime:0.000000s ]
INFO: [ app_init ] --END-- [ RunTime:0.002929s ]
INFO: [ app_begin ] --START--
INFO: Run Behavior\ReadHtmlCacheBehavior [ RunTime:0.000976s ]
INFO: [ app_begin ] --END-- [ RunTime:0.001953s ]
SQL: SHOW COLUMNS FROM `shop_order` [ RunTime:0.0098s ]
NOTIC: [8] Undefined index: LOCAL_ADDR D:\WampServer\wamp\www\shop3.5\Application\Home\Common\function.php 第 18 行.
NOTIC: [8] Undefined index: LOCAL_PORT D:\WampServer\wamp\www\shop3.5\Application\Home\Common\function.php 第 19 行.
NOTIC: [8] Undefined index: validate D:\WampServer\wamp\www\shop3.5\ThinkPHP\Library\Think\Model.class.php 第 1185 行.
NOTIC: [8] Undefined index: auto D:\WampServer\wamp\www\shop3.5\ThinkPHP\Library\Think\Model.class.php 第 1128 行.
SQL: INSERT INTO `shop_order` (`goods_id`,`address_id`,`orderSn`,`user_id`,`order_name`,`payment_type`,`unit_price`,`number`,`total_price`,`remark`,`create_time`) VALUES ('9','5','D45E6FE7DE1','13','zxzx的车厘子订单','货到付款','39.00','1','44','','2017-11-18 20:08:58') [ RunTime:0.0283s ]
INFO: [ app_end ] --START--
INFO: Run Behavior\ShowPageTraceBehavior [ RunTime:0.001953s ]
INFO: [ app_end ] --END-- [ RunTime:0.001953s ]

[ 2017-11-18T20:09:24+08:00 ] ::1 /shop3.5/Home/Order/check_order_info?id=9&number=1
INFO: [ app_init ] --START--
INFO: Run Behavior\BuildLiteBehavior [ RunTime:0.000000s ]
INFO: [ app_init ] --END-- [ RunTime:0.000977s ]
INFO: [ app_begin ] --START--
INFO: Run Behavior\ReadHtmlCacheBehavior [ RunTime:0.000976s ]
INFO: [ app_begin ] --END-- [ RunTime:0.001953s ]
SQL: SHOW COLUMNS FROM `shop_goods` [ RunTime:0.0078s ]
SQL: SELECT `goodsId`,`goods_name`,`thumb_path`,`carriage`,`shop_price`,`goods_stock`,`goods_unit`,`goods_info`,`goods_classify` FROM `shop_goods` WHERE `goodsId` = 9 LIMIT 1   [ RunTime:0.0010s ]
NOTIC: [4096] Object of class Home\Controller\OrderController could not be converted to string D:\WampServer\wamp\www\shop3.5\Application\Home\Controller\OrderController.class.php 第 26 行.
INFO: [ view_parse ] --START--
INFO: [ template_filter ] --START--
INFO: Run Behavior\ContentReplaceBehavior [ RunTime:0.000000s ]
INFO: [ template_filter ] --END-- [ RunTime:0.000000s ]
INFO: Run Behavior\ParseTemplateBehavior [ RunTime:0.030273s ]
INFO: [ view_parse ] --END-- [ RunTime:0.030273s ]
INFO: [ view_filter ] --START--
INFO: Run Behavior\WriteHtmlCacheBehavior [ RunTime:0.000977s ]
INFO: [ view_filter ] --END-- [ RunTime:0.000977s ]
INFO: [ app_end ] --START--
INFO: Run Behavior\ShowPageTraceBehavior [ RunTime:0.000977s ]
INFO: [ app_end ] --END-- [ RunTime:0.000977s ]

[ 2017-11-18T20:09:24+08:00 ] ::1 /shop3.5/Home/Address/getList
INFO: [ app_init ] --START--
INFO: Run Behavior\BuildLiteBehavior [ RunTime:0.000000s ]
INFO: [ app_init ] --END-- [ RunTime:0.001953s ]
INFO: [ app_begin ] --START--
INFO: Run Behavior\ReadHtmlCacheBehavior [ RunTime:0.001953s ]
INFO: [ app_begin ] --END-- [ RunTime:0.001953s ]
SQL: SHOW COLUMNS FROM `shop_address` [ RunTime:0.0088s ]
SQL: SELECT `id`,`uid`,`name`,`phone`,`address`,`tab`,`create_time` FROM `shop_address` WHERE `uid` = 13 ORDER BY `create_time` DESC LIMIT 0,5   [ RunTime:0.0010s ]
SQL: SELECT COUNT(*) AS tp_count FROM `shop_address` WHERE `uid` = 13 LIMIT 1   [ RunTime:0.0010s ]

[ 2017-11-18T20:14:37+08:00 ] 127.0.0.1 /shop3.5/Home/Order/check_order_info?id=9&number=1
INFO: [ app_init ] --START--
INFO: Run Behavior\BuildLiteBehavior [ RunTime:0.000000s ]
INFO: [ app_init ] --END-- [ RunTime:0.000976s ]
INFO: [ app_begin ] --START--
INFO: Run Behavior\ReadHtmlCacheBehavior [ RunTime:0.000977s ]
INFO: [ app_begin ] --END-- [ RunTime:0.000977s ]
SQL: SHOW COLUMNS FROM `shop_goods` [ RunTime:0.0078s ]
SQL: SELECT `goodsId`,`goods_name`,`thumb_path`,`carriage`,`shop_price`,`goods_stock`,`goods_unit`,`goods_info`,`goods_classify` FROM `shop_goods` WHERE `goodsId` = 9 LIMIT 1   [ RunTime:0.0010s ]
NOTIC: [4096] Object of class Home\Controller\OrderController could not be converted to string D:\WampServer\wamp\www\shop3.5\Application\Home\Controller\OrderController.class.php 第 26 行.
INFO: [ view_parse ] --START--
INFO: [ template_filter ] --START--
INFO: Run Behavior\ContentReplaceBehavior [ RunTime:0.000000s ]
INFO: [ template_filter ] --END-- [ RunTime:0.000976s ]
INFO: Run Behavior\ParseTemplateBehavior [ RunTime:0.027343s ]
INFO: [ view_parse ] --END-- [ RunTime:0.029297s ]
INFO: [ view_filter ] --START--
INFO: Run Behavior\WriteHtmlCacheBehavior [ RunTime:0.000977s ]
INFO: [ view_filter ] --END-- [ RunTime:0.000977s ]
INFO: [ app_end ] --START--
INFO: Run Behavior\ShowPageTraceBehavior [ RunTime:0.001953s ]
INFO: [ app_end ] --END-- [ RunTime:0.001953s ]

[ 2017-11-18T20:14:39+08:00 ] 127.0.0.1 /shop3.5/Home/Address/getList
INFO: [ app_init ] --START--
INFO: Run Behavior\BuildLiteBehavior [ RunTime:0.000000s ]
INFO: [ app_init ] --END-- [ RunTime:0.000977s ]
INFO: [ app_begin ] --START--
INFO: Run Behavior\ReadHtmlCacheBehavior [ RunTime:0.001953s ]
INFO: [ app_begin ] --END-- [ RunTime:0.001953s ]
SQL: SHOW COLUMNS FROM `shop_address` [ RunTime:0.0117s ]
SQL: SELECT `id`,`uid`,`name`,`phone`,`address`,`tab`,`create_time` FROM `shop_address` WHERE `uid` = 13 ORDER BY `create_time` DESC LIMIT 0,5   [ RunTime:0.0010s ]
SQL: SELECT COUNT(*) AS tp_count FROM `shop_address` WHERE `uid` = 13 LIMIT 1   [ RunTime:0.0010s ]

[ 2017-11-18T20:14:48+08:00 ] 127.0.0.1 /shop3.5/Home/Order/register
INFO: [ app_init ] --START--
INFO: Run Behavior\BuildLiteBehavior [ RunTime:0.000976s ]
INFO: [ app_init ] --END-- [ RunTime:0.000976s ]
INFO: [ app_begin ] --START--
INFO: Run Behavior\ReadHtmlCacheBehavior [ RunTime:0.000976s ]
INFO: [ app_begin ] --END-- [ RunTime:0.000976s ]
SQL: SHOW COLUMNS FROM `shop_order` [ RunTime:0.0068s ]
NOTIC: [8] Undefined index: LOCAL_ADDR D:\WampServer\wamp\www\shop3.5\Application\Home\Common\function.php 第 18 行.
NOTIC: [8] Undefined index: LOCAL_PORT D:\WampServer\wamp\www\shop3.5\Application\Home\Common\function.php 第 19 行.
NOTIC: [8] Undefined index: validate D:\WampServer\wamp\www\shop3.5\ThinkPHP\Library\Think\Model.class.php 第 1185 行.
NOTIC: [8] Undefined index: auto D:\WampServer\wamp\www\shop3.5\ThinkPHP\Library\Think\Model.class.php 第 1128 行.
SQL: INSERT INTO `shop_order` (`goods_id`,`address_id`,`orderSn`,`user_id`,`order_name`,`payment_type`,`unit_price`,`number`,`total_price`,`remark`,`create_time`) VALUES ('9','3','3A6AE75C7AF','13','zxzx的车厘子订单','货到付款','39.00','1','44','','2017-11-18 20:14:47') [ RunTime:0.2217s ]
INFO: [ app_end ] --START--
INFO: Run Behavior\ShowPageTraceBehavior [ RunTime:0.000976s ]
INFO: [ app_end ] --END-- [ RunTime:0.001953s ]

[ 2017-11-18T20:16:12+08:00 ] 127.0.0.1 /shop3.5/Home/Order/check_order_info?id=9&number=1
INFO: [ app_init ] --START--
INFO: Run Behavior\BuildLiteBehavior [ RunTime:0.000000s ]
INFO: [ app_init ] --END-- [ RunTime:0.000976s ]
INFO: [ app_begin ] --START--
INFO: Run Behavior\ReadHtmlCacheBehavior [ RunTime:0.001953s ]
INFO: [ app_begin ] --END-- [ RunTime:0.001953s ]
SQL: SHOW COLUMNS FROM `shop_goods` [ RunTime:0.0068s ]
SQL: SELECT `goodsId`,`goods_name`,`thumb_path`,`carriage`,`shop_price`,`goods_stock`,`goods_unit`,`goods_info`,`goods_classify` FROM `shop_goods` WHERE `goodsId` = 9 LIMIT 1   [ RunTime:0.0000s ]
NOTIC: [4096] Object of class Home\Controller\OrderController could not be converted to string D:\WampServer\wamp\www\shop3.5\Application\Home\Controller\OrderController.class.php 第 26 行.
INFO: [ view_parse ] --START--
INFO: [ template_filter ] --START--
INFO: Run Behavior\ContentReplaceBehavior [ RunTime:0.000000s ]
INFO: [ template_filter ] --END-- [ RunTime:0.000000s ]
INFO: Run Behavior\ParseTemplateBehavior [ RunTime:0.028320s ]
INFO: [ view_parse ] --END-- [ RunTime:0.028320s ]
INFO: [ view_filter ] --START--
INFO: Run Behavior\WriteHtmlCacheBehavior [ RunTime:0.000977s ]
INFO: [ view_filter ] --END-- [ RunTime:0.000977s ]
INFO: [ app_end ] --START--
INFO: Run Behavior\ShowPageTraceBehavior [ RunTime:0.001954s ]
INFO: [ app_end ] --END-- [ RunTime:0.001954s ]

[ 2017-11-18T20:16:15+08:00 ] 127.0.0.1 /shop3.5/Home/Address/getList
INFO: [ app_init ] --START--
INFO: Run Behavior\BuildLiteBehavior [ RunTime:0.000000s ]
INFO: [ app_init ] --END-- [ RunTime:0.001953s ]
INFO: [ app_begin ] --START--
INFO: Run Behavior\ReadHtmlCacheBehavior [ RunTime:0.001953s ]
INFO: [ app_begin ] --END-- [ RunTime:0.001953s ]
SQL: SHOW COLUMNS FROM `shop_address` [ RunTime:0.0078s ]
SQL: SELECT `id`,`uid`,`name`,`phone`,`address`,`tab`,`create_time` FROM `shop_address` WHERE `uid` = 13 ORDER BY `create_time` DESC LIMIT 0,5   [ RunTime:0.0020s ]
SQL: SELECT COUNT(*) AS tp_count FROM `shop_address` WHERE `uid` = 13 LIMIT 1   [ RunTime:0.0010s ]

[ 2017-11-18T20:16:23+08:00 ] 127.0.0.1 /shop3.5/Home/Order/register
INFO: [ app_init ] --START--
INFO: Run Behavior\BuildLiteBehavior [ RunTime:0.000000s ]
INFO: [ app_init ] --END-- [ RunTime:0.001953s ]
INFO: [ app_begin ] --START--
INFO: Run Behavior\ReadHtmlCacheBehavior [ RunTime:0.000977s ]
INFO: [ app_begin ] --END-- [ RunTime:0.001953s ]
SQL: SHOW COLUMNS FROM `shop_order` [ RunTime:0.0098s ]
NOTIC: [8] Undefined index: LOCAL_ADDR D:\WampServer\wamp\www\shop3.5\Application\Home\Common\function.php 第 18 行.
NOTIC: [8] Undefined index: LOCAL_PORT D:\WampServer\wamp\www\shop3.5\Application\Home\Common\function.php 第 19 行.
NOTIC: [8] Undefined index: validate D:\WampServer\wamp\www\shop3.5\ThinkPHP\Library\Think\Model.class.php 第 1185 行.
NOTIC: [8] Undefined index: auto D:\WampServer\wamp\www\shop3.5\ThinkPHP\Library\Think\Model.class.php 第 1128 行.
SQL: INSERT INTO `shop_order` (`goods_id`,`address_id`,`orderSn`,`user_id`,`order_name`,`payment_type`,`unit_price`,`number`,`total_price`,`remark`,`create_time`) VALUES ('9','3','B651E9F509D','13','zxzx的车厘子订单','货到付款','39.00','1','44','','2017-11-18 20:16:23') [ RunTime:0.0303s ]
INFO: [ app_end ] --START--
INFO: Run Behavior\ShowPageTraceBehavior [ RunTime:0.000977s ]
INFO: [ app_end ] --END-- [ RunTime:0.001953s ]

[ 2017-11-18T20:16:46+08:00 ] 127.0.0.1 /shop3.5/Goods/getGoodsDetails.html?id=10
INFO: [ app_init ] --START--
INFO: Run Behavior\BuildLiteBehavior [ RunTime:0.000977s ]
INFO: [ app_init ] --END-- [ RunTime:0.000977s ]
INFO: [ app_begin ] --START--
INFO: Run Behavior\ReadHtmlCacheBehavior [ RunTime:0.002930s ]
INFO: [ app_begin ] --END-- [ RunTime:0.002930s ]
SQL: SHOW COLUMNS FROM `shop_goods` [ RunTime:0.0078s ]
SQL: SELECT shop_goods.goodsId,shop_goods.goods_name,shop_goods.img_path,shop_goods.thumb_path,shop_goods.goods_sn,shop_goods.carriage,shop_goods.shop_price,shop_goods.goods_stock,shop_goods.goods_unit,shop_goods.goods_info,shop_goods.goods_classify,shop_goods.goods_status,shop_goods.goods_recommend,shop_goods.goods_competitive,shop_goods.new_product,shop_goods.hot_cakes,shop_goods_extend.goods_describe FROM `shop_goods` LEFT JOIN shop_goods_extend ON shop_goods.goodsId=shop_goods_extend.goodsId  WHERE shop_goods.goodsId = '10' LIMIT 1   [ RunTime:0.0010s ]
NOTIC: [4096] Object of class Home\Controller\GoodsController could not be converted to string D:\WampServer\wamp\www\shop3.5\Application\Home\Controller\GoodsController.class.php 第 25 行.
INFO: [ view_parse ] --START--
INFO: [ template_filter ] --START--
INFO: Run Behavior\ContentReplaceBehavior [ RunTime:0.000977s ]
INFO: [ template_filter ] --END-- [ RunTime:0.000977s ]
INFO: Run Behavior\ParseTemplateBehavior [ RunTime:0.034179s ]
INFO: [ view_parse ] --END-- [ RunTime:0.034179s ]
INFO: [ view_filter ] --START--
INFO: Run Behavior\WriteHtmlCacheBehavior [ RunTime:0.001953s ]
INFO: [ view_filter ] --END-- [ RunTime:0.001953s ]
INFO: [ app_end ] --START--
INFO: Run Behavior\ShowPageTraceBehavior [ RunTime:0.001953s ]
INFO: [ app_end ] --END-- [ RunTime:0.002930s ]

[ 2017-11-18T20:16:49+08:00 ] 127.0.0.1 /shop3.5/Home/Order/check_order_info?id=10&number=1
INFO: [ app_init ] --START--
INFO: Run Behavior\BuildLiteBehavior [ RunTime:0.000000s ]
INFO: [ app_init ] --END-- [ RunTime:0.000976s ]
INFO: [ app_begin ] --START--
INFO: Run Behavior\ReadHtmlCacheBehavior [ RunTime:0.001953s ]
INFO: [ app_begin ] --END-- [ RunTime:0.001953s ]
SQL: SHOW COLUMNS FROM `shop_goods` [ RunTime:0.0127s ]
SQL: SELECT `goodsId`,`goods_name`,`thumb_path`,`carriage`,`shop_price`,`goods_stock`,`goods_unit`,`goods_info`,`goods_classify` FROM `shop_goods` WHERE `goodsId` = 10 LIMIT 1   [ RunTime:0.0010s ]
NOTIC: [4096] Object of class Home\Controller\OrderController could not be converted to string D:\WampServer\wamp\www\shop3.5\Application\Home\Controller\OrderController.class.php 第 26 行.
INFO: [ view_parse ] --START--
INFO: [ template_filter ] --START--
INFO: Run Behavior\ContentReplaceBehavior [ RunTime:0.000977s ]
INFO: [ template_filter ] --END-- [ RunTime:0.000977s ]
INFO: Run Behavior\ParseTemplateBehavior [ RunTime:0.029296s ]
INFO: [ view_parse ] --END-- [ RunTime:0.029296s ]
INFO: [ view_filter ] --START--
INFO: Run Behavior\WriteHtmlCacheBehavior [ RunTime:0.002930s ]
INFO: [ view_filter ] --END-- [ RunTime:0.002930s ]
INFO: [ app_end ] --START--
INFO: Run Behavior\ShowPageTraceBehavior [ RunTime:0.002929s ]
INFO: [ app_end ] --END-- [ RunTime:0.002929s ]

[ 2017-11-18T20:16:51+08:00 ] 127.0.0.1 /shop3.5/Home/Address/getList
INFO: [ app_init ] --START--
INFO: Run Behavior\BuildLiteBehavior [ RunTime:0.000000s ]
INFO: [ app_init ] --END-- [ RunTime:0.001953s ]
INFO: [ app_begin ] --START--
INFO: Run Behavior\ReadHtmlCacheBehavior [ RunTime:0.001954s ]
INFO: [ app_begin ] --END-- [ RunTime:0.001954s ]
SQL: SHOW COLUMNS FROM `shop_address` [ RunTime:0.0088s ]
SQL: SELECT `id`,`uid`,`name`,`phone`,`address`,`tab`,`create_time` FROM `shop_address` WHERE `uid` = 13 ORDER BY `create_time` DESC LIMIT 0,5   [ RunTime:0.0010s ]
SQL: SELECT COUNT(*) AS tp_count FROM `shop_address` WHERE `uid` = 13 LIMIT 1   [ RunTime:0.0010s ]

[ 2017-11-18T20:16:57+08:00 ] 127.0.0.1 /shop3.5/Home/Order/register
INFO: [ app_init ] --START--
INFO: Run Behavior\BuildLiteBehavior [ RunTime:0.000000s ]
INFO: [ app_init ] --END-- [ RunTime:0.000977s ]
INFO: [ app_begin ] --START--
INFO: Run Behavior\ReadHtmlCacheBehavior [ RunTime:0.001953s ]
INFO: [ app_begin ] --END-- [ RunTime:0.001953s ]
SQL: SHOW COLUMNS FROM `shop_order` [ RunTime:0.0068s ]
NOTIC: [8] Undefined index: LOCAL_ADDR D:\WampServer\wamp\www\shop3.5\Application\Home\Common\function.php 第 18 行.
NOTIC: [8] Undefined index: LOCAL_PORT D:\WampServer\wamp\www\shop3.5\Application\Home\Common\function.php 第 19 行.
NOTIC: [8] Undefined index: validate D:\WampServer\wamp\www\shop3.5\ThinkPHP\Library\Think\Model.class.php 第 1185 行.
NOTIC: [8] Undefined index: auto D:\WampServer\wamp\www\shop3.5\ThinkPHP\Library\Think\Model.class.php 第 1128 行.
SQL: INSERT INTO `shop_order` (`goods_id`,`address_id`,`orderSn`,`user_id`,`order_name`,`payment_type`,`unit_price`,`number`,`total_price`,`remark`,`create_time`) VALUES ('10','3','52B1542847E','13','zxzx的哈密瓜订单','货到付款','20.00','1','30','','2017-11-18 20:16:57') [ RunTime:0.0391s ]
INFO: [ app_end ] --START--
INFO: Run Behavior\ShowPageTraceBehavior [ RunTime:0.000976s ]
INFO: [ app_end ] --END-- [ RunTime:0.000976s ]

