[ 2017-11-27T11:17:49+08:00 ] 119.137.53.209 /shop3.6/
INFO: [ app_init ] --START--
INFO: Run Behavior\BuildLiteBehavior [ RunTime:0.000046s ]
INFO: [ app_init ] --END-- [ RunTime:0.001040s ]
INFO: [ app_begin ] --START--
INFO: Run Behavior\ReadHtmlCacheBehavior [ RunTime:0.000948s ]
INFO: [ app_begin ] --END-- [ RunTime:0.001162s ]
SQL: SHOW COLUMNS FROM `shop_goods` [ RunTime:0.0071s ]
SQL: SELECT `goodsId`,`goods_name`,`goods_sn`,`shop_price`,`goods_status`,`goods_unit`,`goods_classify`,`img_path`,`thumb_path`,`create_time` FROM `shop_goods` LIMIT 10   [ RunTime:0.0008s ]
NOTIC: [4096] Object of class Home\Controller\IndexController could not be converted to string C:\wampc\www\shop3.6\Application\Home\Controller\IndexController.class.php 第 9 行.
SQL: SELECT `goodsId`,`goods_name`,`goods_sn`,`shop_price`,`goods_status`,`goods_unit`,`goods_classify`,`img_path`,`thumb_path`,`create_time` FROM `shop_goods` WHERE `goods_classify` = '生鲜' LIMIT 10   [ RunTime:0.0005s ]
NOTIC: [4096] Object of class Home\Controller\IndexController could not be converted to string C:\wampc\www\shop3.6\Application\Home\Controller\IndexController.class.php 第 10 行.
INFO: [ view_parse ] --START--
INFO: [ template_filter ] --START--
INFO: Run Behavior\ContentReplaceBehavior [ RunTime:0.000272s ]
INFO: [ template_filter ] --END-- [ RunTime:0.000501s ]
NOTIC: [8] Undefined variable: Goods C:\wampc\www\shop3.6\Application\Runtime\Cache\Home\4ff1c5b8284f90a50fd957ef30c3e1de.php 第 130 行.
INFO: Run Behavior\ParseTemplateBehavior [ RunTime:0.041926s ]
INFO: [ view_parse ] --END-- [ RunTime:0.042216s ]
INFO: [ view_filter ] --START--
INFO: Run Behavior\WriteHtmlCacheBehavior [ RunTime:0.001192s ]
INFO: [ view_filter ] --END-- [ RunTime:0.001387s ]
INFO: [ app_end ] --START--
INFO: Run Behavior\ShowPageTraceBehavior [ RunTime:0.001166s ]
INFO: [ app_end ] --END-- [ RunTime:0.001469s ]

[ 2017-11-27T11:18:50+08:00 ] 119.137.53.209 /shop3.6/Index/login.html
INFO: [ app_init ] --START--
INFO: Run Behavior\BuildLiteBehavior [ RunTime:0.000047s ]
INFO: [ app_init ] --END-- [ RunTime:0.000578s ]
INFO: [ app_begin ] --START--
INFO: Run Behavior\ReadHtmlCacheBehavior [ RunTime:0.000747s ]
INFO: [ app_begin ] --END-- [ RunTime:0.000964s ]
INFO: [ view_parse ] --START--
INFO: [ template_filter ] --START--
INFO: Run Behavior\ContentReplaceBehavior [ RunTime:0.000438s ]
INFO: [ template_filter ] --END-- [ RunTime:0.000666s ]
INFO: Run Behavior\ParseTemplateBehavior [ RunTime:0.015257s ]
INFO: [ view_parse ] --END-- [ RunTime:0.015484s ]
INFO: [ view_filter ] --START--
INFO: Run Behavior\WriteHtmlCacheBehavior [ RunTime:0.000512s ]
INFO: [ view_filter ] --END-- [ RunTime:0.000708s ]
INFO: [ app_end ] --START--
INFO: Run Behavior\ShowPageTraceBehavior [ RunTime:0.001015s ]
INFO: [ app_end ] --END-- [ RunTime:0.001240s ]

[ 2017-11-27T11:19:04+08:00 ] 119.137.53.209 /shop3.6/Home/Login/checkUser
INFO: [ app_init ] --START--
INFO: Run Behavior\BuildLiteBehavior [ RunTime:0.000056s ]
INFO: [ app_init ] --END-- [ RunTime:0.000713s ]
INFO: [ app_begin ] --START--
INFO: Run Behavior\ReadHtmlCacheBehavior [ RunTime:0.000766s ]
INFO: [ app_begin ] --END-- [ RunTime:0.001018s ]
SQL: SHOW COLUMNS FROM `shop_user` [ RunTime:0.0124s ]
NOTIC: [8] Undefined index: validate C:\wampc\www\shop3.6\ThinkPHP\Library\Think\Model.class.php 第 1185 行.
NOTIC: [8] Undefined index: auto C:\wampc\www\shop3.6\ThinkPHP\Library\Think\Model.class.php 第 1128 行.
SQL: SELECT `id`,`accounts`,`state` FROM `shop_user` WHERE `accounts` = 'test' AND `password` = '601f1889667efaebb33b8c12572835da3f027f78' LIMIT 1   [ RunTime:0.0039s ]
SQL: UPDATE `shop_user` SET `last_login_time`='2017-11-27 11:19:04',`last_login_ip`='119.137.53.209',`login_count`=login_count+1 WHERE `id` = 14 [ RunTime:0.0176s ]
INFO: [ app_end ] --START--
INFO: Run Behavior\ShowPageTraceBehavior [ RunTime:0.000914s ]
INFO: [ app_end ] --END-- [ RunTime:0.001146s ]

[ 2017-11-27T11:19:04+08:00 ] 119.137.53.209 /shop3.6/Index/index.html
INFO: [ app_init ] --START--
INFO: Run Behavior\BuildLiteBehavior [ RunTime:0.000071s ]
INFO: [ app_init ] --END-- [ RunTime:0.000890s ]
INFO: [ app_begin ] --START--
INFO: Run Behavior\ReadHtmlCacheBehavior [ RunTime:0.000836s ]
INFO: [ app_begin ] --END-- [ RunTime:0.001075s ]
SQL: SHOW COLUMNS FROM `shop_goods` [ RunTime:0.0028s ]
SQL: SELECT `goodsId`,`goods_name`,`goods_sn`,`shop_price`,`goods_status`,`goods_unit`,`goods_classify`,`img_path`,`thumb_path`,`create_time` FROM `shop_goods` LIMIT 10   [ RunTime:0.0005s ]
NOTIC: [4096] Object of class Home\Controller\IndexController could not be converted to string C:\wampc\www\shop3.6\Application\Home\Controller\IndexController.class.php 第 9 行.
SQL: SELECT `goodsId`,`goods_name`,`goods_sn`,`shop_price`,`goods_status`,`goods_unit`,`goods_classify`,`img_path`,`thumb_path`,`create_time` FROM `shop_goods` WHERE `goods_classify` = '生鲜' LIMIT 10   [ RunTime:0.0005s ]
NOTIC: [4096] Object of class Home\Controller\IndexController could not be converted to string C:\wampc\www\shop3.6\Application\Home\Controller\IndexController.class.php 第 10 行.
INFO: [ view_parse ] --START--
INFO: [ template_filter ] --START--
INFO: Run Behavior\ContentReplaceBehavior [ RunTime:0.000261s ]
INFO: [ template_filter ] --END-- [ RunTime:0.000500s ]
NOTIC: [8] Undefined variable: Goods C:\wampc\www\shop3.6\Application\Runtime\Cache\Home\4ff1c5b8284f90a50fd957ef30c3e1de.php 第 130 行.
INFO: Run Behavior\ParseTemplateBehavior [ RunTime:0.037984s ]
INFO: [ view_parse ] --END-- [ RunTime:0.038210s ]
INFO: [ view_filter ] --START--
INFO: Run Behavior\WriteHtmlCacheBehavior [ RunTime:0.000658s ]
INFO: [ view_filter ] --END-- [ RunTime:0.000884s ]
INFO: [ app_end ] --START--
INFO: Run Behavior\ShowPageTraceBehavior [ RunTime:0.000795s ]
INFO: [ app_end ] --END-- [ RunTime:0.001038s ]

[ 2017-11-27T11:19:06+08:00 ] 119.137.53.209 /shop3.6/Order/order.html
INFO: [ app_init ] --START--
INFO: Run Behavior\BuildLiteBehavior [ RunTime:0.000042s ]
INFO: [ app_init ] --END-- [ RunTime:0.000543s ]
INFO: [ app_begin ] --START--
INFO: Run Behavior\ReadHtmlCacheBehavior [ RunTime:0.000635s ]
INFO: [ app_begin ] --END-- [ RunTime:0.000840s ]
INFO: [ view_parse ] --START--
INFO: [ template_filter ] --START--
INFO: Run Behavior\ContentReplaceBehavior [ RunTime:0.000197s ]
INFO: [ template_filter ] --END-- [ RunTime:0.000429s ]
INFO: Run Behavior\ParseTemplateBehavior [ RunTime:0.014289s ]
INFO: [ view_parse ] --END-- [ RunTime:0.014494s ]
INFO: [ view_filter ] --START--
INFO: Run Behavior\WriteHtmlCacheBehavior [ RunTime:0.000475s ]
INFO: [ view_filter ] --END-- [ RunTime:0.000663s ]
INFO: [ app_end ] --START--
INFO: Run Behavior\ShowPageTraceBehavior [ RunTime:0.000709s ]
INFO: [ app_end ] --END-- [ RunTime:0.000909s ]

[ 2017-11-27T11:19:06+08:00 ] 119.137.53.209 /shop3.6/Home/Order/getList
INFO: [ app_init ] --START--
INFO: Run Behavior\BuildLiteBehavior [ RunTime:0.000041s ]
INFO: [ app_init ] --END-- [ RunTime:0.000536s ]
INFO: [ app_begin ] --START--
INFO: Run Behavior\ReadHtmlCacheBehavior [ RunTime:0.000601s ]
INFO: [ app_begin ] --END-- [ RunTime:0.000784s ]
SQL: SHOW COLUMNS FROM `shop_order` [ RunTime:0.0044s ]
SQL: SELECT shop_order.orderId,shop_order.order_name,shop_order.orderSn,shop_order.create_time,shop_order.unit_price,shop_order.number,shop_order.total_price,shop_order.order_status,shop_order.order_cancel,shop_goods.goodsId,shop_goods.goods_name,shop_goods.goods_info,shop_goods.thumb_path FROM `shop_order` LEFT JOIN shop_goods ON shop_order.goods_id=shop_goods.goodsId  WHERE shop_order.user_id = '14' ORDER BY `create_time` DESC LIMIT 0,10   [ RunTime:0.0101s ]
SQL: SELECT COUNT(*) AS tp_count FROM `shop_order` WHERE shop_order.user_id = '14' LIMIT 1   [ RunTime:0.0033s ]

[ 2017-11-27T11:19:08+08:00 ] 119.137.53.209 /shop3.6/User/base_info.html
INFO: [ app_init ] --START--
INFO: Run Behavior\BuildLiteBehavior [ RunTime:0.000045s ]
INFO: [ app_init ] --END-- [ RunTime:0.000615s ]
INFO: [ app_begin ] --START--
INFO: Run Behavior\ReadHtmlCacheBehavior [ RunTime:0.000819s ]
INFO: [ app_begin ] --END-- [ RunTime:0.001111s ]
INFO: [ view_parse ] --START--
INFO: [ template_filter ] --START--
INFO: Run Behavior\ContentReplaceBehavior [ RunTime:0.000230s ]
INFO: [ template_filter ] --END-- [ RunTime:0.000458s ]
NOTIC: [8] Undefined variable: object C:\wampc\www\shop3.6\Application\Runtime\Cache\Home\7f925c423b7d29125b7313146b721f05.php 第 135 行.
INFO: Run Behavior\ParseTemplateBehavior [ RunTime:0.015070s ]
INFO: [ view_parse ] --END-- [ RunTime:0.015299s ]
INFO: [ view_filter ] --START--
INFO: Run Behavior\WriteHtmlCacheBehavior [ RunTime:0.000646s ]
INFO: [ view_filter ] --END-- [ RunTime:0.000842s ]
INFO: [ app_end ] --START--
INFO: Run Behavior\ShowPageTraceBehavior [ RunTime:0.000764s ]
INFO: [ app_end ] --END-- [ RunTime:0.000965s ]

[ 2017-11-27T11:19:08+08:00 ] 119.137.53.209 /shop3.6/Home/User/getOne
INFO: [ app_init ] --START--
INFO: Run Behavior\BuildLiteBehavior [ RunTime:0.000048s ]
INFO: [ app_init ] --END-- [ RunTime:0.000619s ]
INFO: [ app_begin ] --START--
INFO: Run Behavior\ReadHtmlCacheBehavior [ RunTime:0.000781s ]
INFO: [ app_begin ] --END-- [ RunTime:0.000973s ]
SQL: SHOW COLUMNS FROM `shop_base_info` [ RunTime:0.0071s ]
SQL: SELECT shop_base_info.id,shop_base_info.sex,shop_base_info.birthday,shop_base_info.phone,shop_base_info.email FROM `shop_base_info` WHERE shop_base_info.uid = '14' LIMIT 1   [ RunTime:0.0053s ]

[ 2017-11-27T11:19:09+08:00 ] 119.137.53.209 /shop3.6/User/password.html
INFO: [ app_init ] --START--
INFO: Run Behavior\BuildLiteBehavior [ RunTime:0.000041s ]
INFO: [ app_init ] --END-- [ RunTime:0.000555s ]
INFO: [ app_begin ] --START--
INFO: Run Behavior\ReadHtmlCacheBehavior [ RunTime:0.000682s ]
INFO: [ app_begin ] --END-- [ RunTime:0.000884s ]
INFO: [ view_parse ] --START--
INFO: [ template_filter ] --START--
INFO: Run Behavior\ContentReplaceBehavior [ RunTime:0.000207s ]
INFO: [ template_filter ] --END-- [ RunTime:0.000438s ]
INFO: Run Behavior\ParseTemplateBehavior [ RunTime:0.014324s ]
INFO: [ view_parse ] --END-- [ RunTime:0.014549s ]
INFO: [ view_filter ] --START--
INFO: Run Behavior\WriteHtmlCacheBehavior [ RunTime:0.000511s ]
INFO: [ view_filter ] --END-- [ RunTime:0.000703s ]
INFO: [ app_end ] --START--
INFO: Run Behavior\ShowPageTraceBehavior [ RunTime:0.000705s ]
INFO: [ app_end ] --END-- [ RunTime:0.000919s ]

[ 2017-11-27T11:19:09+08:00 ] 119.137.53.209 /shop3.6/User/shipping_address.html
INFO: [ app_init ] --START--
INFO: Run Behavior\BuildLiteBehavior [ RunTime:0.000044s ]
INFO: [ app_init ] --END-- [ RunTime:0.000535s ]
INFO: [ app_begin ] --START--
INFO: Run Behavior\ReadHtmlCacheBehavior [ RunTime:0.000655s ]
INFO: [ app_begin ] --END-- [ RunTime:0.000859s ]
INFO: [ view_parse ] --START--
INFO: [ template_filter ] --START--
INFO: Run Behavior\ContentReplaceBehavior [ RunTime:0.000250s ]
INFO: [ template_filter ] --END-- [ RunTime:0.000465s ]
INFO: Run Behavior\ParseTemplateBehavior [ RunTime:0.015234s ]
INFO: [ view_parse ] --END-- [ RunTime:0.015462s ]
INFO: [ view_filter ] --START--
INFO: Run Behavior\WriteHtmlCacheBehavior [ RunTime:0.000468s ]
INFO: [ view_filter ] --END-- [ RunTime:0.000656s ]
INFO: [ app_end ] --START--
INFO: Run Behavior\ShowPageTraceBehavior [ RunTime:0.000654s ]
INFO: [ app_end ] --END-- [ RunTime:0.000856s ]

[ 2017-11-27T11:19:10+08:00 ] 119.137.53.209 /shop3.6/Home/Address/getList
INFO: [ app_init ] --START--
INFO: Run Behavior\BuildLiteBehavior [ RunTime:0.000042s ]
INFO: [ app_init ] --END-- [ RunTime:0.000547s ]
INFO: [ app_begin ] --START--
INFO: Run Behavior\ReadHtmlCacheBehavior [ RunTime:0.000699s ]
INFO: [ app_begin ] --END-- [ RunTime:0.000869s ]
SQL: SHOW COLUMNS FROM `shop_address` [ RunTime:0.0078s ]
SQL: SELECT `id`,`uid`,`name`,`phone`,`address`,`tab`,`create_time` FROM `shop_address` WHERE `uid` = 14 ORDER BY `create_time` DESC LIMIT 0,20   [ RunTime:0.0024s ]
SQL: SELECT COUNT(*) AS tp_count FROM `shop_address` WHERE `uid` = 14 LIMIT 1   [ RunTime:0.0003s ]

[ 2017-11-27T11:19:10+08:00 ] 119.137.53.209 /shop3.6/Order/order.html
INFO: [ app_init ] --START--
INFO: Run Behavior\BuildLiteBehavior [ RunTime:0.000052s ]
INFO: [ app_init ] --END-- [ RunTime:0.000577s ]
INFO: [ app_begin ] --START--
INFO: Run Behavior\ReadHtmlCacheBehavior [ RunTime:0.000642s ]
INFO: [ app_begin ] --END-- [ RunTime:0.000851s ]
INFO: [ view_parse ] --START--
INFO: [ template_filter ] --START--
INFO: Run Behavior\ContentReplaceBehavior [ RunTime:0.000211s ]
INFO: [ template_filter ] --END-- [ RunTime:0.000420s ]
INFO: Run Behavior\ParseTemplateBehavior [ RunTime:0.013667s ]
INFO: [ view_parse ] --END-- [ RunTime:0.013902s ]
INFO: [ view_filter ] --START--
INFO: Run Behavior\WriteHtmlCacheBehavior [ RunTime:0.000421s ]
INFO: [ view_filter ] --END-- [ RunTime:0.000609s ]
INFO: [ app_end ] --START--
INFO: Run Behavior\ShowPageTraceBehavior [ RunTime:0.000627s ]
INFO: [ app_end ] --END-- [ RunTime:0.000853s ]

[ 2017-11-27T11:19:10+08:00 ] 119.137.53.209 /shop3.6/Home/Order/getList
INFO: [ app_init ] --START--
INFO: Run Behavior\BuildLiteBehavior [ RunTime:0.000043s ]
INFO: [ app_init ] --END-- [ RunTime:0.000612s ]
INFO: [ app_begin ] --START--
INFO: Run Behavior\ReadHtmlCacheBehavior [ RunTime:0.000596s ]
INFO: [ app_begin ] --END-- [ RunTime:0.000764s ]
SQL: SHOW COLUMNS FROM `shop_order` [ RunTime:0.0033s ]
SQL: SELECT shop_order.orderId,shop_order.order_name,shop_order.orderSn,shop_order.create_time,shop_order.unit_price,shop_order.number,shop_order.total_price,shop_order.order_status,shop_order.order_cancel,shop_goods.goodsId,shop_goods.goods_name,shop_goods.goods_info,shop_goods.thumb_path FROM `shop_order` LEFT JOIN shop_goods ON shop_order.goods_id=shop_goods.goodsId  WHERE shop_order.user_id = '14' ORDER BY `create_time` DESC LIMIT 0,10   [ RunTime:0.0005s ]
SQL: SELECT COUNT(*) AS tp_count FROM `shop_order` WHERE shop_order.user_id = '14' LIMIT 1   [ RunTime:0.0003s ]

[ 2017-11-27T13:56:34+08:00 ] 119.147.207.152 /shop3.6/Home/Order/getList
INFO: [ app_init ] --START--
INFO: Run Behavior\BuildLiteBehavior [ RunTime:0.000050s ]
INFO: [ app_init ] --END-- [ RunTime:0.000946s ]
INFO: [ app_begin ] --START--
INFO: Run Behavior\ReadHtmlCacheBehavior [ RunTime:0.001320s ]
INFO: [ app_begin ] --END-- [ RunTime:0.001582s ]
INFO: [ view_parse ] --START--
INFO: [ template_filter ] --START--
INFO: Run Behavior\ContentReplaceBehavior [ RunTime:0.000156s ]
INFO: [ template_filter ] --END-- [ RunTime:0.000379s ]
INFO: Run Behavior\ParseTemplateBehavior [ RunTime:0.011045s ]
INFO: [ view_parse ] --END-- [ RunTime:0.011323s ]
INFO: [ view_filter ] --START--
INFO: Run Behavior\WriteHtmlCacheBehavior [ RunTime:0.001006s ]
INFO: [ view_filter ] --END-- [ RunTime:0.001214s ]

[ 2017-11-27T14:09:27+08:00 ] 14.17.3.65 /shop3.6/Index/login.html
INFO: [ app_init ] --START--
INFO: Run Behavior\BuildLiteBehavior [ RunTime:0.000064s ]
INFO: [ app_init ] --END-- [ RunTime:0.000587s ]
INFO: [ app_begin ] --START--
INFO: Run Behavior\ReadHtmlCacheBehavior [ RunTime:0.000704s ]
INFO: [ app_begin ] --END-- [ RunTime:0.000908s ]
INFO: [ view_parse ] --START--
INFO: [ template_filter ] --START--
INFO: Run Behavior\ContentReplaceBehavior [ RunTime:0.000175s ]
INFO: [ template_filter ] --END-- [ RunTime:0.000394s ]
INFO: Run Behavior\ParseTemplateBehavior [ RunTime:0.008833s ]
INFO: [ view_parse ] --END-- [ RunTime:0.009083s ]
INFO: [ view_filter ] --START--
INFO: Run Behavior\WriteHtmlCacheBehavior [ RunTime:0.000516s ]
INFO: [ view_filter ] --END-- [ RunTime:0.000776s ]
INFO: [ app_end ] --START--
INFO: Run Behavior\ShowPageTraceBehavior [ RunTime:0.001796s ]
INFO: [ app_end ] --END-- [ RunTime:0.002002s ]

