[ 2017-11-21T10:52:29+08:00 ] 183.15.241.240 /shop3.6/
INFO: [ app_init ] --START--
INFO: Run Behavior\BuildLiteBehavior [ RunTime:0.000085s ]
INFO: [ app_init ] --END-- [ RunTime:0.004615s ]
INFO: [ app_begin ] --START--
INFO: Run Behavior\ReadHtmlCacheBehavior [ RunTime:0.001572s ]
INFO: [ app_begin ] --END-- [ RunTime:0.001989s ]
SQL: SHOW COLUMNS FROM `shop_goods` [ RunTime:0.0623s ]
SQL: SELECT `goodsId`,`goods_name`,`goods_sn`,`shop_price`,`goods_status`,`goods_unit`,`goods_classify`,`img_path`,`thumb_path`,`create_time` FROM `shop_goods` LIMIT 10   [ RunTime:0.0119s ]
NOTIC: [4096] Object of class Home\Controller\IndexController could not be converted to string C:\wampc\www\shop3.6\Application\Home\Controller\IndexController.class.php 第 9 行.
SQL: SELECT `goodsId`,`goods_name`,`goods_sn`,`shop_price`,`goods_status`,`goods_unit`,`goods_classify`,`img_path`,`thumb_path`,`create_time` FROM `shop_goods` WHERE `goods_classify` = '生鲜' LIMIT 10   [ RunTime:0.0044s ]
NOTIC: [4096] Object of class Home\Controller\IndexController could not be converted to string C:\wampc\www\shop3.6\Application\Home\Controller\IndexController.class.php 第 10 行.
INFO: [ view_parse ] --START--
INFO: [ template_filter ] --START--
INFO: Run Behavior\ContentReplaceBehavior [ RunTime:0.002132s ]
INFO: [ template_filter ] --END-- [ RunTime:0.002475s ]
NOTIC: [8] Undefined variable: Goods C:\wampc\www\shop3.6\Application\Runtime\Cache\Home\4ff1c5b8284f90a50fd957ef30c3e1de.php 第 130 行.
INFO: Run Behavior\ParseTemplateBehavior [ RunTime:0.062148s ]
INFO: [ view_parse ] --END-- [ RunTime:0.062430s ]
INFO: [ view_filter ] --START--
INFO: Run Behavior\WriteHtmlCacheBehavior [ RunTime:0.001326s ]
INFO: [ view_filter ] --END-- [ RunTime:0.001537s ]
INFO: [ app_end ] --START--
INFO: Run Behavior\ShowPageTraceBehavior [ RunTime:0.001433s ]
INFO: [ app_end ] --END-- [ RunTime:0.001675s ]

[ 2017-11-21T10:52:41+08:00 ] 101.226.33.225 /shop3.6/
INFO: [ app_init ] --START--
INFO: Run Behavior\BuildLiteBehavior [ RunTime:0.000044s ]
INFO: [ app_init ] --END-- [ RunTime:0.000602s ]
INFO: [ app_begin ] --START--
INFO: Run Behavior\ReadHtmlCacheBehavior [ RunTime:0.000714s ]
INFO: [ app_begin ] --END-- [ RunTime:0.000925s ]
SQL: SHOW COLUMNS FROM `shop_goods` [ RunTime:0.0037s ]
SQL: SELECT `goodsId`,`goods_name`,`goods_sn`,`shop_price`,`goods_status`,`goods_unit`,`goods_classify`,`img_path`,`thumb_path`,`create_time` FROM `shop_goods` LIMIT 10   [ RunTime:0.0005s ]
NOTIC: [4096] Object of class Home\Controller\IndexController could not be converted to string C:\wampc\www\shop3.6\Application\Home\Controller\IndexController.class.php 第 9 行.
SQL: SELECT `goodsId`,`goods_name`,`goods_sn`,`shop_price`,`goods_status`,`goods_unit`,`goods_classify`,`img_path`,`thumb_path`,`create_time` FROM `shop_goods` WHERE `goods_classify` = '生鲜' LIMIT 10   [ RunTime:0.0004s ]
NOTIC: [4096] Object of class Home\Controller\IndexController could not be converted to string C:\wampc\www\shop3.6\Application\Home\Controller\IndexController.class.php 第 10 行.
INFO: [ view_parse ] --START--
INFO: [ template_filter ] --START--
INFO: Run Behavior\ContentReplaceBehavior [ RunTime:0.000257s ]
INFO: [ template_filter ] --END-- [ RunTime:0.000474s ]
NOTIC: [8] Undefined variable: Goods C:\wampc\www\shop3.6\Application\Runtime\Cache\Home\4ff1c5b8284f90a50fd957ef30c3e1de.php 第 130 行.
INFO: Run Behavior\ParseTemplateBehavior [ RunTime:0.038543s ]
INFO: [ view_parse ] --END-- [ RunTime:0.038847s ]
INFO: [ view_filter ] --START--
INFO: Run Behavior\WriteHtmlCacheBehavior [ RunTime:0.000610s ]
INFO: [ view_filter ] --END-- [ RunTime:0.000820s ]
INFO: [ app_end ] --START--
INFO: Run Behavior\ShowPageTraceBehavior [ RunTime:0.000710s ]
INFO: [ app_end ] --END-- [ RunTime:0.000916s ]

[ 2017-11-21T11:03:19+08:00 ] 121.51.32.144 /shop3.6/
INFO: [ app_init ] --START--
INFO: Run Behavior\BuildLiteBehavior [ RunTime:0.000046s ]
INFO: [ app_init ] --END-- [ RunTime:0.000607s ]
INFO: [ app_begin ] --START--
INFO: Run Behavior\ReadHtmlCacheBehavior [ RunTime:0.000770s ]
INFO: [ app_begin ] --END-- [ RunTime:0.001012s ]
SQL: SHOW COLUMNS FROM `shop_goods` [ RunTime:0.0038s ]
SQL: SELECT `goodsId`,`goods_name`,`goods_sn`,`shop_price`,`goods_status`,`goods_unit`,`goods_classify`,`img_path`,`thumb_path`,`create_time` FROM `shop_goods` LIMIT 10   [ RunTime:0.0005s ]
NOTIC: [4096] Object of class Home\Controller\IndexController could not be converted to string C:\wampc\www\shop3.6\Application\Home\Controller\IndexController.class.php 第 9 行.
SQL: SELECT `goodsId`,`goods_name`,`goods_sn`,`shop_price`,`goods_status`,`goods_unit`,`goods_classify`,`img_path`,`thumb_path`,`create_time` FROM `shop_goods` WHERE `goods_classify` = '生鲜' LIMIT 10   [ RunTime:0.0005s ]
NOTIC: [4096] Object of class Home\Controller\IndexController could not be converted to string C:\wampc\www\shop3.6\Application\Home\Controller\IndexController.class.php 第 10 行.
INFO: [ view_parse ] --START--
INFO: [ template_filter ] --START--
INFO: Run Behavior\ContentReplaceBehavior [ RunTime:0.000283s ]
INFO: [ template_filter ] --END-- [ RunTime:0.000515s ]
NOTIC: [8] Undefined variable: Goods C:\wampc\www\shop3.6\Application\Runtime\Cache\Home\4ff1c5b8284f90a50fd957ef30c3e1de.php 第 130 行.
INFO: Run Behavior\ParseTemplateBehavior [ RunTime:0.035473s ]
INFO: [ view_parse ] --END-- [ RunTime:0.035708s ]
INFO: [ view_filter ] --START--
INFO: Run Behavior\WriteHtmlCacheBehavior [ RunTime:0.000658s ]
INFO: [ view_filter ] --END-- [ RunTime:0.000855s ]
INFO: [ app_end ] --START--
INFO: Run Behavior\ShowPageTraceBehavior [ RunTime:0.000753s ]
INFO: [ app_end ] --END-- [ RunTime:0.000958s ]

[ 2017-11-21T14:00:57+08:00 ] 112.90.82.218 /shop3.6/
INFO: [ app_init ] --START--
INFO: Run Behavior\BuildLiteBehavior [ RunTime:0.000043s ]
INFO: [ app_init ] --END-- [ RunTime:0.000586s ]
INFO: [ app_begin ] --START--
INFO: Run Behavior\ReadHtmlCacheBehavior [ RunTime:0.000709s ]
INFO: [ app_begin ] --END-- [ RunTime:0.000958s ]
SQL: SHOW COLUMNS FROM `shop_goods` [ RunTime:0.0052s ]
SQL: SELECT `goodsId`,`goods_name`,`goods_sn`,`shop_price`,`goods_status`,`goods_unit`,`goods_classify`,`img_path`,`thumb_path`,`create_time` FROM `shop_goods` LIMIT 10   [ RunTime:0.0004s ]
NOTIC: [4096] Object of class Home\Controller\IndexController could not be converted to string C:\wampc\www\shop3.6\Application\Home\Controller\IndexController.class.php 第 9 行.
SQL: SELECT `goodsId`,`goods_name`,`goods_sn`,`shop_price`,`goods_status`,`goods_unit`,`goods_classify`,`img_path`,`thumb_path`,`create_time` FROM `shop_goods` WHERE `goods_classify` = '生鲜' LIMIT 10   [ RunTime:0.0004s ]
NOTIC: [4096] Object of class Home\Controller\IndexController could not be converted to string C:\wampc\www\shop3.6\Application\Home\Controller\IndexController.class.php 第 10 行.
INFO: [ view_parse ] --START--
INFO: [ template_filter ] --START--
INFO: Run Behavior\ContentReplaceBehavior [ RunTime:0.000256s ]
INFO: [ template_filter ] --END-- [ RunTime:0.000468s ]
NOTIC: [8] Undefined variable: Goods C:\wampc\www\shop3.6\Application\Runtime\Cache\Home\4ff1c5b8284f90a50fd957ef30c3e1de.php 第 130 行.
INFO: Run Behavior\ParseTemplateBehavior [ RunTime:0.037861s ]
INFO: [ view_parse ] --END-- [ RunTime:0.038128s ]
INFO: [ view_filter ] --START--
INFO: Run Behavior\WriteHtmlCacheBehavior [ RunTime:0.000552s ]
INFO: [ view_filter ] --END-- [ RunTime:0.000743s ]
INFO: [ app_end ] --START--
INFO: Run Behavior\ShowPageTraceBehavior [ RunTime:0.000678s ]
INFO: [ app_end ] --END-- [ RunTime:0.000884s ]

[ 2017-11-21T16:23:35+08:00 ] 113.88.66.221 /shop3.6/
INFO: [ app_init ] --START--
INFO: Run Behavior\BuildLiteBehavior [ RunTime:0.000048s ]
INFO: [ app_init ] --END-- [ RunTime:0.000667s ]
INFO: [ app_begin ] --START--
INFO: Run Behavior\ReadHtmlCacheBehavior [ RunTime:0.001082s ]
INFO: [ app_begin ] --END-- [ RunTime:0.001398s ]
SQL: SHOW COLUMNS FROM `shop_goods` [ RunTime:0.0036s ]
SQL: SELECT `goodsId`,`goods_name`,`goods_sn`,`shop_price`,`goods_status`,`goods_unit`,`goods_classify`,`img_path`,`thumb_path`,`create_time` FROM `shop_goods` LIMIT 10   [ RunTime:0.0006s ]
NOTIC: [4096] Object of class Home\Controller\IndexController could not be converted to string C:\wampc\www\shop3.6\Application\Home\Controller\IndexController.class.php 第 9 行.
SQL: SELECT `goodsId`,`goods_name`,`goods_sn`,`shop_price`,`goods_status`,`goods_unit`,`goods_classify`,`img_path`,`thumb_path`,`create_time` FROM `shop_goods` WHERE `goods_classify` = '生鲜' LIMIT 10   [ RunTime:0.0009s ]
NOTIC: [4096] Object of class Home\Controller\IndexController could not be converted to string C:\wampc\www\shop3.6\Application\Home\Controller\IndexController.class.php 第 10 行.
INFO: [ view_parse ] --START--
INFO: [ template_filter ] --START--
INFO: Run Behavior\ContentReplaceBehavior [ RunTime:0.000296s ]
INFO: [ template_filter ] --END-- [ RunTime:0.000543s ]
NOTIC: [8] Undefined variable: Goods C:\wampc\www\shop3.6\Application\Runtime\Cache\Home\4ff1c5b8284f90a50fd957ef30c3e1de.php 第 130 行.
INFO: Run Behavior\ParseTemplateBehavior [ RunTime:0.036688s ]
INFO: [ view_parse ] --END-- [ RunTime:0.036953s ]
INFO: [ view_filter ] --START--
INFO: Run Behavior\WriteHtmlCacheBehavior [ RunTime:0.000733s ]
INFO: [ view_filter ] --END-- [ RunTime:0.000939s ]
INFO: [ app_end ] --START--
INFO: Run Behavior\ShowPageTraceBehavior [ RunTime:0.000811s ]
INFO: [ app_end ] --END-- [ RunTime:0.001049s ]

[ 2017-11-21T16:25:58+08:00 ] 113.88.66.221 /shop3.6/Goods/getGoodsDetails.html?id=20
INFO: [ app_init ] --START--
INFO: Run Behavior\BuildLiteBehavior [ RunTime:0.000048s ]
INFO: [ app_init ] --END-- [ RunTime:0.000605s ]
INFO: [ app_begin ] --START--
INFO: Run Behavior\ReadHtmlCacheBehavior [ RunTime:0.000827s ]
INFO: [ app_begin ] --END-- [ RunTime:0.001075s ]

[ 2017-11-21T16:25:58+08:00 ] 113.88.66.221 /shop3.6/Index/login.html
INFO: [ app_init ] --START--
INFO: Run Behavior\BuildLiteBehavior [ RunTime:0.000053s ]
INFO: [ app_init ] --END-- [ RunTime:0.000604s ]
INFO: [ app_begin ] --START--
INFO: Run Behavior\ReadHtmlCacheBehavior [ RunTime:0.000747s ]
INFO: [ app_begin ] --END-- [ RunTime:0.000985s ]
INFO: [ view_parse ] --START--
INFO: [ template_filter ] --START--
INFO: Run Behavior\ContentReplaceBehavior [ RunTime:0.000603s ]
INFO: [ template_filter ] --END-- [ RunTime:0.000850s ]
INFO: Run Behavior\ParseTemplateBehavior [ RunTime:0.010305s ]
INFO: [ view_parse ] --END-- [ RunTime:0.010634s ]
INFO: [ view_filter ] --START--
INFO: Run Behavior\WriteHtmlCacheBehavior [ RunTime:0.000540s ]
INFO: [ view_filter ] --END-- [ RunTime:0.000746s ]
INFO: [ app_end ] --START--
INFO: Run Behavior\ShowPageTraceBehavior [ RunTime:0.000752s ]
INFO: [ app_end ] --END-- [ RunTime:0.000952s ]

[ 2017-11-21T16:26:03+08:00 ] 113.88.66.221 /shop3.6/Home/Login/checkUser
INFO: [ app_init ] --START--
INFO: Run Behavior\BuildLiteBehavior [ RunTime:0.000047s ]
INFO: [ app_init ] --END-- [ RunTime:0.000591s ]
INFO: [ app_begin ] --START--
INFO: Run Behavior\ReadHtmlCacheBehavior [ RunTime:0.000714s ]
INFO: [ app_begin ] --END-- [ RunTime:0.000909s ]
SQL: SHOW COLUMNS FROM `shop_user` [ RunTime:0.0113s ]
NOTIC: [8] Undefined index: validate C:\wampc\www\shop3.6\ThinkPHP\Library\Think\Model.class.php 第 1185 行.
NOTIC: [8] Undefined index: auto C:\wampc\www\shop3.6\ThinkPHP\Library\Think\Model.class.php 第 1128 行.
SQL: SELECT `id`,`accounts`,`state` FROM `shop_user` WHERE `accounts` = 'zxzx' AND `password` = '601f1889667efaebb33b8c12572835da3f027f78' LIMIT 1   [ RunTime:0.0089s ]
SQL: UPDATE `shop_user` SET `last_login_time`='2017-11-21 16:26:03',`last_login_ip`='113.88.66.221',`login_count`=login_count+1 WHERE `id` = 13 [ RunTime:0.0355s ]
INFO: [ app_end ] --START--
INFO: Run Behavior\ShowPageTraceBehavior [ RunTime:0.001380s ]
INFO: [ app_end ] --END-- [ RunTime:0.001745s ]

[ 2017-11-21T16:26:03+08:00 ] 113.88.66.221 /shop3.6/Index/index.html
INFO: [ app_init ] --START--
INFO: Run Behavior\BuildLiteBehavior [ RunTime:0.000048s ]
INFO: [ app_init ] --END-- [ RunTime:0.000620s ]
INFO: [ app_begin ] --START--
INFO: Run Behavior\ReadHtmlCacheBehavior [ RunTime:0.000743s ]
INFO: [ app_begin ] --END-- [ RunTime:0.000966s ]
SQL: SHOW COLUMNS FROM `shop_goods` [ RunTime:0.0044s ]
SQL: SELECT `goodsId`,`goods_name`,`goods_sn`,`shop_price`,`goods_status`,`goods_unit`,`goods_classify`,`img_path`,`thumb_path`,`create_time` FROM `shop_goods` LIMIT 10   [ RunTime:0.0005s ]
NOTIC: [4096] Object of class Home\Controller\IndexController could not be converted to string C:\wampc\www\shop3.6\Application\Home\Controller\IndexController.class.php 第 9 行.
SQL: SELECT `goodsId`,`goods_name`,`goods_sn`,`shop_price`,`goods_status`,`goods_unit`,`goods_classify`,`img_path`,`thumb_path`,`create_time` FROM `shop_goods` WHERE `goods_classify` = '生鲜' LIMIT 10   [ RunTime:0.0005s ]
NOTIC: [4096] Object of class Home\Controller\IndexController could not be converted to string C:\wampc\www\shop3.6\Application\Home\Controller\IndexController.class.php 第 10 行.
INFO: [ view_parse ] --START--
INFO: [ template_filter ] --START--
INFO: Run Behavior\ContentReplaceBehavior [ RunTime:0.000275s ]
INFO: [ template_filter ] --END-- [ RunTime:0.000526s ]
NOTIC: [8] Undefined variable: Goods C:\wampc\www\shop3.6\Application\Runtime\Cache\Home\4ff1c5b8284f90a50fd957ef30c3e1de.php 第 130 行.
INFO: Run Behavior\ParseTemplateBehavior [ RunTime:0.036019s ]
INFO: [ view_parse ] --END-- [ RunTime:0.036255s ]
INFO: [ view_filter ] --START--
INFO: Run Behavior\WriteHtmlCacheBehavior [ RunTime:0.000700s ]
INFO: [ view_filter ] --END-- [ RunTime:0.000897s ]
INFO: [ app_end ] --START--
INFO: Run Behavior\ShowPageTraceBehavior [ RunTime:0.000764s ]
INFO: [ app_end ] --END-- [ RunTime:0.000985s ]

[ 2017-11-21T18:20:30+08:00 ] 106.120.160.119 /shop3.6/
INFO: [ app_init ] --START--
INFO: Run Behavior\BuildLiteBehavior [ RunTime:0.000047s ]
INFO: [ app_init ] --END-- [ RunTime:0.000777s ]
INFO: [ app_begin ] --START--
INFO: Run Behavior\ReadHtmlCacheBehavior [ RunTime:0.000791s ]
INFO: [ app_begin ] --END-- [ RunTime:0.001045s ]
SQL: SHOW COLUMNS FROM `shop_goods` [ RunTime:0.0040s ]
SQL: SELECT `goodsId`,`goods_name`,`goods_sn`,`shop_price`,`goods_status`,`goods_unit`,`goods_classify`,`img_path`,`thumb_path`,`create_time` FROM `shop_goods` LIMIT 10   [ RunTime:0.0006s ]
NOTIC: [4096] Object of class Home\Controller\IndexController could not be converted to string C:\wampc\www\shop3.6\Application\Home\Controller\IndexController.class.php 第 9 行.
SQL: SELECT `goodsId`,`goods_name`,`goods_sn`,`shop_price`,`goods_status`,`goods_unit`,`goods_classify`,`img_path`,`thumb_path`,`create_time` FROM `shop_goods` WHERE `goods_classify` = '生鲜' LIMIT 10   [ RunTime:0.0005s ]
NOTIC: [4096] Object of class Home\Controller\IndexController could not be converted to string C:\wampc\www\shop3.6\Application\Home\Controller\IndexController.class.php 第 10 行.
INFO: [ view_parse ] --START--
INFO: [ template_filter ] --START--
INFO: Run Behavior\ContentReplaceBehavior [ RunTime:0.000295s ]
INFO: [ template_filter ] --END-- [ RunTime:0.000547s ]
NOTIC: [8] Undefined variable: Goods C:\wampc\www\shop3.6\Application\Runtime\Cache\Home\4ff1c5b8284f90a50fd957ef30c3e1de.php 第 130 行.
INFO: Run Behavior\ParseTemplateBehavior [ RunTime:0.036568s ]
INFO: [ view_parse ] --END-- [ RunTime:0.036848s ]
INFO: [ view_filter ] --START--
INFO: Run Behavior\WriteHtmlCacheBehavior [ RunTime:0.000666s ]
INFO: [ view_filter ] --END-- [ RunTime:0.000866s ]
INFO: [ app_end ] --START--
INFO: Run Behavior\ShowPageTraceBehavior [ RunTime:0.000799s ]
INFO: [ app_end ] --END-- [ RunTime:0.001010s ]

[ 2017-11-21T18:20:42+08:00 ] 101.199.108.57 /shop3.6/
INFO: [ app_init ] --START--
INFO: Run Behavior\BuildLiteBehavior [ RunTime:0.000045s ]
INFO: [ app_init ] --END-- [ RunTime:0.001574s ]
INFO: [ app_begin ] --START--
INFO: Run Behavior\ReadHtmlCacheBehavior [ RunTime:0.001031s ]
INFO: [ app_begin ] --END-- [ RunTime:0.001272s ]
SQL: SHOW COLUMNS FROM `shop_goods` [ RunTime:0.0022s ]
SQL: SELECT `goodsId`,`goods_name`,`goods_sn`,`shop_price`,`goods_status`,`goods_unit`,`goods_classify`,`img_path`,`thumb_path`,`create_time` FROM `shop_goods` LIMIT 10   [ RunTime:0.0004s ]
NOTIC: [4096] Object of class Home\Controller\IndexController could not be converted to string C:\wampc\www\shop3.6\Application\Home\Controller\IndexController.class.php 第 9 行.
SQL: SELECT `goodsId`,`goods_name`,`goods_sn`,`shop_price`,`goods_status`,`goods_unit`,`goods_classify`,`img_path`,`thumb_path`,`create_time` FROM `shop_goods` WHERE `goods_classify` = '生鲜' LIMIT 10   [ RunTime:0.0004s ]
NOTIC: [4096] Object of class Home\Controller\IndexController could not be converted to string C:\wampc\www\shop3.6\Application\Home\Controller\IndexController.class.php 第 10 行.
INFO: [ view_parse ] --START--
INFO: [ template_filter ] --START--
INFO: Run Behavior\ContentReplaceBehavior [ RunTime:0.000265s ]
INFO: [ template_filter ] --END-- [ RunTime:0.000492s ]
NOTIC: [8] Undefined variable: Goods C:\wampc\www\shop3.6\Application\Runtime\Cache\Home\4ff1c5b8284f90a50fd957ef30c3e1de.php 第 130 行.
INFO: Run Behavior\ParseTemplateBehavior [ RunTime:0.047752s ]
INFO: [ view_parse ] --END-- [ RunTime:0.048001s ]
INFO: [ view_filter ] --START--
INFO: Run Behavior\WriteHtmlCacheBehavior [ RunTime:0.000637s ]
INFO: [ view_filter ] --END-- [ RunTime:0.000828s ]
INFO: [ app_end ] --START--
INFO: Run Behavior\ShowPageTraceBehavior [ RunTime:0.000695s ]
INFO: [ app_end ] --END-- [ RunTime:0.000893s ]

