[ 2017-12-10T00:02:33+08:00 ] ::1 /shop4.2/admin
INFO: [ app_init ] --START--
INFO: Run Behavior\BuildLiteBehavior [ RunTime:0.000000s ]
INFO: [ app_init ] --END-- [ RunTime:0.002930s ]
INFO: [ app_begin ] --START--
INFO: Run Behavior\ReadHtmlCacheBehavior [ RunTime:0.000977s ]
INFO: [ app_begin ] --END-- [ RunTime:0.002929s ]

[ 2017-12-10T00:02:33+08:00 ] ::1 /shop4.2/Admin/Login/index.html
INFO: [ app_init ] --START--
INFO: Run Behavior\BuildLiteBehavior [ RunTime:0.000977s ]
INFO: [ app_init ] --END-- [ RunTime:0.002929s ]
INFO: [ app_begin ] --START--
INFO: Run Behavior\ReadHtmlCacheBehavior [ RunTime:0.001953s ]
INFO: [ app_begin ] --END-- [ RunTime:0.002930s ]
INFO: [ view_parse ] --START--
INFO: [ template_filter ] --START--
INFO: Run Behavior\ContentReplaceBehavior [ RunTime:0.000977s ]
INFO: [ template_filter ] --END-- [ RunTime:0.002930s ]
INFO: Run Behavior\ParseTemplateBehavior [ RunTime:0.030273s ]
INFO: [ view_parse ] --END-- [ RunTime:0.032227s ]
INFO: [ view_filter ] --START--
INFO: Run Behavior\WriteHtmlCacheBehavior [ RunTime:0.001953s ]
INFO: [ view_filter ] --END-- [ RunTime:0.003906s ]
INFO: [ app_end ] --START--
INFO: Run Behavior\ShowPageTraceBehavior [ RunTime:0.001953s ]
INFO: [ app_end ] --END-- [ RunTime:0.003906s ]

[ 2017-12-10T00:02:37+08:00 ] ::1 /shop4.2/Admin/Login/checkUser
INFO: [ app_init ] --START--
INFO: Run Behavior\BuildLiteBehavior [ RunTime:0.000000s ]
INFO: [ app_init ] --END-- [ RunTime:0.002930s ]
INFO: [ app_begin ] --START--
INFO: Run Behavior\ReadHtmlCacheBehavior [ RunTime:0.001953s ]
INFO: [ app_begin ] --END-- [ RunTime:0.002930s ]
SQL: SHOW COLUMNS FROM `shop_user` [ RunTime:0.0068s ]
NOTIC: [8] Undefined index: validate D:\WampServer\wamp\www\shop4.2\ThinkPHP\Library\Think\Model.class.php 第 1185 行.
NOTIC: [8] Undefined index: auto D:\WampServer\wamp\www\shop4.2\ThinkPHP\Library\Think\Model.class.php 第 1128 行.
SQL: SELECT `id`,`accounts`,`state`,`tab` FROM `shop_user` WHERE `accounts` = 'admin' AND `password` = '601f1889667efaebb33b8c12572835da3f027f78' LIMIT 1   [ RunTime:0.0010s ]
SQL: UPDATE `shop_user` SET `last_login_time`='2017-12-10 00:02:37',`last_login_ip`='0.0.0.0',`login_count`=login_count+1 WHERE `id` = 2 [ RunTime:0.0518s ]
INFO: [ app_end ] --START--
INFO: Run Behavior\ShowPageTraceBehavior [ RunTime:0.000977s ]
INFO: [ app_end ] --END-- [ RunTime:0.002929s ]

[ 2017-12-10T00:02:37+08:00 ] ::1 /shop4.2/Admin/Index/index.html
INFO: [ app_init ] --START--
INFO: Run Behavior\BuildLiteBehavior [ RunTime:0.000000s ]
INFO: [ app_init ] --END-- [ RunTime:0.002929s ]
INFO: [ app_begin ] --START--
INFO: Run Behavior\ReadHtmlCacheBehavior [ RunTime:0.001953s ]
INFO: [ app_begin ] --END-- [ RunTime:0.002929s ]
INFO: [ view_parse ] --START--
INFO: [ template_filter ] --START--
INFO: Run Behavior\ContentReplaceBehavior [ RunTime:0.001953s ]
INFO: [ template_filter ] --END-- [ RunTime:0.003906s ]
SQL: SHOW COLUMNS FROM `shop_auth_group_access` [ RunTime:0.0078s ]
SQL: SELECT `uid`,`group_id`,`title`,`rules` FROM shop_auth_group_access a INNER JOIN shop_auth_group g on a.group_id=g.id  WHERE ( a.uid='2' and g.status='1' )  [ RunTime:0.0020s ]
SQL: SHOW COLUMNS FROM `shop_auth_rule` [ RunTime:0.0078s ]
SQL: SELECT `condition`,`name` FROM `shop_auth_rule` WHERE `id` IN ('1','2','3','4','5') AND `type` = 1 AND `status` = 1  [ RunTime:0.0010s ]
INFO: Run Behavior\ParseTemplateBehavior [ RunTime:0.105469s ]
INFO: [ view_parse ] --END-- [ RunTime:0.107422s ]
INFO: [ view_filter ] --START--
INFO: Run Behavior\WriteHtmlCacheBehavior [ RunTime:0.000977s ]
INFO: [ view_filter ] --END-- [ RunTime:0.002930s ]
INFO: [ app_end ] --START--
INFO: Run Behavior\ShowPageTraceBehavior [ RunTime:0.001953s ]
INFO: [ app_end ] --END-- [ RunTime:0.003907s ]

[ 2017-12-10T00:02:41+08:00 ] ::1 /shop4.2/Admin/Order/index?_=1512835357926
INFO: [ app_init ] --START--
INFO: Run Behavior\BuildLiteBehavior [ RunTime:0.000000s ]
INFO: [ app_init ] --END-- [ RunTime:0.002930s ]
INFO: [ app_begin ] --START--
INFO: Run Behavior\ReadHtmlCacheBehavior [ RunTime:0.001953s ]
INFO: [ app_begin ] --END-- [ RunTime:0.003906s ]
INFO: [ view_parse ] --START--
INFO: [ template_filter ] --START--
INFO: Run Behavior\ContentReplaceBehavior [ RunTime:0.000976s ]
INFO: [ template_filter ] --END-- [ RunTime:0.001953s ]
INFO: Run Behavior\ParseTemplateBehavior [ RunTime:0.025390s ]
INFO: [ view_parse ] --END-- [ RunTime:0.025390s ]
INFO: [ view_filter ] --START--
INFO: Run Behavior\WriteHtmlCacheBehavior [ RunTime:0.000977s ]
INFO: [ view_filter ] --END-- [ RunTime:0.002929s ]
INFO: [ app_end ] --START--
INFO: Run Behavior\ShowPageTraceBehavior [ RunTime:0.001953s ]
INFO: [ app_end ] --END-- [ RunTime:0.003906s ]

[ 2017-12-10T00:02:41+08:00 ] ::1 /shop4.2/Admin/Order/getList
INFO: [ app_init ] --START--
INFO: Run Behavior\BuildLiteBehavior [ RunTime:0.000000s ]
INFO: [ app_init ] --END-- [ RunTime:0.003906s ]
INFO: [ app_begin ] --START--
INFO: Run Behavior\ReadHtmlCacheBehavior [ RunTime:0.001953s ]
INFO: [ app_begin ] --END-- [ RunTime:0.003907s ]
SQL: SHOW COLUMNS FROM `shop_order` [ RunTime:0.0098s ]
SQL: SELECT shop_order.orderId,shop_order.order_name,shop_order.orderSn,shop_order.create_time,shop_order.unit_price,shop_order.number,shop_order.total_price,shop_order.order_status,shop_order.order_cancel,shop_goods.goodsId,shop_goods.goods_info,shop_goods.goods_name,shop_goods.thumb_path FROM `shop_order` LEFT JOIN shop_goods ON shop_order.goods_id=shop_goods.goodsId  ORDER BY `create_time` DESC LIMIT 0,20   [ RunTime:0.0010s ]
SQL: SELECT COUNT(*) AS tp_count FROM `shop_order` LIMIT 1   [ RunTime:0.0010s ]

[ 2017-12-10T00:02:42+08:00 ] ::1 /shop4.2/Admin/Order/getList
INFO: [ app_init ] --START--
INFO: Run Behavior\BuildLiteBehavior [ RunTime:0.000000s ]
INFO: [ app_init ] --END-- [ RunTime:0.002930s ]
INFO: [ app_begin ] --START--
INFO: Run Behavior\ReadHtmlCacheBehavior [ RunTime:0.001954s ]
INFO: [ app_begin ] --END-- [ RunTime:0.002930s ]
SQL: SHOW COLUMNS FROM `shop_order` [ RunTime:0.0088s ]
SQL: SELECT shop_order.order_status FROM `shop_order` GROUP BY shop_order.order_status  [ RunTime:0.0020s ]

[ 2017-12-10T00:02:42+08:00 ] ::1 /shop4.2/Admin/Order/getList
INFO: [ app_init ] --START--
INFO: Run Behavior\BuildLiteBehavior [ RunTime:0.000976s ]
INFO: [ app_init ] --END-- [ RunTime:0.002930s ]
INFO: [ app_begin ] --START--
INFO: Run Behavior\ReadHtmlCacheBehavior [ RunTime:0.001953s ]
INFO: [ app_begin ] --END-- [ RunTime:0.002930s ]
SQL: SHOW COLUMNS FROM `shop_order` [ RunTime:0.0068s ]
SQL: SELECT shop_order.order_cancel FROM `shop_order` GROUP BY shop_order.order_cancel  [ RunTime:0.0010s ]

[ 2017-12-10T00:03:04+08:00 ] ::1 /shop4.2/Admin/Order/getList
INFO: [ app_init ] --START--
INFO: Run Behavior\BuildLiteBehavior [ RunTime:0.000000s ]
INFO: [ app_init ] --END-- [ RunTime:0.002929s ]
INFO: [ app_begin ] --START--
INFO: Run Behavior\ReadHtmlCacheBehavior [ RunTime:0.001953s ]
INFO: [ app_begin ] --END-- [ RunTime:0.002929s ]
SQL: SHOW COLUMNS FROM `shop_order` [ RunTime:0.0068s ]
SQL: SELECT shop_order.orderId,shop_order.order_name,shop_order.orderSn,shop_order.create_time,shop_order.unit_price,shop_order.number,shop_order.total_price,shop_order.order_status,shop_order.order_cancel,shop_goods.goodsId,shop_goods.goods_info,shop_goods.goods_name,shop_goods.thumb_path FROM `shop_order` LEFT JOIN shop_goods ON shop_order.goods_id=shop_goods.goodsId  WHERE shop_order.order_status = '未受理' ORDER BY `create_time` DESC LIMIT 0,20   [ RunTime:0.0020s ]
SQL: SELECT COUNT(*) AS tp_count FROM `shop_order` LIMIT 1   [ RunTime:0.0000s ]

