[ 2017-12-09T12:25:02+08:00 ] 127.0.0.1 /shop4.2/admin
INFO: [ app_init ] --START--
INFO: Run Behavior\BuildLiteBehavior [ RunTime:0.000000s ]
INFO: [ app_init ] --END-- [ RunTime:0.000977s ]
INFO: [ app_begin ] --START--
INFO: Run Behavior\ReadHtmlCacheBehavior [ RunTime:0.000977s ]
INFO: [ app_begin ] --END-- [ RunTime:0.001953s ]

[ 2017-12-09T12:25:02+08:00 ] 127.0.0.1 /shop4.2/Admin/Login/index.html
INFO: [ app_init ] --START--
INFO: Run Behavior\BuildLiteBehavior [ RunTime:0.000000s ]
INFO: [ app_init ] --END-- [ RunTime:0.000977s ]
INFO: [ app_begin ] --START--
INFO: Run Behavior\ReadHtmlCacheBehavior [ RunTime:0.000000s ]
INFO: [ app_begin ] --END-- [ RunTime:0.001953s ]
INFO: [ view_parse ] --START--
INFO: [ template_filter ] --START--
INFO: Run Behavior\ContentReplaceBehavior [ RunTime:0.000000s ]
INFO: [ template_filter ] --END-- [ RunTime:0.000000s ]
INFO: Run Behavior\ParseTemplateBehavior [ RunTime:0.013671s ]
INFO: [ view_parse ] --END-- [ RunTime:0.013671s ]
INFO: [ view_filter ] --START--
INFO: Run Behavior\WriteHtmlCacheBehavior [ RunTime:0.000977s ]
INFO: [ view_filter ] --END-- [ RunTime:0.000977s ]
INFO: [ app_end ] --START--
INFO: Run Behavior\ShowPageTraceBehavior [ RunTime:0.000977s ]
INFO: [ app_end ] --END-- [ RunTime:0.002929s ]

[ 2017-12-09T12:25:07+08:00 ] 127.0.0.1 /shop4.2/Admin/Login/checkUser
INFO: [ app_init ] --START--
INFO: Run Behavior\BuildLiteBehavior [ RunTime:0.000976s ]
INFO: [ app_init ] --END-- [ RunTime:0.001953s ]
INFO: [ app_begin ] --START--
INFO: Run Behavior\ReadHtmlCacheBehavior [ RunTime:0.001953s ]
INFO: [ app_begin ] --END-- [ RunTime:0.001953s ]
SQL: SHOW COLUMNS FROM `shop_user` [ RunTime:0.0088s ]
NOTIC: [8] Undefined index: validate D:\WampServer\wamp\www\shop4.2\ThinkPHP\Library\Think\Model.class.php 第 1185 行.
NOTIC: [8] Undefined index: auto D:\WampServer\wamp\www\shop4.2\ThinkPHP\Library\Think\Model.class.php 第 1128 行.
SQL: SELECT `id`,`accounts`,`state`,`tab` FROM `shop_user` WHERE `accounts` = 'admin' AND `password` = '601f1889667efaebb33b8c12572835da3f027f78' LIMIT 1   [ RunTime:0.0020s ]
SQL: UPDATE `shop_user` SET `last_login_time`='2017-12-09 12:25:07',`last_login_ip`='127.0.0.1',`login_count`=login_count+1 WHERE `id` = 2 [ RunTime:0.0752s ]
INFO: [ app_end ] --START--
INFO: Run Behavior\ShowPageTraceBehavior [ RunTime:0.001953s ]
INFO: [ app_end ] --END-- [ RunTime:0.001953s ]

[ 2017-12-09T12:25:08+08:00 ] 127.0.0.1 /shop4.2/Admin/Index/index.html
INFO: [ app_init ] --START--
INFO: Run Behavior\BuildLiteBehavior [ RunTime:0.000000s ]
INFO: [ app_init ] --END-- [ RunTime:0.000976s ]
INFO: [ app_begin ] --START--
INFO: Run Behavior\ReadHtmlCacheBehavior [ RunTime:0.000977s ]
INFO: [ app_begin ] --END-- [ RunTime:0.000977s ]
INFO: [ view_parse ] --START--
INFO: [ template_filter ] --START--
INFO: Run Behavior\ContentReplaceBehavior [ RunTime:0.000000s ]
INFO: [ template_filter ] --END-- [ RunTime:0.000000s ]
SQL: SHOW COLUMNS FROM `shop_auth_group_access` [ RunTime:0.0449s ]
SQL: SELECT `uid`,`group_id`,`title`,`rules` FROM shop_auth_group_access a INNER JOIN shop_auth_group g on a.group_id=g.id  WHERE ( a.uid='2' and g.status='1' )  [ RunTime:0.0391s ]
SQL: SHOW COLUMNS FROM `shop_auth_rule` [ RunTime:0.0068s ]
SQL: SELECT `condition`,`name` FROM `shop_auth_rule` WHERE `id` IN ('1','2','3','4','5') AND `type` = 1 AND `status` = 1  [ RunTime:0.0078s ]
INFO: Run Behavior\ParseTemplateBehavior [ RunTime:0.131836s ]
INFO: [ view_parse ] --END-- [ RunTime:0.131836s ]
INFO: [ view_filter ] --START--
INFO: Run Behavior\WriteHtmlCacheBehavior [ RunTime:0.000976s ]
INFO: [ view_filter ] --END-- [ RunTime:0.001953s ]
INFO: [ app_end ] --START--
INFO: Run Behavior\ShowPageTraceBehavior [ RunTime:0.000977s ]
INFO: [ app_end ] --END-- [ RunTime:0.001954s ]

[ 2017-12-09T12:25:11+08:00 ] 127.0.0.1 /shop4.2/Admin/Goods/index?_=1512793508479
INFO: [ app_init ] --START--
INFO: Run Behavior\BuildLiteBehavior [ RunTime:0.000000s ]
INFO: [ app_init ] --END-- [ RunTime:0.001953s ]
INFO: [ app_begin ] --START--
INFO: Run Behavior\ReadHtmlCacheBehavior [ RunTime:0.000977s ]
INFO: [ app_begin ] --END-- [ RunTime:0.001953s ]
INFO: [ view_parse ] --START--
INFO: [ template_filter ] --START--
INFO: Run Behavior\ContentReplaceBehavior [ RunTime:0.000977s ]
INFO: [ template_filter ] --END-- [ RunTime:0.000977s ]
INFO: Run Behavior\ParseTemplateBehavior [ RunTime:0.020508s ]
INFO: [ view_parse ] --END-- [ RunTime:0.020508s ]
INFO: [ view_filter ] --START--
INFO: Run Behavior\WriteHtmlCacheBehavior [ RunTime:0.001953s ]
INFO: [ view_filter ] --END-- [ RunTime:0.001953s ]
INFO: [ app_end ] --START--
INFO: Run Behavior\ShowPageTraceBehavior [ RunTime:0.000976s ]
INFO: [ app_end ] --END-- [ RunTime:0.001953s ]

[ 2017-12-09T12:25:15+08:00 ] 127.0.0.1 /shop4.2/Admin/Goods/getList
INFO: [ app_init ] --START--
INFO: Run Behavior\BuildLiteBehavior [ RunTime:0.000000s ]
INFO: [ app_init ] --END-- [ RunTime:0.000977s ]
INFO: [ app_begin ] --START--
INFO: Run Behavior\ReadHtmlCacheBehavior [ RunTime:0.000976s ]
INFO: [ app_begin ] --END-- [ RunTime:0.001953s ]
SQL: SHOW COLUMNS FROM `shop_goods` [ RunTime:0.0068s ]
SQL: SELECT `goods_status` FROM `shop_goods` GROUP BY goods_status  [ RunTime:0.0215s ]

[ 2017-12-09T12:25:15+08:00 ] 127.0.0.1 /shop4.2/Admin/Goods/getList
INFO: [ app_init ] --START--
INFO: Run Behavior\BuildLiteBehavior [ RunTime:0.000000s ]
INFO: [ app_init ] --END-- [ RunTime:0.000977s ]
INFO: [ app_begin ] --START--
INFO: Run Behavior\ReadHtmlCacheBehavior [ RunTime:0.001953s ]
INFO: [ app_begin ] --END-- [ RunTime:0.001953s ]
SQL: SHOW COLUMNS FROM `shop_goods` [ RunTime:0.0059s ]
SQL: SELECT `goodsId`,`goods_name`,`goods_sn`,`shop_price`,`goods_recommend`,`goods_competitive`,`goods_status`,`new_product`,`goods_stock`,`goods_info`,`hot_cakes`,`img_path`,`thumb_path`,`create_time` FROM `shop_goods` ORDER BY `create_time` DESC LIMIT 0,20   [ RunTime:0.0010s ]
SQL: SELECT COUNT(*) AS tp_count FROM `shop_goods` LIMIT 1   [ RunTime:0.0137s ]

[ 2017-12-09T12:25:23+08:00 ] 127.0.0.1 /shop4.2/Admin/Order/index?_=1512793508485
INFO: [ app_init ] --START--
INFO: Run Behavior\BuildLiteBehavior [ RunTime:0.000000s ]
INFO: [ app_init ] --END-- [ RunTime:0.001953s ]
INFO: [ app_begin ] --START--
INFO: Run Behavior\ReadHtmlCacheBehavior [ RunTime:0.000976s ]
INFO: [ app_begin ] --END-- [ RunTime:0.000976s ]
INFO: [ view_parse ] --START--
INFO: [ template_filter ] --START--
INFO: Run Behavior\ContentReplaceBehavior [ RunTime:0.000977s ]
INFO: [ template_filter ] --END-- [ RunTime:0.000977s ]
INFO: Run Behavior\ParseTemplateBehavior [ RunTime:0.013671s ]
INFO: [ view_parse ] --END-- [ RunTime:0.013671s ]
INFO: [ view_filter ] --START--
INFO: Run Behavior\WriteHtmlCacheBehavior [ RunTime:0.000000s ]
INFO: [ view_filter ] --END-- [ RunTime:0.000977s ]
INFO: [ app_end ] --START--
INFO: Run Behavior\ShowPageTraceBehavior [ RunTime:0.000976s ]
INFO: [ app_end ] --END-- [ RunTime:0.000976s ]

[ 2017-12-09T12:25:23+08:00 ] 127.0.0.1 /shop4.2/Admin/Order/getList
INFO: [ app_init ] --START--
INFO: Run Behavior\BuildLiteBehavior [ RunTime:0.000000s ]
INFO: [ app_init ] --END-- [ RunTime:0.001953s ]
INFO: [ app_begin ] --START--
INFO: Run Behavior\ReadHtmlCacheBehavior [ RunTime:0.001953s ]
INFO: [ app_begin ] --END-- [ RunTime:0.002930s ]
SQL: SHOW COLUMNS FROM `shop_order` [ RunTime:0.0596s ]
SQL: SELECT shop_order.order_status FROM `shop_order` GROUP BY shop_order.order_status  [ RunTime:0.0010s ]

[ 2017-12-09T12:25:23+08:00 ] 127.0.0.1 /shop4.2/Admin/Order/getList
INFO: [ app_init ] --START--
INFO: Run Behavior\BuildLiteBehavior [ RunTime:0.000977s ]
INFO: [ app_init ] --END-- [ RunTime:0.001953s ]
INFO: [ app_begin ] --START--
INFO: Run Behavior\ReadHtmlCacheBehavior [ RunTime:0.001953s ]
INFO: [ app_begin ] --END-- [ RunTime:0.002929s ]
SQL: SHOW COLUMNS FROM `shop_order` [ RunTime:0.0049s ]
SQL: SELECT shop_order.orderId,shop_order.order_name,shop_order.orderSn,shop_order.create_time,shop_order.unit_price,shop_order.number,shop_order.total_price,shop_order.order_status,shop_order.order_cancel,shop_goods.goodsId,shop_goods.goods_info,shop_goods.goods_name,shop_goods.thumb_path FROM `shop_order` LEFT JOIN shop_goods ON shop_order.goods_id=shop_goods.goodsId  ORDER BY `create_time` DESC LIMIT 0,20   [ RunTime:0.0010s ]
SQL: SELECT COUNT(*) AS tp_count FROM `shop_order` LIMIT 1   [ RunTime:0.0010s ]

[ 2017-12-09T12:25:23+08:00 ] 127.0.0.1 /shop4.2/Admin/Order/getList
INFO: [ app_init ] --START--
INFO: Run Behavior\BuildLiteBehavior [ RunTime:0.000000s ]
INFO: [ app_init ] --END-- [ RunTime:0.001953s ]
INFO: [ app_begin ] --START--
INFO: Run Behavior\ReadHtmlCacheBehavior [ RunTime:0.001953s ]
INFO: [ app_begin ] --END-- [ RunTime:0.001953s ]
SQL: SHOW COLUMNS FROM `shop_order` [ RunTime:0.0059s ]
SQL: SELECT shop_order.order_cancel FROM `shop_order` GROUP BY shop_order.order_cancel  [ RunTime:0.0010s ]

[ 2017-12-09T12:36:01+08:00 ] 127.0.0.1 /shop4.2/Admin/Order/getList
INFO: [ app_init ] --START--
INFO: Run Behavior\BuildLiteBehavior [ RunTime:0.000000s ]
INFO: [ app_init ] --END-- [ RunTime:0.000976s ]
INFO: [ app_begin ] --START--
INFO: Run Behavior\ReadHtmlCacheBehavior [ RunTime:0.001953s ]
INFO: [ app_begin ] --END-- [ RunTime:0.001953s ]
SQL: SHOW COLUMNS FROM `shop_order` [ RunTime:0.0068s ]
SQL: SELECT shop_order.orderId,shop_order.order_name,shop_order.orderSn,shop_order.create_time,shop_order.unit_price,shop_order.number,shop_order.total_price,shop_order.order_status,shop_order.order_cancel,shop_goods.goodsId,shop_goods.goods_info,shop_goods.goods_name,shop_goods.thumb_path FROM `shop_order` LEFT JOIN shop_goods ON shop_order.goods_id=shop_goods.goodsId  ORDER BY `create_time` DESC LIMIT 0,20   [ RunTime:0.0010s ]
SQL: SELECT COUNT(*) AS tp_count FROM `shop_order` LIMIT 1   [ RunTime:0.0010s ]

[ 2017-12-09T12:36:05+08:00 ] 127.0.0.1 /shop4.2/Admin/Order/index?_=1512793508488
INFO: [ app_init ] --START--
INFO: Run Behavior\BuildLiteBehavior [ RunTime:0.000000s ]
INFO: [ app_init ] --END-- [ RunTime:0.000977s ]
INFO: [ app_begin ] --START--
INFO: Run Behavior\ReadHtmlCacheBehavior [ RunTime:0.000977s ]
INFO: [ app_begin ] --END-- [ RunTime:0.000977s ]
INFO: [ view_parse ] --START--
INFO: [ template_filter ] --START--
INFO: Run Behavior\ContentReplaceBehavior [ RunTime:0.000977s ]
INFO: [ template_filter ] --END-- [ RunTime:0.000977s ]
INFO: Run Behavior\ParseTemplateBehavior [ RunTime:0.017578s ]
INFO: [ view_parse ] --END-- [ RunTime:0.017578s ]
INFO: [ view_filter ] --START--
INFO: Run Behavior\WriteHtmlCacheBehavior [ RunTime:0.000976s ]
INFO: [ view_filter ] --END-- [ RunTime:0.001953s ]
INFO: [ app_end ] --START--
INFO: Run Behavior\ShowPageTraceBehavior [ RunTime:0.001953s ]
INFO: [ app_end ] --END-- [ RunTime:0.002930s ]

[ 2017-12-09T12:36:06+08:00 ] 127.0.0.1 /shop4.2/Admin/Order/getList
INFO: [ app_init ] --START--
INFO: Run Behavior\BuildLiteBehavior [ RunTime:0.000000s ]
INFO: [ app_init ] --END-- [ RunTime:0.001954s ]
INFO: [ app_begin ] --START--
INFO: Run Behavior\ReadHtmlCacheBehavior [ RunTime:0.000976s ]
INFO: [ app_begin ] --END-- [ RunTime:0.000976s ]
SQL: SHOW COLUMNS FROM `shop_order` [ RunTime:0.0059s ]
SQL: SELECT shop_order.orderId,shop_order.order_name,shop_order.orderSn,shop_order.create_time,shop_order.unit_price,shop_order.number,shop_order.total_price,shop_order.order_status,shop_order.order_cancel,shop_goods.goodsId,shop_goods.goods_info,shop_goods.goods_name,shop_goods.thumb_path FROM `shop_order` LEFT JOIN shop_goods ON shop_order.goods_id=shop_goods.goodsId  ORDER BY `create_time` DESC LIMIT 0,20   [ RunTime:0.0010s ]
SQL: SELECT COUNT(*) AS tp_count FROM `shop_order` LIMIT 1   [ RunTime:0.0010s ]

[ 2017-12-09T12:36:06+08:00 ] 127.0.0.1 /shop4.2/Admin/Order/getList
INFO: [ app_init ] --START--
INFO: Run Behavior\BuildLiteBehavior [ RunTime:0.000000s ]
INFO: [ app_init ] --END-- [ RunTime:0.000976s ]
INFO: [ app_begin ] --START--
INFO: Run Behavior\ReadHtmlCacheBehavior [ RunTime:0.000977s ]
INFO: [ app_begin ] --END-- [ RunTime:0.000977s ]
SQL: SHOW COLUMNS FROM `shop_order` [ RunTime:0.0068s ]
SQL: SELECT shop_order.order_cancel FROM `shop_order` GROUP BY shop_order.order_cancel  [ RunTime:0.0010s ]

[ 2017-12-09T12:36:06+08:00 ] 127.0.0.1 /shop4.2/Admin/Order/getList
INFO: [ app_init ] --START--
INFO: Run Behavior\BuildLiteBehavior [ RunTime:0.000000s ]
INFO: [ app_init ] --END-- [ RunTime:0.000977s ]
INFO: [ app_begin ] --START--
INFO: Run Behavior\ReadHtmlCacheBehavior [ RunTime:0.000976s ]
INFO: [ app_begin ] --END-- [ RunTime:0.001953s ]
SQL: SHOW COLUMNS FROM `shop_order` [ RunTime:0.0059s ]
SQL: SELECT shop_order.order_status FROM `shop_order` GROUP BY shop_order.order_status  [ RunTime:0.0010s ]

[ 2017-12-09T12:36:27+08:00 ] 127.0.0.1 /shop4.2/Admin/Return/return_goods
INFO: [ app_init ] --START--
INFO: Run Behavior\BuildLiteBehavior [ RunTime:0.000000s ]
INFO: [ app_init ] --END-- [ RunTime:0.000976s ]
INFO: [ app_begin ] --START--
INFO: Run Behavior\ReadHtmlCacheBehavior [ RunTime:0.000977s ]
INFO: [ app_begin ] --END-- [ RunTime:0.000977s ]
SQL: SHOW COLUMNS FROM `shop_return` [ RunTime:0.0059s ]
SQL: SELECT `return_id`,`user_id`,`goods_id`,`order_id`,`return_goods_name`,`return_order_sn`,`return_money`,`return_reason`,`createtime` FROM `shop_return` WHERE `order_id` = 91 LIMIT 1   [ RunTime:0.0010s ]
NOTIC: [8] Undefined index: WIDTRtrade_no D:\WampServer\wamp\www\shop4.2\Application\Admin\Controller\ReturnController.class.php 第 27 行.
NOTIC: [8] Undefined index: WIDTRout_request_no D:\WampServer\wamp\www\shop4.2\Application\Admin\Controller\ReturnController.class.php 第 37 行.
SQL: SHOW COLUMNS FROM `shop_order` [ RunTime:0.0049s ]
SQL: UPDATE `shop_order` SET `order_status`='已退款' WHERE `orderId` = 91 [ RunTime:0.0254s ]
INFO: [ app_end ] --START--
INFO: Run Behavior\ShowPageTraceBehavior [ RunTime:0.000976s ]
INFO: [ app_end ] --END-- [ RunTime:0.000976s ]

[ 2017-12-09T12:36:27+08:00 ] 127.0.0.1 /shop4.2/Admin/Order/getList
INFO: [ app_init ] --START--
INFO: Run Behavior\BuildLiteBehavior [ RunTime:0.000000s ]
INFO: [ app_init ] --END-- [ RunTime:0.000977s ]
INFO: [ app_begin ] --START--
INFO: Run Behavior\ReadHtmlCacheBehavior [ RunTime:0.001953s ]
INFO: [ app_begin ] --END-- [ RunTime:0.001953s ]
SQL: SHOW COLUMNS FROM `shop_order` [ RunTime:0.0107s ]
SQL: SELECT shop_order.orderId,shop_order.order_name,shop_order.orderSn,shop_order.create_time,shop_order.unit_price,shop_order.number,shop_order.total_price,shop_order.order_status,shop_order.order_cancel,shop_goods.goodsId,shop_goods.goods_info,shop_goods.goods_name,shop_goods.thumb_path FROM `shop_order` LEFT JOIN shop_goods ON shop_order.goods_id=shop_goods.goodsId  ORDER BY `create_time` DESC LIMIT 0,20   [ RunTime:0.0010s ]
SQL: SELECT COUNT(*) AS tp_count FROM `shop_order` LIMIT 1   [ RunTime:0.0000s ]

[ 2017-12-09T12:36:37+08:00 ] 127.0.0.1 /shop4.2/Admin/Order/getList
INFO: [ app_init ] --START--
INFO: Run Behavior\BuildLiteBehavior [ RunTime:0.000000s ]
INFO: [ app_init ] --END-- [ RunTime:0.000977s ]
INFO: [ app_begin ] --START--
INFO: Run Behavior\ReadHtmlCacheBehavior [ RunTime:0.000976s ]
INFO: [ app_begin ] --END-- [ RunTime:0.000976s ]
SQL: SHOW COLUMNS FROM `shop_order` [ RunTime:0.0371s ]
SQL: SELECT shop_order.orderId,shop_order.order_name,shop_order.orderSn,shop_order.create_time,shop_order.unit_price,shop_order.number,shop_order.total_price,shop_order.order_status,shop_order.order_cancel,shop_goods.goodsId,shop_goods.goods_info,shop_goods.goods_name,shop_goods.thumb_path FROM `shop_order` LEFT JOIN shop_goods ON shop_order.goods_id=shop_goods.goodsId  ORDER BY `create_time` DESC LIMIT 0,20   [ RunTime:0.0010s ]
SQL: SELECT COUNT(*) AS tp_count FROM `shop_order` LIMIT 1   [ RunTime:0.0000s ]

[ 2017-12-09T12:36:40+08:00 ] 127.0.0.1 /shop4.2/Admin/Return/return_goods
INFO: [ app_init ] --START--
INFO: Run Behavior\BuildLiteBehavior [ RunTime:0.000000s ]
INFO: [ app_init ] --END-- [ RunTime:0.000977s ]
INFO: [ app_begin ] --START--
INFO: Run Behavior\ReadHtmlCacheBehavior [ RunTime:0.000976s ]
INFO: [ app_begin ] --END-- [ RunTime:0.000976s ]
SQL: SHOW COLUMNS FROM `shop_return` [ RunTime:0.0078s ]
SQL: SELECT `return_id`,`user_id`,`goods_id`,`order_id`,`return_goods_name`,`return_order_sn`,`return_money`,`return_reason`,`createtime` FROM `shop_return` WHERE `order_id` = 90 LIMIT 1   [ RunTime:0.0010s ]
NOTIC: [8] Undefined index: WIDTRtrade_no D:\WampServer\wamp\www\shop4.2\Application\Admin\Controller\ReturnController.class.php 第 27 行.
NOTIC: [8] Undefined index: WIDTRout_request_no D:\WampServer\wamp\www\shop4.2\Application\Admin\Controller\ReturnController.class.php 第 37 行.
SQL: SHOW COLUMNS FROM `shop_order` [ RunTime:0.0068s ]
SQL: UPDATE `shop_order` SET `order_status`='已退款' WHERE `orderId` = 90 [ RunTime:0.0332s ]
INFO: [ app_end ] --START--
INFO: Run Behavior\ShowPageTraceBehavior [ RunTime:0.000977s ]
INFO: [ app_end ] --END-- [ RunTime:0.000977s ]

[ 2017-12-09T12:36:40+08:00 ] 127.0.0.1 /shop4.2/Admin/Order/getList
INFO: [ app_init ] --START--
INFO: Run Behavior\BuildLiteBehavior [ RunTime:0.000000s ]
INFO: [ app_init ] --END-- [ RunTime:0.000977s ]
INFO: [ app_begin ] --START--
INFO: Run Behavior\ReadHtmlCacheBehavior [ RunTime:0.000977s ]
INFO: [ app_begin ] --END-- [ RunTime:0.000977s ]
SQL: SHOW COLUMNS FROM `shop_order` [ RunTime:0.0068s ]
SQL: SELECT shop_order.orderId,shop_order.order_name,shop_order.orderSn,shop_order.create_time,shop_order.unit_price,shop_order.number,shop_order.total_price,shop_order.order_status,shop_order.order_cancel,shop_goods.goodsId,shop_goods.goods_info,shop_goods.goods_name,shop_goods.thumb_path FROM `shop_order` LEFT JOIN shop_goods ON shop_order.goods_id=shop_goods.goodsId  ORDER BY `create_time` DESC LIMIT 0,20   [ RunTime:0.0020s ]
SQL: SELECT COUNT(*) AS tp_count FROM `shop_order` LIMIT 1   [ RunTime:0.0010s ]

[ 2017-12-09T12:37:11+08:00 ] 127.0.0.1 /shop4.2/Admin/Goods/goods_detail?id=32
INFO: [ app_init ] --START--
INFO: Run Behavior\BuildLiteBehavior [ RunTime:0.000000s ]
INFO: [ app_init ] --END-- [ RunTime:0.000977s ]
INFO: [ app_begin ] --START--
INFO: Run Behavior\ReadHtmlCacheBehavior [ RunTime:0.001953s ]
INFO: [ app_begin ] --END-- [ RunTime:0.001953s ]
SQL: SHOW COLUMNS FROM `shop_goods` [ RunTime:0.0088s ]
SQL: SELECT shop_goods.goodsId,shop_goods.goods_name,shop_goods.img_path,shop_goods.thumb_path,shop_goods.goods_sn,shop_goods.carriage,shop_goods.shop_price,shop_goods.goods_stock,shop_goods.goods_unit,shop_goods.goods_info,shop_goods.goods_classify,shop_goods.goods_status,shop_goods.goods_recommend,shop_goods.goods_competitive,shop_goods.new_product,shop_goods.hot_cakes,shop_goods_extend.goods_describe FROM `shop_goods` LEFT JOIN shop_goods_extend ON shop_goods.goodsId=shop_goods_extend.goodsId  WHERE shop_goods.goodsId = '32' LIMIT 1   [ RunTime:0.0010s ]
NOTIC: [4096] Object of class Admin\Controller\GoodsController could not be converted to string D:\WampServer\wamp\www\shop4.2\Application\Admin\Controller\GoodsController.class.php 第 162 行.
INFO: [ view_parse ] --START--
INFO: [ template_filter ] --START--
INFO: Run Behavior\ContentReplaceBehavior [ RunTime:0.000000s ]
INFO: [ template_filter ] --END-- [ RunTime:0.000977s ]
INFO: Run Behavior\ParseTemplateBehavior [ RunTime:0.022461s ]
INFO: [ view_parse ] --END-- [ RunTime:0.024414s ]
INFO: [ view_filter ] --START--
INFO: Run Behavior\WriteHtmlCacheBehavior [ RunTime:0.004883s ]
INFO: [ view_filter ] --END-- [ RunTime:0.004883s ]
INFO: [ app_end ] --START--
INFO: Run Behavior\ShowPageTraceBehavior [ RunTime:0.003906s ]
INFO: [ app_end ] --END-- [ RunTime:0.004883s ]

[ 2017-12-09T12:41:17+08:00 ] 127.0.0.1 /shop4.2/Admin/Order/getList
INFO: [ app_init ] --START--
INFO: Run Behavior\BuildLiteBehavior [ RunTime:0.000000s ]
INFO: [ app_init ] --END-- [ RunTime:0.000977s ]
INFO: [ app_begin ] --START--
INFO: Run Behavior\ReadHtmlCacheBehavior [ RunTime:0.000977s ]
INFO: [ app_begin ] --END-- [ RunTime:0.001953s ]
SQL: SHOW COLUMNS FROM `shop_order` [ RunTime:0.0049s ]
SQL: SELECT shop_order.orderId,shop_order.order_name,shop_order.orderSn,shop_order.create_time,shop_order.unit_price,shop_order.number,shop_order.total_price,shop_order.order_status,shop_order.order_cancel,shop_goods.goodsId,shop_goods.goods_info,shop_goods.goods_name,shop_goods.thumb_path FROM `shop_order` LEFT JOIN shop_goods ON shop_order.goods_id=shop_goods.goodsId  ORDER BY `create_time` DESC LIMIT 0,20   [ RunTime:0.0010s ]
SQL: SELECT COUNT(*) AS tp_count FROM `shop_order` LIMIT 1   [ RunTime:0.0000s ]

[ 2017-12-09T12:41:36+08:00 ] 127.0.0.1 /shop4.2/Admin/Order/receive
INFO: [ app_init ] --START--
INFO: Run Behavior\BuildLiteBehavior [ RunTime:0.000000s ]
INFO: [ app_init ] --END-- [ RunTime:0.000976s ]
INFO: [ app_begin ] --START--
INFO: Run Behavior\ReadHtmlCacheBehavior [ RunTime:0.000977s ]
INFO: [ app_begin ] --END-- [ RunTime:0.000977s ]
SQL: SHOW COLUMNS FROM `shop_order` [ RunTime:0.0049s ]
SQL: UPDATE `shop_order` SET `order_status`='已受理' WHERE `orderId` = 94 [ RunTime:0.0420s ]
INFO: [ app_end ] --START--
INFO: Run Behavior\ShowPageTraceBehavior [ RunTime:0.000977s ]
INFO: [ app_end ] --END-- [ RunTime:0.000977s ]

[ 2017-12-09T12:41:36+08:00 ] 127.0.0.1 /shop4.2/Admin/Order/getList
INFO: [ app_init ] --START--
INFO: Run Behavior\BuildLiteBehavior [ RunTime:0.000000s ]
INFO: [ app_init ] --END-- [ RunTime:0.000976s ]
INFO: [ app_begin ] --START--
INFO: Run Behavior\ReadHtmlCacheBehavior [ RunTime:0.000977s ]
INFO: [ app_begin ] --END-- [ RunTime:0.001953s ]
SQL: SHOW COLUMNS FROM `shop_order` [ RunTime:0.0078s ]
SQL: SELECT shop_order.orderId,shop_order.order_name,shop_order.orderSn,shop_order.create_time,shop_order.unit_price,shop_order.number,shop_order.total_price,shop_order.order_status,shop_order.order_cancel,shop_goods.goodsId,shop_goods.goods_info,shop_goods.goods_name,shop_goods.thumb_path FROM `shop_order` LEFT JOIN shop_goods ON shop_order.goods_id=shop_goods.goodsId  ORDER BY `create_time` DESC LIMIT 0,20   [ RunTime:0.0029s ]
SQL: SELECT COUNT(*) AS tp_count FROM `shop_order` LIMIT 1   [ RunTime:0.0020s ]

[ 2017-12-09T12:42:11+08:00 ] 127.0.0.1 /shop4.2/Admin/Order/getList
INFO: [ app_init ] --START--
INFO: Run Behavior\BuildLiteBehavior [ RunTime:0.000000s ]
INFO: [ app_init ] --END-- [ RunTime:0.000977s ]
INFO: [ app_begin ] --START--
INFO: Run Behavior\ReadHtmlCacheBehavior [ RunTime:0.001953s ]
INFO: [ app_begin ] --END-- [ RunTime:0.001953s ]
SQL: SHOW COLUMNS FROM `shop_order` [ RunTime:0.0049s ]
SQL: SELECT shop_order.orderId,shop_order.order_name,shop_order.orderSn,shop_order.create_time,shop_order.unit_price,shop_order.number,shop_order.total_price,shop_order.order_status,shop_order.order_cancel,shop_goods.goodsId,shop_goods.goods_info,shop_goods.goods_name,shop_goods.thumb_path FROM `shop_order` LEFT JOIN shop_goods ON shop_order.goods_id=shop_goods.goodsId  ORDER BY `create_time` DESC LIMIT 0,20   [ RunTime:0.0010s ]
SQL: SELECT COUNT(*) AS tp_count FROM `shop_order` LIMIT 1   [ RunTime:0.0010s ]

[ 2017-12-09T14:51:23+08:00 ] 127.0.0.1 /shop4.2/admin
INFO: [ app_init ] --START--
INFO: Run Behavior\BuildLiteBehavior [ RunTime:0.000000s ]
INFO: [ app_init ] --END-- [ RunTime:0.000976s ]
INFO: [ app_begin ] --START--
INFO: Run Behavior\ReadHtmlCacheBehavior [ RunTime:0.001953s ]
INFO: [ app_begin ] --END-- [ RunTime:0.001953s ]
INFO: [ view_parse ] --START--
INFO: [ template_filter ] --START--
INFO: Run Behavior\ContentReplaceBehavior [ RunTime:0.000977s ]
INFO: [ template_filter ] --END-- [ RunTime:0.000977s ]
SQL: SHOW COLUMNS FROM `shop_auth_group_access` [ RunTime:0.0049s ]
SQL: SELECT `uid`,`group_id`,`title`,`rules` FROM shop_auth_group_access a INNER JOIN shop_auth_group g on a.group_id=g.id  WHERE ( a.uid='2' and g.status='1' )  [ RunTime:0.0000s ]
SQL: SHOW COLUMNS FROM `shop_auth_rule` [ RunTime:0.0049s ]
SQL: SELECT `condition`,`name` FROM `shop_auth_rule` WHERE `id` IN ('1','2','3','4','5') AND `type` = 1 AND `status` = 1  [ RunTime:0.0010s ]
INFO: Run Behavior\ParseTemplateBehavior [ RunTime:0.046875s ]
INFO: [ view_parse ] --END-- [ RunTime:0.047851s ]
INFO: [ view_filter ] --START--
INFO: Run Behavior\WriteHtmlCacheBehavior [ RunTime:0.000000s ]
INFO: [ view_filter ] --END-- [ RunTime:0.001953s ]
INFO: [ app_end ] --START--
INFO: Run Behavior\ShowPageTraceBehavior [ RunTime:0.001953s ]
INFO: [ app_end ] --END-- [ RunTime:0.001953s ]

[ 2017-12-09T14:51:26+08:00 ] 127.0.0.1 /shop4.2/Admin/Goods/index?_=1512802284280
INFO: [ app_init ] --START--
INFO: Run Behavior\BuildLiteBehavior [ RunTime:0.000000s ]
INFO: [ app_init ] --END-- [ RunTime:0.000977s ]
INFO: [ app_begin ] --START--
INFO: Run Behavior\ReadHtmlCacheBehavior [ RunTime:0.000976s ]
INFO: [ app_begin ] --END-- [ RunTime:0.000976s ]
INFO: [ view_parse ] --START--
INFO: [ template_filter ] --START--
INFO: Run Behavior\ContentReplaceBehavior [ RunTime:0.000000s ]
INFO: [ template_filter ] --END-- [ RunTime:0.000976s ]
INFO: Run Behavior\ParseTemplateBehavior [ RunTime:0.017578s ]
INFO: [ view_parse ] --END-- [ RunTime:0.018555s ]
INFO: [ view_filter ] --START--
INFO: Run Behavior\WriteHtmlCacheBehavior [ RunTime:0.000977s ]
INFO: [ view_filter ] --END-- [ RunTime:0.000977s ]
INFO: [ app_end ] --START--
INFO: Run Behavior\ShowPageTraceBehavior [ RunTime:0.000977s ]
INFO: [ app_end ] --END-- [ RunTime:0.001953s ]

[ 2017-12-09T14:51:29+08:00 ] 127.0.0.1 /shop4.2/Admin/Goods/getList
INFO: [ app_init ] --START--
INFO: Run Behavior\BuildLiteBehavior [ RunTime:0.000000s ]
INFO: [ app_init ] --END-- [ RunTime:0.000977s ]
INFO: [ app_begin ] --START--
INFO: Run Behavior\ReadHtmlCacheBehavior [ RunTime:0.000977s ]
INFO: [ app_begin ] --END-- [ RunTime:0.000977s ]
SQL: SHOW COLUMNS FROM `shop_goods` [ RunTime:0.0068s ]
SQL: SELECT `goodsId`,`goods_name`,`goods_sn`,`shop_price`,`goods_recommend`,`goods_competitive`,`goods_status`,`new_product`,`goods_stock`,`goods_info`,`hot_cakes`,`img_path`,`thumb_path`,`create_time` FROM `shop_goods` ORDER BY `create_time` DESC LIMIT 0,20   [ RunTime:0.0010s ]
SQL: SELECT COUNT(*) AS tp_count FROM `shop_goods` LIMIT 1   [ RunTime:0.0000s ]

[ 2017-12-09T14:51:29+08:00 ] 127.0.0.1 /shop4.2/Admin/Goods/getList
INFO: [ app_init ] --START--
INFO: Run Behavior\BuildLiteBehavior [ RunTime:0.000000s ]
INFO: [ app_init ] --END-- [ RunTime:0.001953s ]
INFO: [ app_begin ] --START--
INFO: Run Behavior\ReadHtmlCacheBehavior [ RunTime:0.000977s ]
INFO: [ app_begin ] --END-- [ RunTime:0.001954s ]
SQL: SHOW COLUMNS FROM `shop_goods` [ RunTime:0.0059s ]
SQL: SELECT `goods_status` FROM `shop_goods` GROUP BY goods_status  [ RunTime:0.0010s ]

[ 2017-12-09T14:51:34+08:00 ] 127.0.0.1 /shop4.2/Admin/Order/index?_=1512802284286
INFO: [ app_init ] --START--
INFO: Run Behavior\BuildLiteBehavior [ RunTime:0.000000s ]
INFO: [ app_init ] --END-- [ RunTime:0.000976s ]
INFO: [ app_begin ] --START--
INFO: Run Behavior\ReadHtmlCacheBehavior [ RunTime:0.000977s ]
INFO: [ app_begin ] --END-- [ RunTime:0.000977s ]
INFO: [ view_parse ] --START--
INFO: [ template_filter ] --START--
INFO: Run Behavior\ContentReplaceBehavior [ RunTime:0.000000s ]
INFO: [ template_filter ] --END-- [ RunTime:0.000000s ]
INFO: Run Behavior\ParseTemplateBehavior [ RunTime:0.012695s ]
INFO: [ view_parse ] --END-- [ RunTime:0.012695s ]
INFO: [ view_filter ] --START--
INFO: Run Behavior\WriteHtmlCacheBehavior [ RunTime:0.000977s ]
INFO: [ view_filter ] --END-- [ RunTime:0.001953s ]
INFO: [ app_end ] --START--
INFO: Run Behavior\ShowPageTraceBehavior [ RunTime:0.001954s ]
INFO: [ app_end ] --END-- [ RunTime:0.001954s ]

[ 2017-12-09T14:51:34+08:00 ] 127.0.0.1 /shop4.2/Admin/Order/getList
INFO: [ app_init ] --START--
INFO: Run Behavior\BuildLiteBehavior [ RunTime:0.000000s ]
INFO: [ app_init ] --END-- [ RunTime:0.000977s ]
INFO: [ app_begin ] --START--
INFO: Run Behavior\ReadHtmlCacheBehavior [ RunTime:0.000976s ]
INFO: [ app_begin ] --END-- [ RunTime:0.001953s ]
SQL: SHOW COLUMNS FROM `shop_order` [ RunTime:0.0078s ]
SQL: SELECT shop_order.orderId,shop_order.order_name,shop_order.orderSn,shop_order.create_time,shop_order.unit_price,shop_order.number,shop_order.total_price,shop_order.order_status,shop_order.order_cancel,shop_goods.goodsId,shop_goods.goods_info,shop_goods.goods_name,shop_goods.thumb_path FROM `shop_order` LEFT JOIN shop_goods ON shop_order.goods_id=shop_goods.goodsId  ORDER BY `create_time` DESC LIMIT 0,20   [ RunTime:0.0010s ]
SQL: SELECT COUNT(*) AS tp_count FROM `shop_order` LIMIT 1   [ RunTime:0.0010s ]

[ 2017-12-09T14:51:34+08:00 ] 127.0.0.1 /shop4.2/Admin/Order/getList
INFO: [ app_init ] --START--
INFO: Run Behavior\BuildLiteBehavior [ RunTime:0.000000s ]
INFO: [ app_init ] --END-- [ RunTime:0.002930s ]
INFO: [ app_begin ] --START--
INFO: Run Behavior\ReadHtmlCacheBehavior [ RunTime:0.000976s ]
INFO: [ app_begin ] --END-- [ RunTime:0.000976s ]
SQL: SHOW COLUMNS FROM `shop_order` [ RunTime:0.0068s ]
SQL: SELECT shop_order.order_status FROM `shop_order` GROUP BY shop_order.order_status  [ RunTime:0.0010s ]

[ 2017-12-09T14:51:34+08:00 ] 127.0.0.1 /shop4.2/Admin/Order/getList
INFO: [ app_init ] --START--
INFO: Run Behavior\BuildLiteBehavior [ RunTime:0.000000s ]
INFO: [ app_init ] --END-- [ RunTime:0.001953s ]
INFO: [ app_begin ] --START--
INFO: Run Behavior\ReadHtmlCacheBehavior [ RunTime:0.001953s ]
INFO: [ app_begin ] --END-- [ RunTime:0.002930s ]
SQL: SHOW COLUMNS FROM `shop_order` [ RunTime:0.0068s ]
SQL: SELECT shop_order.order_cancel FROM `shop_order` GROUP BY shop_order.order_cancel  [ RunTime:0.0010s ]

[ 2017-12-09T14:51:37+08:00 ] 127.0.0.1 /shop4.2/Admin/User/index?_=1512802284289
INFO: [ app_init ] --START--
INFO: Run Behavior\BuildLiteBehavior [ RunTime:0.000000s ]
INFO: [ app_init ] --END-- [ RunTime:0.000976s ]
INFO: [ app_begin ] --START--
INFO: Run Behavior\ReadHtmlCacheBehavior [ RunTime:0.000976s ]
INFO: [ app_begin ] --END-- [ RunTime:0.001953s ]
INFO: [ view_parse ] --START--
INFO: [ template_filter ] --START--
INFO: Run Behavior\ContentReplaceBehavior [ RunTime:0.000000s ]
INFO: [ template_filter ] --END-- [ RunTime:0.000000s ]
SQL: SHOW COLUMNS FROM `shop_auth_group_access` [ RunTime:0.0059s ]
SQL: SELECT `uid`,`group_id`,`title`,`rules` FROM shop_auth_group_access a INNER JOIN shop_auth_group g on a.group_id=g.id  WHERE ( a.uid='2' and g.status='1' )  [ RunTime:0.0010s ]
SQL: SHOW COLUMNS FROM `shop_auth_rule` [ RunTime:0.0078s ]
SQL: SELECT `condition`,`name` FROM `shop_auth_rule` WHERE `id` IN ('1','2','3','4','5') AND `type` = 1 AND `status` = 1  [ RunTime:0.0010s ]
INFO: Run Behavior\ParseTemplateBehavior [ RunTime:0.047852s ]
INFO: [ view_parse ] --END-- [ RunTime:0.047852s ]
INFO: [ view_filter ] --START--
INFO: Run Behavior\WriteHtmlCacheBehavior [ RunTime:0.000977s ]
INFO: [ view_filter ] --END-- [ RunTime:0.000977s ]
INFO: [ app_end ] --START--
INFO: Run Behavior\ShowPageTraceBehavior [ RunTime:0.001953s ]
INFO: [ app_end ] --END-- [ RunTime:0.001953s ]

[ 2017-12-09T14:51:38+08:00 ] 127.0.0.1 /shop4.2/Admin/User/getList
INFO: [ app_init ] --START--
INFO: Run Behavior\BuildLiteBehavior [ RunTime:0.000000s ]
INFO: [ app_init ] --END-- [ RunTime:0.000976s ]
INFO: [ app_begin ] --START--
INFO: Run Behavior\ReadHtmlCacheBehavior [ RunTime:0.000977s ]
INFO: [ app_begin ] --END-- [ RunTime:0.000977s ]
SQL: SHOW COLUMNS FROM `shop_user` [ RunTime:0.0068s ]
SQL: SELECT `id`,`accounts`,`last_login_time`,`last_login_ip`,`login_count`,`state`,`create_time` FROM `shop_user` ORDER BY `create_time` DESC LIMIT 0,20   [ RunTime:0.0010s ]
SQL: SELECT COUNT(*) AS tp_count FROM `shop_user` LIMIT 1   [ RunTime:0.0010s ]

[ 2017-12-09T14:54:09+08:00 ] 127.0.0.1 /shop4.2/Admin/User/getList
INFO: [ app_init ] --START--
INFO: Run Behavior\BuildLiteBehavior [ RunTime:0.000000s ]
INFO: [ app_init ] --END-- [ RunTime:0.000977s ]
INFO: [ app_begin ] --START--
INFO: Run Behavior\ReadHtmlCacheBehavior [ RunTime:0.001954s ]
INFO: [ app_begin ] --END-- [ RunTime:0.001954s ]
SQL: SHOW COLUMNS FROM `shop_user` [ RunTime:0.0059s ]
SQL: SELECT `id`,`accounts`,`last_login_time`,`last_login_ip`,`login_count`,`state`,`create_time` FROM `shop_user` ORDER BY `create_time` DESC LIMIT 0,20   [ RunTime:0.0010s ]
SQL: SELECT COUNT(*) AS tp_count FROM `shop_user` LIMIT 1   [ RunTime:0.0010s ]

